#
# There is insufficient memory for the Java Runtime Environment to continue.
# Native memory allocation (mmap) failed to map 125829120 bytes for Failed to commit area from 0x0000000092a00000 to 0x000000009a200000 of length 125829120.
# Possible reasons:
#   The system is out of physical RAM or swap space
#   The process is running with CompressedOops enabled, and the Java Heap may be blocking the growth of the native heap
# Possible solutions:
#   Reduce memory load on the system
#   Increase physical memory or swap space
#   Check if swap backing store is full
#   Decrease Java heap size (-Xmx/-Xms)
#   Decrease number of Java threads
#   Decrease Java thread stack sizes (-Xss)
#   Set larger code cache with -XX:ReservedCodeCacheSize=
#   JVM is running with Unscaled Compressed Oops mode in which the Java heap is
#     placed in the first 4GB address space. The Java Heap base address is the
#     maximum limit for the native heap growth. Please use -XX:HeapBaseMinAddress
#     to set the Java Heap base and to place the Java Heap above 4GB virtual address.
# This output file may be truncated or incomplete.
#
#  Out of Memory Error (./src/hotspot/os/windows/os_windows.cpp:3301), pid=9660, tid=14800
#
# JRE version: OpenJDK Runtime Environment (11.0.11+9) (build 11.0.11+9-b60-7590822)
# Java VM: OpenJDK 64-Bit Server VM (11.0.11+9-b60-7590822, mixed mode, tiered, compressed oops, g1 gc, windows-amd64)
# No core dump will be written. Minidumps are not enabled by default on client versions of Windows
#

---------------  S U M M A R Y ------------

Command Line: --add-opens=java.base/java.util=ALL-UNNAMED --add-opens=java.base/java.lang=ALL-UNNAMED --add-opens=java.base/java.lang.invoke=ALL-UNNAMED --add-opens=java.base/java.util=ALL-UNNAMED --add-opens=java.prefs/java.util.prefs=ALL-UNNAMED --add-opens=java.prefs/java.util.prefs=ALL-UNNAMED --add-opens=java.base/java.nio.charset=ALL-UNNAMED --add-opens=java.base/java.net=ALL-UNNAMED --add-opens=java.base/java.util.concurrent.atomic=ALL-UNNAMED -Xmx2048m -Dfile.encoding=UTF-8 -Duser.country=CN -Duser.language=zh -Duser.variant org.gradle.launcher.daemon.bootstrap.GradleDaemon 7.0.2

Host: Intel(R) Core(TM) i5-9400 CPU @ 2.90GHz, 6 cores, 15G,  Windows 10 , 64 bit Build 19041 (10.0.19041.1151)
Time: Wed Jun 15 15:31:05 2022 中国标准时间 elapsed time: 34.387049 seconds (0d 0h 0m 34s)

---------------  T H R E A D  ---------------

Current thread (0x000001261374e800):  VMThread "VM Thread" [stack: 0x000000186a600000,0x000000186a700000] [id=14800]

Stack: [0x000000186a600000,0x000000186a700000]
[error occurred during error reporting (printing stack bounds), id 0xc0000005, EXCEPTION_ACCESS_VIOLATION (0xc0000005) at pc=0x0000012600000f2d]

Native frames: (J=compiled Java code, j=interpreted, Vv=VM code, C=native code)
V  [jvm.dll+0x5f214a]
V  [jvm.dll+0x726fb5]
V  [jvm.dll+0x7285cd]
V  [jvm.dll+0x728be5]
V  [jvm.dll+0x728b9b]
V  [jvm.dll+0x5f14e8]
V  [jvm.dll+0x5f1c78]
C  [ntdll.dll+0xa217f]
C  [ntdll.dll+0x51454]
C  [ntdll.dll+0xa0cae]
C  0x0000012600000f2d

VM_Operation (0x000000186f1fd640): G1CollectForAllocation, mode: safepoint, requested by thread 0x000001261cbe6000


---------------  P R O C E S S  ---------------

Threads class SMR info:
_java_thread_list=0x000001261da6bc10, length=70, elements={
0x00000126796c0000, 0x0000012613f77800, 0x0000012613f78800, 0x0000012613f98800,
0x0000012613f99800, 0x0000012613fec000, 0x0000012613ff1800, 0x0000012613ff5800,
0x0000012613ffe800, 0x0000012614177000, 0x00000126169be800, 0x0000012615a52800,
0x00000126156c7800, 0x0000012615582800, 0x000001261555a000, 0x0000012615a5f800,
0x0000012615ead000, 0x00000126162a6000, 0x00000126167d7800, 0x0000012616a00800,
0x00000126169ff800, 0x0000012616a01800, 0x00000126169fd800, 0x00000126169fb800,
0x0000012616a02000, 0x00000126169fe000, 0x00000126169fc800, 0x00000126169ff000,
0x000001261795e800, 0x0000012617960000, 0x000001261795f800, 0x000001261795a800,
0x000001261795d000, 0x0000012617962000, 0x000001261795c000, 0x0000012617963800,
0x0000012617962800, 0x000001261795d800, 0x0000012617965000, 0x0000012617966000,
0x0000012617964000, 0x0000012617968800, 0x0000012617966800, 0x0000012617967800,
0x0000012617969000, 0x000001261b5cc000, 0x000001261b5d2800, 0x000001261b5cc800,
0x000001261b5d3000, 0x000001261b5cf000, 0x000001261b5d0800, 0x000001261b5d1800,
0x000001261b5d0000, 0x000001261b5cd800, 0x000001261b5d6800, 0x000001261b5d9000,
0x000001261b5d9800, 0x000001261b5d7000, 0x000001261b5d4000, 0x00000126143f4000,
0x000001261b5d8000, 0x000001261b5da800, 0x000001261b5d5000, 0x000001261b5d5800,
0x000001261cbe6000, 0x000001261cbe4000, 0x000001261cbe8800, 0x000001261cbe6800,
0x000001261cbe7800, 0x000001261cbe5000
}

Java Threads: ( => current thread )
  0x00000126796c0000 JavaThread "main" [_thread_blocked, id=15152, stack(0x000000186a000000,0x000000186a100000)]
  0x0000012613f77800 JavaThread "Reference Handler" daemon [_thread_blocked, id=8612, stack(0x000000186a700000,0x000000186a800000)]
  0x0000012613f78800 JavaThread "Finalizer" daemon [_thread_blocked, id=10032, stack(0x000000186a800000,0x000000186a900000)]
  0x0000012613f98800 JavaThread "Signal Dispatcher" daemon [_thread_blocked, id=14444, stack(0x000000186a900000,0x000000186aa00000)]
  0x0000012613f99800 JavaThread "Attach Listener" daemon [_thread_blocked, id=15548, stack(0x000000186aa00000,0x000000186ab00000)]
  0x0000012613fec000 JavaThread "Service Thread" daemon [_thread_blocked, id=7236, stack(0x000000186ab00000,0x000000186ac00000)]
  0x0000012613ff1800 JavaThread "C2 CompilerThread0" daemon [_thread_blocked, id=12096, stack(0x000000186ac00000,0x000000186ad00000)]
  0x0000012613ff5800 JavaThread "C1 CompilerThread0" daemon [_thread_blocked, id=7492, stack(0x000000186ad00000,0x000000186ae00000)]
  0x0000012613ffe800 JavaThread "Sweeper thread" daemon [_thread_blocked, id=14952, stack(0x000000186ae00000,0x000000186af00000)]
  0x0000012614177000 JavaThread "Common-Cleaner" daemon [_thread_blocked, id=14480, stack(0x000000186af00000,0x000000186b000000)]
  0x00000126169be800 JavaThread "Daemon health stats" [_thread_blocked, id=11424, stack(0x000000186b600000,0x000000186b700000)]
  0x0000012615a52800 JavaThread "Incoming local TCP Connector on port 65012" [_thread_in_native, id=15584, stack(0x000000186b700000,0x000000186b800000)]
  0x00000126156c7800 JavaThread "Daemon periodic checks" [_thread_blocked, id=14020, stack(0x000000186b800000,0x000000186b900000)]
  0x0000012615582800 JavaThread "Daemon" [_thread_blocked, id=2720, stack(0x000000186b900000,0x000000186ba00000)]
  0x000001261555a000 JavaThread "Handler for socket connection from /127.0.0.1:65012 to /127.0.0.1:65013" [_thread_in_native, id=15988, stack(0x000000186ba00000,0x000000186bb00000)]
  0x0000012615a5f800 JavaThread "Cancel handler" [_thread_blocked, id=13668, stack(0x000000186bb00000,0x000000186bc00000)]
  0x0000012615ead000 JavaThread "Daemon worker" [_thread_blocked, id=15108, stack(0x000000186bc00000,0x000000186bd00000)]
  0x00000126162a6000 JavaThread "Asynchronous log dispatcher for DefaultDaemonConnection: socket connection from /127.0.0.1:65012 to /127.0.0.1:65013" [_thread_blocked, id=12340, stack(0x000000186bd00000,0x000000186be00000)]
  0x00000126167d7800 JavaThread "Stdin handler" [_thread_blocked, id=7244, stack(0x000000186be00000,0x000000186bf00000)]
  0x0000012616a00800 JavaThread "Daemon client event forwarder" [_thread_blocked, id=15944, stack(0x000000186bf00000,0x000000186c000000)]
  0x00000126169ff800 JavaThread "Cache worker for file hash cache (C:\Users\JDKJ\.gradle\caches\7.0.2\fileHashes)" [_thread_blocked, id=6252, stack(0x000000186c000000,0x000000186c100000)]
  0x0000012616a01800 JavaThread "File lock request listener" [_thread_in_native, id=8404, stack(0x000000186c100000,0x000000186c200000)]
  0x00000126169fd800 JavaThread "Cache worker for journal cache (C:\Users\JDKJ\.gradle\caches\journal-1)" [_thread_blocked, id=8664, stack(0x000000186c400000,0x000000186c500000)]
  0x00000126169fb800 JavaThread "Cache worker for file hash cache (C:\Users\JDKJ\Desktop\demo\demo\demo\.gradle\7.0.2\fileHashes)" [_thread_blocked, id=2672, stack(0x000000186c500000,0x000000186c600000)]
  0x0000012616a02000 JavaThread "File watcher server" daemon [_thread_blocked, id=15464, stack(0x000000186c600000,0x000000186c700000)]
  0x00000126169fe000 JavaThread "File watcher consumer" daemon [_thread_blocked, id=14440, stack(0x000000186c700000,0x000000186c800000)]
  0x00000126169fc800 JavaThread "Cache worker for checksums cache (C:\Users\JDKJ\Desktop\demo\demo\demo\.gradle\checksums)" [_thread_blocked, id=12584, stack(0x000000186c800000,0x000000186c900000)]
  0x00000126169ff000 JavaThread "Cache worker for cache directory md-supplier (C:\Users\JDKJ\.gradle\caches\7.0.2\md-supplier)" [_thread_blocked, id=8648, stack(0x000000186c900000,0x000000186ca00000)]
  0x000001261795e800 JavaThread "Cache worker for cache directory md-rule (C:\Users\JDKJ\.gradle\caches\7.0.2\md-rule)" [_thread_blocked, id=8920, stack(0x000000186ca00000,0x000000186cb00000)]
  0x0000012617960000 JavaThread "Cache worker for execution history cache (C:\Users\JDKJ\.gradle\caches\7.0.2\executionHistory)" [_thread_blocked, id=15516, stack(0x000000186cb00000,0x000000186cc00000)]
  0x000001261795f800 JavaThread "jar transforms" [_thread_blocked, id=11832, stack(0x000000186cc00000,0x000000186cd00000)]
  0x000001261795a800 JavaThread "jar transforms Thread 2" [_thread_blocked, id=15756, stack(0x000000186cd00000,0x000000186ce00000)]
  0x000001261795d000 JavaThread "Cache worker for file content cache (C:\Users\JDKJ\.gradle\caches\7.0.2\fileContent)" [_thread_blocked, id=14508, stack(0x000000186ce00000,0x000000186cf00000)]
  0x0000012617962000 JavaThread "Cache worker for dependencies-accessors (C:\Users\JDKJ\Desktop\demo\demo\demo\.gradle\7.0.2\dependencies-accessors)" [_thread_blocked, id=3636, stack(0x000000186cf00000,0x000000186d000000)]
  0x000001261795c000 JavaThread "jar transforms Thread 3" [_thread_blocked, id=16160, stack(0x000000186d000000,0x000000186d100000)]
  0x0000012617963800 JavaThread "Cache worker for Build Output Cleanup Cache (C:\Users\JDKJ\Desktop\demo\demo\demo\.gradle\buildOutputCleanup)" [_thread_blocked, id=16076, stack(0x000000186d100000,0x000000186d200000)]
  0x0000012617962800 JavaThread "Build operations" [_thread_blocked, id=10580, stack(0x000000186d200000,0x000000186d300000)]
  0x000001261795d800 JavaThread "Build operations Thread 2" [_thread_blocked, id=6844, stack(0x000000186d300000,0x000000186d400000)]
  0x0000012617965000 JavaThread "Build operations Thread 3" [_thread_blocked, id=9324, stack(0x000000186d400000,0x000000186d500000)]
  0x0000012617966000 JavaThread "Build operations Thread 4" [_thread_blocked, id=5488, stack(0x000000186d500000,0x000000186d600000)]
  0x0000012617964000 JavaThread "Build operations Thread 5" [_thread_blocked, id=11884, stack(0x000000186d600000,0x000000186d700000)]
  0x0000012617968800 JavaThread "Build operations Thread 6" [_thread_blocked, id=10764, stack(0x000000186d700000,0x000000186d800000)]
  0x0000012617966800 JavaThread "jar transforms Thread 4" [_thread_blocked, id=15408, stack(0x000000186d800000,0x000000186d900000)]
  0x0000012617967800 JavaThread "jar transforms Thread 5" [_thread_blocked, id=14768, stack(0x000000186d900000,0x000000186da00000)]
  0x0000012617969000 JavaThread "jar transforms Thread 6" [_thread_blocked, id=14700, stack(0x000000186da00000,0x000000186db00000)]
  0x000001261b5cc000 JavaThread "Memory manager" [_thread_blocked, id=8244, stack(0x000000186de00000,0x000000186df00000)]
  0x000001261b5d2800 JavaThread "build event listener" [_thread_blocked, id=8640, stack(0x000000186df00000,0x000000186e000000)]
  0x000001261b5cc800 JavaThread "build event listener" [_thread_blocked, id=12804, stack(0x000000186e000000,0x000000186e100000)]
  0x000001261b5d3000 JavaThread "Execution worker for ':'" [_thread_blocked, id=11604, stack(0x000000186e100000,0x000000186e200000)]
  0x000001261b5cf000 JavaThread "Execution worker for ':' Thread 2" [_thread_blocked, id=11360, stack(0x000000186e200000,0x000000186e300000)]
  0x000001261b5d0800 JavaThread "Execution worker for ':' Thread 3" [_thread_blocked, id=14688, stack(0x000000186e300000,0x000000186e400000)]
  0x000001261b5d1800 JavaThread "Execution worker for ':' Thread 4" [_thread_blocked, id=11960, stack(0x000000186e400000,0x000000186e500000)]
  0x000001261b5d0000 JavaThread "Execution worker for ':' Thread 5" [_thread_blocked, id=12472, stack(0x000000186e500000,0x000000186e600000)]
  0x000001261b5cd800 JavaThread "Cache worker for execution history cache (C:\Users\JDKJ\Desktop\demo\demo\demo\.gradle\7.0.2\executionHistory)" [_thread_blocked, id=13068, stack(0x000000186e600000,0x000000186e700000)]
  0x000001261b5d6800 JavaThread "RMI Scheduler(0)" daemon [_thread_blocked, id=12112, stack(0x000000186b100000,0x000000186b200000)]
  0x000001261b5d9000 JavaThread "RMI GC Daemon" daemon [_thread_blocked, id=6004, stack(0x000000186e800000,0x000000186e900000)]
  0x000001261b5d9800 JavaThread "RMI TCP Accept-0" daemon [_thread_in_native, id=7076, stack(0x000000186ea00000,0x000000186eb00000)]
  0x000001261b5d7000 JavaThread "RMI Reaper" [_thread_blocked, id=14944, stack(0x000000186eb00000,0x000000186ec00000)]
  0x000001261b5d4000 JavaThread "RMI TCP Connection(1)-127.0.0.1" daemon [_thread_in_native, id=13772, stack(0x000000186ec00000,0x000000186ed00000)]
  0x00000126143f4000 JavaThread "C2 CompilerThread1" daemon [_thread_blocked, id=1912, stack(0x0000001869f00000,0x000000186a000000)]
  0x000001261b5d8000 JavaThread "WorkerExecutor Queue" [_thread_blocked, id=13560, stack(0x000000186e700000,0x000000186e800000)]
  0x000001261b5da800 JavaThread "WorkerExecutor Queue Thread 2" [_thread_blocked, id=14588, stack(0x000000186ee00000,0x000000186ef00000)]
  0x000001261b5d5000 JavaThread "WorkerExecutor Queue Thread 3" [_thread_blocked, id=9368, stack(0x000000186ef00000,0x000000186f000000)]
  0x000001261b5d5800 JavaThread "WorkerExecutor Queue Thread 4" [_thread_blocked, id=15908, stack(0x000000186f000000,0x000000186f100000)]
  0x000001261cbe6000 JavaThread "ForkJoinPool-1-worker-3" daemon [_thread_blocked, id=14200, stack(0x000000186f100000,0x000000186f200000)]
  0x000001261cbe4000 JavaThread "ForkJoinPool-1-worker-5" daemon [_thread_blocked, id=12860, stack(0x000000186f200000,0x000000186f300000)]
  0x000001261cbe8800 JavaThread "ForkJoinPool-1-worker-7" daemon [_thread_blocked, id=10144, stack(0x000000186f300000,0x000000186f400000)]
  0x000001261cbe6800 JavaThread "ForkJoinPool-1-worker-9" daemon [_thread_blocked, id=14852, stack(0x000000186f400000,0x000000186f500000)]
  0x000001261cbe7800 JavaThread "ForkJoinPool-1-worker-11" daemon [_thread_blocked, id=14528, stack(0x000000186f500000,0x000000186f600000)]
  0x000001261cbe5000 JavaThread "ForkJoinPool-1-worker-13" daemon [_thread_blocked, id=5172, stack(0x000000186f600000,0x000000186f700000)]

Other Threads:
=>0x000001261374e800 VMThread "VM Thread" [stack: 0x000000186a600000,0x000000186a700000] [id=14800]
  0x0000012614187800 WatcherThread [stack: 0x000000186b000000,0x000000186b100000] [id=15700]
  0x00000126796d7800 GCTaskThread "GC Thread#0" [stack: 0x000000186a100000,0x000000186a200000] [id=3120]
  0x0000012614a7d800 GCTaskThread "GC Thread#1" [stack: 0x000000186b200000,0x000000186b300000] [id=5344]
  0x00000126149f8000 GCTaskThread "GC Thread#2" [stack: 0x000000186b300000,0x000000186b400000] [id=14996]
  0x0000012614e63000 GCTaskThread "GC Thread#3" [stack: 0x000000186b400000,0x000000186b500000] [id=11740]
  0x0000012614d69000 GCTaskThread "GC Thread#4" [stack: 0x000000186b500000,0x000000186b600000] [id=9384]
  0x0000012615ee6000 GCTaskThread "GC Thread#5" [stack: 0x000000186c200000,0x000000186c300000] [id=15356]
  0x000001267970a800 ConcurrentGCThread "G1 Main Marker" [stack: 0x000000186a200000,0x000000186a300000] [id=12740]
  0x000001267970c000 ConcurrentGCThread "G1 Conc#0" [stack: 0x000000186a300000,0x000000186a400000] [id=14616]
  0x0000012617090000 ConcurrentGCThread "G1 Conc#1" [stack: 0x000000186c300000,0x000000186c400000] [id=2040]
  0x00000126135c4800 ConcurrentGCThread "G1 Refine#0" [stack: 0x000000186a400000,0x000000186a500000] [id=14764]
  0x000001261ac8a800 ConcurrentGCThread "G1 Refine#1" [stack: 0x000000186db00000,0x000000186dc00000] [id=4184]
  0x000001261ac44000 ConcurrentGCThread "G1 Refine#2" [stack: 0x000000186dc00000,0x000000186dd00000] [id=4456]
  0x000001261aed3800 ConcurrentGCThread "G1 Refine#3" [stack: 0x000000186dd00000,0x000000186de00000] [id=9644]
  0x000001261d351800 ConcurrentGCThread "G1 Refine#4" [stack: 0x000000186f700000,0x000000186f800000] [id=15420]
  0x00000126135c5000 ConcurrentGCThread "G1 Young RemSet Sampling" [stack: 0x000000186a500000,0x000000186a600000] [id=11196]

Threads with active compile tasks:
C2 CompilerThread0  34395 13364 %     4       com.android.tools.r8.dex.j::a @ 315 (1038 bytes)
C2 CompilerThread1  34395 13434       4       com.android.tools.r8.code.w1::a (4137 bytes)

VM state:at safepoint (normal execution)

VM Mutex/Monitor currently owned by a thread:  ([mutex/lock_event])
[0x00000126796bbfa0] Threads_lock - owner thread: 0x000001261374e800
[0x00000126796bb580] Heap_lock - owner thread: 0x000001261cbe6000

Heap address: 0x0000000080000000, size: 2048 MB, Compressed Oops mode: 32-bit
Narrow klass base: 0x0000000000000000, Narrow klass shift: 3
Compressed class space size: 1073741824 Address: 0x0000000100000000

Heap:
 garbage-first heap   total 428032K, used 277075K [0x0000000080000000, 0x0000000100000000)
  region size 1024K, 2 young (2048K), 2 survivors (2048K)
 Metaspace       used 110450K, capacity 113089K, committed 113484K, reserved 1146880K
  class space    used 14042K, capacity 15022K, committed 15180K, reserved 1048576K
Heap Regions: E=young(eden), S=young(survivor), O=old, HS=humongous(starts), HC=humongous(continues), CS=collection set, F=free, A=archive, TAMS=top-at-mark-start (previous, next)
|   0|0x0000000080000000, 0x0000000080100000, 0x0000000080100000|100%| O|  |TAMS 0x0000000080100000, 0x0000000080100000| Untracked 
|   1|0x0000000080100000, 0x0000000080200000, 0x0000000080200000|100%| O|  |TAMS 0x0000000080200000, 0x0000000080200000| Untracked 
|   2|0x0000000080200000, 0x0000000080300000, 0x0000000080300000|100%| O|  |TAMS 0x0000000080300000, 0x0000000080300000| Untracked 
|   3|0x0000000080300000, 0x0000000080400000, 0x0000000080400000|100%|HS|  |TAMS 0x0000000080400000, 0x0000000080400000| Complete 
|   4|0x0000000080400000, 0x0000000080500000, 0x0000000080500000|100%|HC|  |TAMS 0x0000000080500000, 0x0000000080500000| Complete 
|   5|0x0000000080500000, 0x0000000080600000, 0x0000000080600000|100%|HC|  |TAMS 0x0000000080600000, 0x0000000080600000| Complete 
|   6|0x0000000080600000, 0x0000000080700000, 0x0000000080700000|100%| O|  |TAMS 0x0000000080700000, 0x0000000080700000| Untracked 
|   7|0x0000000080700000, 0x0000000080800000, 0x0000000080800000|100%| O|  |TAMS 0x0000000080800000, 0x0000000080800000| Untracked 
|   8|0x0000000080800000, 0x0000000080900000, 0x0000000080900000|100%| O|  |TAMS 0x0000000080900000, 0x0000000080900000| Untracked 
|   9|0x0000000080900000, 0x0000000080a00000, 0x0000000080a00000|100%| O|  |TAMS 0x0000000080a00000, 0x0000000080a00000| Untracked 
|  10|0x0000000080a00000, 0x0000000080b00000, 0x0000000080b00000|100%| O|  |TAMS 0x0000000080b00000, 0x0000000080b00000| Untracked 
|  11|0x0000000080b00000, 0x0000000080c00000, 0x0000000080c00000|100%| O|  |TAMS 0x0000000080c00000, 0x0000000080c00000| Untracked 
|  12|0x0000000080c00000, 0x0000000080d00000, 0x0000000080d00000|100%| O|  |TAMS 0x0000000080d00000, 0x0000000080d00000| Untracked 
|  13|0x0000000080d00000, 0x0000000080e00000, 0x0000000080e00000|100%| O|  |TAMS 0x0000000080e00000, 0x0000000080e00000| Untracked 
|  14|0x0000000080e00000, 0x0000000080f00000, 0x0000000080f00000|100%| O|  |TAMS 0x0000000080f00000, 0x0000000080f00000| Untracked 
|  15|0x0000000080f00000, 0x0000000081000000, 0x0000000081000000|100%| O|  |TAMS 0x0000000081000000, 0x0000000081000000| Untracked 
|  16|0x0000000081000000, 0x0000000081100000, 0x0000000081100000|100%| O|  |TAMS 0x0000000081100000, 0x0000000081100000| Untracked 
|  17|0x0000000081100000, 0x0000000081200000, 0x0000000081200000|100%|HS|  |TAMS 0x0000000081200000, 0x0000000081200000| Complete 
|  18|0x0000000081200000, 0x0000000081300000, 0x0000000081300000|100%|HS|  |TAMS 0x0000000081300000, 0x0000000081300000| Complete 
|  19|0x0000000081300000, 0x0000000081400000, 0x0000000081400000|100%|HS|  |TAMS 0x0000000081400000, 0x0000000081400000| Complete 
|  20|0x0000000081400000, 0x0000000081500000, 0x0000000081500000|100%|HS|  |TAMS 0x0000000081500000, 0x0000000081500000| Complete 
|  21|0x0000000081500000, 0x0000000081600000, 0x0000000081600000|100%|HC|  |TAMS 0x0000000081600000, 0x0000000081600000| Complete 
|  22|0x0000000081600000, 0x0000000081700000, 0x0000000081700000|100%|HC|  |TAMS 0x0000000081700000, 0x0000000081700000| Complete 
|  23|0x0000000081700000, 0x0000000081800000, 0x0000000081800000|100%|HS|  |TAMS 0x0000000081800000, 0x0000000081800000| Complete 
|  24|0x0000000081800000, 0x0000000081900000, 0x0000000081900000|100%|HC|  |TAMS 0x0000000081900000, 0x0000000081900000| Complete 
|  25|0x0000000081900000, 0x0000000081a00000, 0x0000000081a00000|100%| O|  |TAMS 0x0000000081a00000, 0x0000000081a00000| Untracked 
|  26|0x0000000081a00000, 0x0000000081b00000, 0x0000000081b00000|100%| O|  |TAMS 0x0000000081b00000, 0x0000000081b00000| Untracked 
|  27|0x0000000081b00000, 0x0000000081c00000, 0x0000000081c00000|100%| O|  |TAMS 0x0000000081c00000, 0x0000000081c00000| Untracked 
|  28|0x0000000081c00000, 0x0000000081d00000, 0x0000000081d00000|100%| O|  |TAMS 0x0000000081d00000, 0x0000000081d00000| Untracked 
|  29|0x0000000081d00000, 0x0000000081e00000, 0x0000000081e00000|100%| O|  |TAMS 0x0000000081e00000, 0x0000000081e00000| Untracked 
|  30|0x0000000081e00000, 0x0000000081f00000, 0x0000000081f00000|100%| O|  |TAMS 0x0000000081f00000, 0x0000000081f00000| Untracked 
|  31|0x0000000081f00000, 0x0000000082000000, 0x0000000082000000|100%| O|  |TAMS 0x0000000082000000, 0x0000000082000000| Untracked 
|  32|0x0000000082000000, 0x0000000082100000, 0x0000000082100000|100%| O|  |TAMS 0x0000000082100000, 0x0000000082100000| Untracked 
|  33|0x0000000082100000, 0x0000000082200000, 0x0000000082200000|100%| O|  |TAMS 0x0000000082200000, 0x0000000082200000| Untracked 
|  34|0x0000000082200000, 0x0000000082300000, 0x0000000082300000|100%| O|  |TAMS 0x0000000082300000, 0x0000000082300000| Untracked 
|  35|0x0000000082300000, 0x0000000082400000, 0x0000000082400000|100%| O|  |TAMS 0x0000000082400000, 0x0000000082400000| Untracked 
|  36|0x0000000082400000, 0x0000000082500000, 0x0000000082500000|100%| O|  |TAMS 0x0000000082500000, 0x0000000082500000| Untracked 
|  37|0x0000000082500000, 0x0000000082600000, 0x0000000082600000|100%| O|  |TAMS 0x0000000082600000, 0x0000000082600000| Untracked 
|  38|0x0000000082600000, 0x0000000082700000, 0x0000000082700000|100%| O|  |TAMS 0x0000000082700000, 0x0000000082700000| Untracked 
|  39|0x0000000082700000, 0x0000000082800000, 0x0000000082800000|100%| O|  |TAMS 0x0000000082800000, 0x0000000082800000| Untracked 
|  40|0x0000000082800000, 0x0000000082900000, 0x0000000082900000|100%| O|  |TAMS 0x0000000082900000, 0x0000000082900000| Untracked 
|  41|0x0000000082900000, 0x0000000082a00000, 0x0000000082a00000|100%| O|  |TAMS 0x0000000082a00000, 0x0000000082a00000| Untracked 
|  42|0x0000000082a00000, 0x0000000082b00000, 0x0000000082b00000|100%| O|  |TAMS 0x0000000082b00000, 0x0000000082b00000| Untracked 
|  43|0x0000000082b00000, 0x0000000082c00000, 0x0000000082c00000|100%| O|  |TAMS 0x0000000082c00000, 0x0000000082c00000| Untracked 
|  44|0x0000000082c00000, 0x0000000082d00000, 0x0000000082d00000|100%| O|  |TAMS 0x0000000082d00000, 0x0000000082d00000| Untracked 
|  45|0x0000000082d00000, 0x0000000082e00000, 0x0000000082e00000|100%| O|  |TAMS 0x0000000082e00000, 0x0000000082e00000| Untracked 
|  46|0x0000000082e00000, 0x0000000082f00000, 0x0000000082f00000|100%| O|  |TAMS 0x0000000082f00000, 0x0000000082f00000| Untracked 
|  47|0x0000000082f00000, 0x0000000083000000, 0x0000000083000000|100%| O|  |TAMS 0x0000000083000000, 0x0000000083000000| Untracked 
|  48|0x0000000083000000, 0x0000000083100000, 0x0000000083100000|100%| O|  |TAMS 0x0000000083100000, 0x0000000083100000| Untracked 
|  49|0x0000000083100000, 0x0000000083200000, 0x0000000083200000|100%| O|  |TAMS 0x0000000083200000, 0x0000000083200000| Untracked 
|  50|0x0000000083200000, 0x0000000083300000, 0x0000000083300000|100%| O|  |TAMS 0x0000000083300000, 0x0000000083300000| Untracked 
|  51|0x0000000083300000, 0x0000000083400000, 0x0000000083400000|100%| O|  |TAMS 0x0000000083400000, 0x0000000083400000| Untracked 
|  52|0x0000000083400000, 0x0000000083500000, 0x0000000083500000|100%| O|  |TAMS 0x0000000083500000, 0x0000000083500000| Untracked 
|  53|0x0000000083500000, 0x0000000083600000, 0x0000000083600000|100%| O|  |TAMS 0x0000000083600000, 0x0000000083600000| Untracked 
|  54|0x0000000083600000, 0x0000000083700000, 0x0000000083700000|100%| O|  |TAMS 0x0000000083700000, 0x0000000083700000| Untracked 
|  55|0x0000000083700000, 0x0000000083800000, 0x0000000083800000|100%| O|  |TAMS 0x0000000083800000, 0x0000000083800000| Untracked 
|  56|0x0000000083800000, 0x0000000083900000, 0x0000000083900000|100%| O|  |TAMS 0x0000000083900000, 0x0000000083900000| Untracked 
|  57|0x0000000083900000, 0x0000000083a00000, 0x0000000083a00000|100%| O|  |TAMS 0x0000000083a00000, 0x0000000083a00000| Untracked 
|  58|0x0000000083a00000, 0x0000000083b00000, 0x0000000083b00000|100%| O|  |TAMS 0x0000000083b00000, 0x0000000083b00000| Untracked 
|  59|0x0000000083b00000, 0x0000000083c00000, 0x0000000083c00000|100%| O|  |TAMS 0x0000000083c00000, 0x0000000083c00000| Untracked 
|  60|0x0000000083c00000, 0x0000000083d00000, 0x0000000083d00000|100%| O|  |TAMS 0x0000000083d00000, 0x0000000083d00000| Untracked 
|  61|0x0000000083d00000, 0x0000000083e00000, 0x0000000083e00000|100%| O|  |TAMS 0x0000000083e00000, 0x0000000083e00000| Untracked 
|  62|0x0000000083e00000, 0x0000000083f00000, 0x0000000083f00000|100%| O|  |TAMS 0x0000000083f00000, 0x0000000083f00000| Untracked 
|  63|0x0000000083f00000, 0x0000000084000000, 0x0000000084000000|100%| O|  |TAMS 0x0000000084000000, 0x0000000084000000| Untracked 
|  64|0x0000000084000000, 0x0000000084100000, 0x0000000084100000|100%| O|  |TAMS 0x0000000084100000, 0x0000000084100000| Untracked 
|  65|0x0000000084100000, 0x0000000084200000, 0x0000000084200000|100%| O|  |TAMS 0x0000000084200000, 0x0000000084200000| Untracked 
|  66|0x0000000084200000, 0x0000000084300000, 0x0000000084300000|100%| O|  |TAMS 0x0000000084300000, 0x0000000084300000| Untracked 
|  67|0x0000000084300000, 0x0000000084400000, 0x0000000084400000|100%| O|  |TAMS 0x0000000084400000, 0x0000000084400000| Untracked 
|  68|0x0000000084400000, 0x0000000084500000, 0x0000000084500000|100%| O|  |TAMS 0x0000000084500000, 0x0000000084500000| Untracked 
|  69|0x0000000084500000, 0x0000000084600000, 0x0000000084600000|100%| O|  |TAMS 0x0000000084600000, 0x0000000084600000| Untracked 
|  70|0x0000000084600000, 0x0000000084700000, 0x0000000084700000|100%| O|  |TAMS 0x0000000084700000, 0x0000000084700000| Untracked 
|  71|0x0000000084700000, 0x0000000084800000, 0x0000000084800000|100%| O|  |TAMS 0x0000000084800000, 0x0000000084800000| Untracked 
|  72|0x0000000084800000, 0x0000000084900000, 0x0000000084900000|100%| O|  |TAMS 0x0000000084900000, 0x0000000084900000| Untracked 
|  73|0x0000000084900000, 0x0000000084a00000, 0x0000000084a00000|100%| O|  |TAMS 0x0000000084a00000, 0x0000000084a00000| Untracked 
|  74|0x0000000084a00000, 0x0000000084b00000, 0x0000000084b00000|100%| O|  |TAMS 0x0000000084b00000, 0x0000000084b00000| Untracked 
|  75|0x0000000084b00000, 0x0000000084c00000, 0x0000000084c00000|100%| O|  |TAMS 0x0000000084c00000, 0x0000000084c00000| Untracked 
|  76|0x0000000084c00000, 0x0000000084d00000, 0x0000000084d00000|100%| O|  |TAMS 0x0000000084d00000, 0x0000000084d00000| Untracked 
|  77|0x0000000084d00000, 0x0000000084e00000, 0x0000000084e00000|100%| O|  |TAMS 0x0000000084e00000, 0x0000000084e00000| Untracked 
|  78|0x0000000084e00000, 0x0000000084f00000, 0x0000000084f00000|100%| O|  |TAMS 0x0000000084f00000, 0x0000000084f00000| Untracked 
|  79|0x0000000084f00000, 0x0000000085000000, 0x0000000085000000|100%| O|  |TAMS 0x0000000085000000, 0x0000000085000000| Untracked 
|  80|0x0000000085000000, 0x0000000085100000, 0x0000000085100000|100%| O|  |TAMS 0x0000000085100000, 0x0000000085100000| Untracked 
|  81|0x0000000085100000, 0x0000000085200000, 0x0000000085200000|100%| O|  |TAMS 0x0000000085200000, 0x0000000085200000| Untracked 
|  82|0x0000000085200000, 0x0000000085300000, 0x0000000085300000|100%| O|  |TAMS 0x0000000085300000, 0x0000000085300000| Untracked 
|  83|0x0000000085300000, 0x0000000085400000, 0x0000000085400000|100%| O|  |TAMS 0x0000000085400000, 0x0000000085400000| Untracked 
|  84|0x0000000085400000, 0x0000000085500000, 0x0000000085500000|100%| O|  |TAMS 0x0000000085500000, 0x0000000085500000| Untracked 
|  85|0x0000000085500000, 0x0000000085600000, 0x0000000085600000|100%|HS|  |TAMS 0x0000000085600000, 0x0000000085600000| Complete 
|  86|0x0000000085600000, 0x0000000085700000, 0x0000000085700000|100%|HS|  |TAMS 0x0000000085700000, 0x0000000085700000| Complete 
|  87|0x0000000085700000, 0x0000000085800000, 0x0000000085800000|100%|HC|  |TAMS 0x0000000085800000, 0x0000000085800000| Complete 
|  88|0x0000000085800000, 0x0000000085900000, 0x0000000085900000|100%|HC|  |TAMS 0x0000000085900000, 0x0000000085900000| Complete 
|  89|0x0000000085900000, 0x0000000085a00000, 0x0000000085a00000|100%| O|  |TAMS 0x0000000085a00000, 0x0000000085a00000| Untracked 
|  90|0x0000000085a00000, 0x0000000085b00000, 0x0000000085b00000|100%| O|  |TAMS 0x0000000085b00000, 0x0000000085b00000| Untracked 
|  91|0x0000000085b00000, 0x0000000085c00000, 0x0000000085c00000|100%| O|  |TAMS 0x0000000085c00000, 0x0000000085c00000| Untracked 
|  92|0x0000000085c00000, 0x0000000085d00000, 0x0000000085d00000|100%| O|  |TAMS 0x0000000085d00000, 0x0000000085d00000| Untracked 
|  93|0x0000000085d00000, 0x0000000085e00000, 0x0000000085e00000|100%| O|  |TAMS 0x0000000085e00000, 0x0000000085e00000| Untracked 
|  94|0x0000000085e00000, 0x0000000085f00000, 0x0000000085f00000|100%| O|  |TAMS 0x0000000085f00000, 0x0000000085f00000| Untracked 
|  95|0x0000000085f00000, 0x0000000086000000, 0x0000000086000000|100%| O|  |TAMS 0x0000000086000000, 0x0000000086000000| Untracked 
|  96|0x0000000086000000, 0x0000000086100000, 0x0000000086100000|100%| O|  |TAMS 0x0000000086100000, 0x0000000086100000| Untracked 
|  97|0x0000000086100000, 0x0000000086200000, 0x0000000086200000|100%| O|  |TAMS 0x0000000086200000, 0x0000000086200000| Untracked 
|  98|0x0000000086200000, 0x0000000086300000, 0x0000000086300000|100%| O|  |TAMS 0x0000000086300000, 0x0000000086300000| Untracked 
|  99|0x0000000086300000, 0x0000000086400000, 0x0000000086400000|100%| O|  |TAMS 0x0000000086400000, 0x0000000086400000| Untracked 
| 100|0x0000000086400000, 0x0000000086500000, 0x0000000086500000|100%| O|  |TAMS 0x0000000086500000, 0x0000000086500000| Untracked 
| 101|0x0000000086500000, 0x0000000086600000, 0x0000000086600000|100%| O|  |TAMS 0x0000000086600000, 0x0000000086600000| Untracked 
| 102|0x0000000086600000, 0x0000000086700000, 0x0000000086700000|100%|HS|  |TAMS 0x0000000086700000, 0x0000000086700000| Complete 
| 103|0x0000000086700000, 0x0000000086800000, 0x0000000086800000|100%|HC|  |TAMS 0x0000000086800000, 0x0000000086800000| Complete 
| 104|0x0000000086800000, 0x0000000086900000, 0x0000000086900000|100%|HS|  |TAMS 0x0000000086900000, 0x0000000086900000| Complete 
| 105|0x0000000086900000, 0x0000000086a00000, 0x0000000086a00000|100%|HC|  |TAMS 0x0000000086a00000, 0x0000000086a00000| Complete 
| 106|0x0000000086a00000, 0x0000000086b00000, 0x0000000086b00000|100%|HS|  |TAMS 0x0000000086b00000, 0x0000000086b00000| Complete 
| 107|0x0000000086b00000, 0x0000000086c00000, 0x0000000086c00000|100%|HS|  |TAMS 0x0000000086c00000, 0x0000000086c00000| Complete 
| 108|0x0000000086c00000, 0x0000000086d00000, 0x0000000086d00000|100%|HS|  |TAMS 0x0000000086d00000, 0x0000000086d00000| Complete 
| 109|0x0000000086d00000, 0x0000000086e00000, 0x0000000086e00000|100%|HS|  |TAMS 0x0000000086e00000, 0x0000000086e00000| Complete 
| 110|0x0000000086e00000, 0x0000000086f00000, 0x0000000086f00000|100%|HS|  |TAMS 0x0000000086f00000, 0x0000000086f00000| Complete 
| 111|0x0000000086f00000, 0x0000000087000000, 0x0000000087000000|100%|HC|  |TAMS 0x0000000087000000, 0x0000000087000000| Complete 
| 112|0x0000000087000000, 0x0000000087100000, 0x0000000087100000|100%| O|  |TAMS 0x0000000087100000, 0x0000000087100000| Untracked 
| 113|0x0000000087100000, 0x0000000087200000, 0x0000000087200000|100%| O|  |TAMS 0x0000000087200000, 0x0000000087200000| Untracked 
| 114|0x0000000087200000, 0x0000000087300000, 0x0000000087300000|100%| O|  |TAMS 0x0000000087300000, 0x0000000087300000| Untracked 
| 115|0x0000000087300000, 0x0000000087400000, 0x0000000087400000|100%|HS|  |TAMS 0x0000000087400000, 0x0000000087400000| Complete 
| 116|0x0000000087400000, 0x0000000087500000, 0x0000000087500000|100%|HC|  |TAMS 0x0000000087500000, 0x0000000087500000| Complete 
| 117|0x0000000087500000, 0x0000000087600000, 0x0000000087600000|100%|HC|  |TAMS 0x0000000087600000, 0x0000000087600000| Complete 
| 118|0x0000000087600000, 0x0000000087700000, 0x0000000087700000|100%|HS|  |TAMS 0x0000000087700000, 0x0000000087700000| Complete 
| 119|0x0000000087700000, 0x0000000087800000, 0x0000000087800000|100%| O|  |TAMS 0x0000000087800000, 0x0000000087800000| Untracked 
| 120|0x0000000087800000, 0x0000000087900000, 0x0000000087900000|100%| O|  |TAMS 0x0000000087800000, 0x0000000087900000| Untracked 
| 121|0x0000000087900000, 0x0000000087a00000, 0x0000000087a00000|100%|HS|  |TAMS 0x0000000087a00000, 0x0000000087a00000| Complete 
| 122|0x0000000087a00000, 0x0000000087b00000, 0x0000000087b00000|100%|HC|  |TAMS 0x0000000087b00000, 0x0000000087b00000| Complete 
| 123|0x0000000087b00000, 0x0000000087c00000, 0x0000000087c00000|100%| O|  |TAMS 0x0000000087c00000, 0x0000000087c00000| Untracked 
| 124|0x0000000087c00000, 0x0000000087d00000, 0x0000000087d00000|100%|HS|  |TAMS 0x0000000087d00000, 0x0000000087d00000| Complete 
| 125|0x0000000087d00000, 0x0000000087e00000, 0x0000000087e00000|100%| O|  |TAMS 0x0000000087e00000, 0x0000000087e00000| Untracked 
| 126|0x0000000087e00000, 0x0000000087f00000, 0x0000000087f00000|100%|HS|  |TAMS 0x0000000087f00000, 0x0000000087f00000| Complete 
| 127|0x0000000087f00000, 0x0000000088000000, 0x0000000088000000|100%| O|  |TAMS 0x0000000088000000, 0x0000000088000000| Untracked 
| 128|0x0000000088000000, 0x0000000088100000, 0x0000000088100000|100%|HS|  |TAMS 0x0000000088100000, 0x0000000088100000| Complete 
| 129|0x0000000088100000, 0x0000000088200000, 0x0000000088200000|100%| O|  |TAMS 0x0000000088200000, 0x0000000088200000| Untracked 
| 130|0x0000000088200000, 0x0000000088300000, 0x0000000088300000|100%|HS|  |TAMS 0x0000000088300000, 0x0000000088300000| Complete 
| 131|0x0000000088300000, 0x0000000088400000, 0x0000000088400000|100%|HS|  |TAMS 0x0000000088400000, 0x0000000088400000| Complete 
| 132|0x0000000088400000, 0x0000000088500000, 0x0000000088500000|100%| O|  |TAMS 0x0000000088500000, 0x0000000088500000| Untracked 
| 133|0x0000000088500000, 0x0000000088600000, 0x0000000088600000|100%| O|  |TAMS 0x0000000088600000, 0x0000000088600000| Untracked 
| 134|0x0000000088600000, 0x0000000088700000, 0x0000000088700000|100%| O|  |TAMS 0x0000000088700000, 0x0000000088700000| Untracked 
| 135|0x0000000088700000, 0x0000000088800000, 0x0000000088800000|100%| O|  |TAMS 0x0000000088800000, 0x0000000088800000| Untracked 
| 136|0x0000000088800000, 0x0000000088900000, 0x0000000088900000|100%| O|  |TAMS 0x0000000088900000, 0x0000000088900000| Untracked 
| 137|0x0000000088900000, 0x0000000088a00000, 0x0000000088a00000|100%| O|  |TAMS 0x0000000088a00000, 0x0000000088a00000| Untracked 
| 138|0x0000000088a00000, 0x0000000088b00000, 0x0000000088b00000|100%| O|  |TAMS 0x0000000088b00000, 0x0000000088b00000| Untracked 
| 139|0x0000000088b00000, 0x0000000088c00000, 0x0000000088c00000|100%| O|  |TAMS 0x0000000088c00000, 0x0000000088c00000| Untracked 
| 140|0x0000000088c00000, 0x0000000088d00000, 0x0000000088d00000|100%| O|  |TAMS 0x0000000088d00000, 0x0000000088d00000| Untracked 
| 141|0x0000000088d00000, 0x0000000088e00000, 0x0000000088e00000|100%| O|  |TAMS 0x0000000088e00000, 0x0000000088e00000| Untracked 
| 142|0x0000000088e00000, 0x0000000088f00000, 0x0000000088f00000|100%| O|  |TAMS 0x0000000088f00000, 0x0000000088f00000| Untracked 
| 143|0x0000000088f00000, 0x0000000089000000, 0x0000000089000000|100%| O|  |TAMS 0x0000000089000000, 0x0000000089000000| Untracked 
| 144|0x0000000089000000, 0x0000000089100000, 0x0000000089100000|100%| O|  |TAMS 0x0000000089100000, 0x0000000089100000| Untracked 
| 145|0x0000000089100000, 0x0000000089200000, 0x0000000089200000|100%| O|  |TAMS 0x0000000089200000, 0x0000000089200000| Untracked 
| 146|0x0000000089200000, 0x0000000089300000, 0x0000000089300000|100%| O|  |TAMS 0x0000000089300000, 0x0000000089300000| Untracked 
| 147|0x0000000089300000, 0x0000000089400000, 0x0000000089400000|100%| O|  |TAMS 0x0000000089400000, 0x0000000089400000| Untracked 
| 148|0x0000000089400000, 0x0000000089500000, 0x0000000089500000|100%|HS|  |TAMS 0x0000000089500000, 0x0000000089500000| Complete 
| 149|0x0000000089500000, 0x0000000089600000, 0x0000000089600000|100%|HC|  |TAMS 0x0000000089600000, 0x0000000089600000| Complete 
| 150|0x0000000089600000, 0x0000000089700000, 0x0000000089700000|100%| O|  |TAMS 0x0000000089700000, 0x0000000089700000| Untracked 
| 151|0x0000000089700000, 0x0000000089800000, 0x0000000089800000|100%| O|  |TAMS 0x0000000089800000, 0x0000000089800000| Untracked 
| 152|0x0000000089800000, 0x0000000089900000, 0x0000000089900000|100%| O|  |TAMS 0x0000000089900000, 0x0000000089900000| Untracked 
| 153|0x0000000089900000, 0x0000000089a00000, 0x0000000089a00000|100%| O|  |TAMS 0x0000000089a00000, 0x0000000089a00000| Untracked 
| 154|0x0000000089a00000, 0x0000000089b00000, 0x0000000089b00000|100%| O|  |TAMS 0x0000000089b00000, 0x0000000089b00000| Untracked 
| 155|0x0000000089b00000, 0x0000000089c00000, 0x0000000089c00000|100%|HS|  |TAMS 0x0000000089c00000, 0x0000000089c00000| Complete 
| 156|0x0000000089c00000, 0x0000000089d00000, 0x0000000089d00000|100%|HC|  |TAMS 0x0000000089d00000, 0x0000000089d00000| Complete 
| 157|0x0000000089d00000, 0x0000000089e00000, 0x0000000089e00000|100%|HC|  |TAMS 0x0000000089e00000, 0x0000000089e00000| Complete 
| 158|0x0000000089e00000, 0x0000000089f00000, 0x0000000089f00000|100%| O|  |TAMS 0x0000000089f00000, 0x0000000089f00000| Untracked 
| 159|0x0000000089f00000, 0x000000008a000000, 0x000000008a000000|100%| O|  |TAMS 0x000000008a000000, 0x000000008a000000| Untracked 
| 160|0x000000008a000000, 0x000000008a100000, 0x000000008a100000|100%|HS|  |TAMS 0x000000008a100000, 0x000000008a100000| Complete 
| 161|0x000000008a100000, 0x000000008a200000, 0x000000008a200000|100%|HC|  |TAMS 0x000000008a200000, 0x000000008a200000| Complete 
| 162|0x000000008a200000, 0x000000008a300000, 0x000000008a300000|100%| O|  |TAMS 0x000000008a300000, 0x000000008a300000| Untracked 
| 163|0x000000008a300000, 0x000000008a400000, 0x000000008a400000|100%| O|  |TAMS 0x000000008a400000, 0x000000008a400000| Untracked 
| 164|0x000000008a400000, 0x000000008a500000, 0x000000008a500000|100%| O|  |TAMS 0x000000008a500000, 0x000000008a500000| Untracked 
| 165|0x000000008a500000, 0x000000008a600000, 0x000000008a600000|100%| O|  |TAMS 0x000000008a600000, 0x000000008a600000| Untracked 
| 166|0x000000008a600000, 0x000000008a700000, 0x000000008a700000|100%| O|  |TAMS 0x000000008a700000, 0x000000008a700000| Untracked 
| 167|0x000000008a700000, 0x000000008a800000, 0x000000008a800000|100%| O|  |TAMS 0x000000008a800000, 0x000000008a800000| Untracked 
| 168|0x000000008a800000, 0x000000008a900000, 0x000000008a900000|100%| O|  |TAMS 0x000000008a900000, 0x000000008a900000| Untracked 
| 169|0x000000008a900000, 0x000000008aa00000, 0x000000008aa00000|100%| O|  |TAMS 0x000000008aa00000, 0x000000008aa00000| Untracked 
| 170|0x000000008aa00000, 0x000000008ab00000, 0x000000008ab00000|100%| O|  |TAMS 0x000000008ab00000, 0x000000008ab00000| Untracked 
| 171|0x000000008ab00000, 0x000000008ac00000, 0x000000008ac00000|100%| O|  |TAMS 0x000000008ac00000, 0x000000008ac00000| Untracked 
| 172|0x000000008ac00000, 0x000000008ad00000, 0x000000008ad00000|100%| O|  |TAMS 0x000000008ad00000, 0x000000008ad00000| Untracked 
| 173|0x000000008ad00000, 0x000000008ae00000, 0x000000008ae00000|100%| O|  |TAMS 0x000000008ae00000, 0x000000008ae00000| Untracked 
| 174|0x000000008ae00000, 0x000000008af00000, 0x000000008af00000|100%| O|  |TAMS 0x000000008af00000, 0x000000008af00000| Untracked 
| 175|0x000000008af00000, 0x000000008b000000, 0x000000008b000000|100%| O|  |TAMS 0x000000008b000000, 0x000000008b000000| Untracked 
| 176|0x000000008b000000, 0x000000008b100000, 0x000000008b100000|100%| O|  |TAMS 0x000000008b100000, 0x000000008b100000| Untracked 
| 177|0x000000008b100000, 0x000000008b200000, 0x000000008b200000|100%| O|  |TAMS 0x000000008b200000, 0x000000008b200000| Untracked 
| 178|0x000000008b200000, 0x000000008b300000, 0x000000008b300000|100%|HS|  |TAMS 0x000000008b300000, 0x000000008b300000| Complete 
| 179|0x000000008b300000, 0x000000008b400000, 0x000000008b400000|100%|HC|  |TAMS 0x000000008b400000, 0x000000008b400000| Complete 
| 180|0x000000008b400000, 0x000000008b500000, 0x000000008b500000|100%| O|  |TAMS 0x000000008b500000, 0x000000008b500000| Untracked 
| 181|0x000000008b500000, 0x000000008b600000, 0x000000008b600000|100%| O|  |TAMS 0x000000008b600000, 0x000000008b600000| Untracked 
| 182|0x000000008b600000, 0x000000008b700000, 0x000000008b700000|100%| O|  |TAMS 0x000000008b700000, 0x000000008b700000| Untracked 
| 183|0x000000008b700000, 0x000000008b800000, 0x000000008b800000|100%| O|  |TAMS 0x000000008b800000, 0x000000008b800000| Untracked 
| 184|0x000000008b800000, 0x000000008b900000, 0x000000008b900000|100%| O|  |TAMS 0x000000008b900000, 0x000000008b900000| Untracked 
| 185|0x000000008b900000, 0x000000008ba00000, 0x000000008ba00000|100%| O|  |TAMS 0x000000008ba00000, 0x000000008ba00000| Untracked 
| 186|0x000000008ba00000, 0x000000008bb00000, 0x000000008bb00000|100%| O|  |TAMS 0x000000008bb00000, 0x000000008bb00000| Untracked 
| 187|0x000000008bb00000, 0x000000008bc00000, 0x000000008bc00000|100%| O|  |TAMS 0x000000008bc00000, 0x000000008bc00000| Untracked 
| 188|0x000000008bc00000, 0x000000008bd00000, 0x000000008bd00000|100%| O|  |TAMS 0x000000008bd00000, 0x000000008bd00000| Untracked 
| 189|0x000000008bd00000, 0x000000008be00000, 0x000000008be00000|100%| O|  |TAMS 0x000000008be00000, 0x000000008be00000| Untracked 
| 190|0x000000008be00000, 0x000000008bf00000, 0x000000008bf00000|100%| O|  |TAMS 0x000000008bf00000, 0x000000008bf00000| Untracked 
| 191|0x000000008bf00000, 0x000000008c000000, 0x000000008c000000|100%| O|  |TAMS 0x000000008c000000, 0x000000008c000000| Untracked 
| 192|0x000000008c000000, 0x000000008c100000, 0x000000008c100000|100%| O|  |TAMS 0x000000008c100000, 0x000000008c100000| Untracked 
| 193|0x000000008c100000, 0x000000008c200000, 0x000000008c200000|100%| O|  |TAMS 0x000000008c200000, 0x000000008c200000| Untracked 
| 194|0x000000008c200000, 0x000000008c300000, 0x000000008c300000|100%| O|  |TAMS 0x000000008c300000, 0x000000008c300000| Untracked 
| 195|0x000000008c300000, 0x000000008c400000, 0x000000008c400000|100%| O|  |TAMS 0x000000008c400000, 0x000000008c400000| Untracked 
| 196|0x000000008c400000, 0x000000008c500000, 0x000000008c500000|100%| O|  |TAMS 0x000000008c500000, 0x000000008c500000| Untracked 
| 197|0x000000008c500000, 0x000000008c600000, 0x000000008c600000|100%| O|  |TAMS 0x000000008c600000, 0x000000008c600000| Untracked 
| 198|0x000000008c600000, 0x000000008c700000, 0x000000008c700000|100%| O|  |TAMS 0x000000008c700000, 0x000000008c700000| Untracked 
| 199|0x000000008c700000, 0x000000008c800000, 0x000000008c800000|100%| O|  |TAMS 0x000000008c800000, 0x000000008c800000| Untracked 
| 200|0x000000008c800000, 0x000000008c900000, 0x000000008c900000|100%| O|  |TAMS 0x000000008c900000, 0x000000008c900000| Untracked 
| 201|0x000000008c900000, 0x000000008ca00000, 0x000000008ca00000|100%| O|  |TAMS 0x000000008ca00000, 0x000000008ca00000| Untracked 
| 202|0x000000008ca00000, 0x000000008cb00000, 0x000000008cb00000|100%| O|  |TAMS 0x000000008cb00000, 0x000000008cb00000| Untracked 
| 203|0x000000008cb00000, 0x000000008cc00000, 0x000000008cc00000|100%| O|  |TAMS 0x000000008cc00000, 0x000000008cc00000| Untracked 
| 204|0x000000008cc00000, 0x000000008cd00000, 0x000000008cd00000|100%| O|  |TAMS 0x000000008cd00000, 0x000000008cd00000| Untracked 
| 205|0x000000008cd00000, 0x000000008ce00000, 0x000000008ce00000|100%| O|  |TAMS 0x000000008ce00000, 0x000000008ce00000| Untracked 
| 206|0x000000008ce00000, 0x000000008cf00000, 0x000000008cf00000|100%| O|  |TAMS 0x000000008cf00000, 0x000000008cf00000| Untracked 
| 207|0x000000008cf00000, 0x000000008d000000, 0x000000008d000000|100%| O|  |TAMS 0x000000008d000000, 0x000000008d000000| Untracked 
| 208|0x000000008d000000, 0x000000008d100000, 0x000000008d100000|100%| O|  |TAMS 0x000000008d100000, 0x000000008d100000| Untracked 
| 209|0x000000008d100000, 0x000000008d200000, 0x000000008d200000|100%| O|  |TAMS 0x000000008d200000, 0x000000008d200000| Untracked 
| 210|0x000000008d200000, 0x000000008d300000, 0x000000008d300000|100%| O|  |TAMS 0x000000008d200000, 0x000000008d300000| Untracked 
| 211|0x000000008d300000, 0x000000008d400000, 0x000000008d400000|100%| O|  |TAMS 0x000000008d300000, 0x000000008d400000| Untracked 
| 212|0x000000008d400000, 0x000000008d500000, 0x000000008d500000|100%| O|  |TAMS 0x000000008d400000, 0x000000008d500000| Untracked 
| 213|0x000000008d500000, 0x000000008d600000, 0x000000008d600000|100%| O|  |TAMS 0x000000008d500000, 0x000000008d600000| Untracked 
| 214|0x000000008d600000, 0x000000008d700000, 0x000000008d700000|100%| O|  |TAMS 0x000000008d600000, 0x000000008d700000| Untracked 
| 215|0x000000008d700000, 0x000000008d800000, 0x000000008d800000|100%| O|  |TAMS 0x000000008d700000, 0x000000008d800000| Untracked 
| 216|0x000000008d800000, 0x000000008d900000, 0x000000008d900000|100%| O|  |TAMS 0x000000008d800000, 0x000000008d900000| Untracked 
| 217|0x000000008d900000, 0x000000008da00000, 0x000000008da00000|100%| O|  |TAMS 0x000000008d900000, 0x000000008da00000| Untracked 
| 218|0x000000008da00000, 0x000000008db00000, 0x000000008db00000|100%| O|  |TAMS 0x000000008da00000, 0x000000008db00000| Untracked 
| 219|0x000000008db00000, 0x000000008dc00000, 0x000000008dc00000|100%| O|  |TAMS 0x000000008db00000, 0x000000008dc00000| Untracked 
| 220|0x000000008dc00000, 0x000000008dd00000, 0x000000008dd00000|100%| O|  |TAMS 0x000000008dc00000, 0x000000008dd00000| Untracked 
| 221|0x000000008dd00000, 0x000000008de00000, 0x000000008de00000|100%| O|  |TAMS 0x000000008dd00000, 0x000000008de00000| Untracked 
| 222|0x000000008de00000, 0x000000008df00000, 0x000000008df00000|100%| O|  |TAMS 0x000000008de00000, 0x000000008df00000| Untracked 
| 223|0x000000008df00000, 0x000000008e000000, 0x000000008e000000|100%| O|  |TAMS 0x000000008df00000, 0x000000008e000000| Untracked 
| 224|0x000000008e000000, 0x000000008e100000, 0x000000008e100000|100%| O|  |TAMS 0x000000008e000000, 0x000000008e100000| Untracked 
| 225|0x000000008e100000, 0x000000008e200000, 0x000000008e200000|100%| O|  |TAMS 0x000000008e100000, 0x000000008e200000| Untracked 
| 226|0x000000008e200000, 0x000000008e300000, 0x000000008e300000|100%| O|  |TAMS 0x000000008e200000, 0x000000008e300000| Untracked 
| 227|0x000000008e300000, 0x000000008e400000, 0x000000008e400000|100%| O|  |TAMS 0x000000008e300000, 0x000000008e400000| Untracked 
| 228|0x000000008e400000, 0x000000008e500000, 0x000000008e500000|100%| O|  |TAMS 0x000000008e400000, 0x000000008e500000| Untracked 
| 229|0x000000008e500000, 0x000000008e600000, 0x000000008e600000|100%| O|  |TAMS 0x000000008e500000, 0x000000008e600000| Untracked 
| 230|0x000000008e600000, 0x000000008e700000, 0x000000008e700000|100%| O|  |TAMS 0x000000008e600000, 0x000000008e700000| Untracked 
| 231|0x000000008e700000, 0x000000008e800000, 0x000000008e800000|100%| O|  |TAMS 0x000000008e700000, 0x000000008e800000| Untracked 
| 232|0x000000008e800000, 0x000000008e900000, 0x000000008e900000|100%| O|  |TAMS 0x000000008e800000, 0x000000008e900000| Untracked 
| 233|0x000000008e900000, 0x000000008ea00000, 0x000000008ea00000|100%| O|  |TAMS 0x000000008e900000, 0x000000008ea00000| Untracked 
| 234|0x000000008ea00000, 0x000000008eb00000, 0x000000008eb00000|100%| O|  |TAMS 0x000000008ea00000, 0x000000008eb00000| Untracked 
| 235|0x000000008eb00000, 0x000000008ec00000, 0x000000008ec00000|100%| O|  |TAMS 0x000000008eb00000, 0x000000008ec00000| Untracked 
| 236|0x000000008ec00000, 0x000000008ed00000, 0x000000008ed00000|100%| O|  |TAMS 0x000000008ec00000, 0x000000008ed00000| Untracked 
| 237|0x000000008ed00000, 0x000000008ee00000, 0x000000008ee00000|100%| O|  |TAMS 0x000000008ed00000, 0x000000008ee00000| Untracked 
| 238|0x000000008ee00000, 0x000000008ef00000, 0x000000008ef00000|100%| O|  |TAMS 0x000000008ee00000, 0x000000008ef00000| Untracked 
| 239|0x000000008ef00000, 0x000000008f000000, 0x000000008f000000|100%| O|  |TAMS 0x000000008ef00000, 0x000000008f000000| Untracked 
| 240|0x000000008f000000, 0x000000008f100000, 0x000000008f100000|100%| O|  |TAMS 0x000000008f000000, 0x000000008f100000| Untracked 
| 241|0x000000008f100000, 0x000000008f200000, 0x000000008f200000|100%| O|  |TAMS 0x000000008f100000, 0x000000008f200000| Untracked 
| 242|0x000000008f200000, 0x000000008f300000, 0x000000008f300000|100%| O|  |TAMS 0x000000008f200000, 0x000000008f300000| Untracked 
| 243|0x000000008f300000, 0x000000008f400000, 0x000000008f400000|100%| O|  |TAMS 0x000000008f300000, 0x000000008f400000| Untracked 
| 244|0x000000008f400000, 0x000000008f500000, 0x000000008f500000|100%| O|  |TAMS 0x000000008f400000, 0x000000008f500000| Untracked 
| 245|0x000000008f500000, 0x000000008f600000, 0x000000008f600000|100%| O|  |TAMS 0x000000008f500000, 0x000000008f600000| Untracked 
| 246|0x000000008f600000, 0x000000008f700000, 0x000000008f700000|100%| O|  |TAMS 0x000000008f600000, 0x000000008f700000| Untracked 
| 247|0x000000008f700000, 0x000000008f800000, 0x000000008f800000|100%| O|  |TAMS 0x000000008f700000, 0x000000008f800000| Untracked 
| 248|0x000000008f800000, 0x000000008f900000, 0x000000008f900000|100%| O|  |TAMS 0x000000008f800000, 0x000000008f900000| Untracked 
| 249|0x000000008f900000, 0x000000008fa00000, 0x000000008fa00000|100%| O|  |TAMS 0x000000008f900000, 0x000000008fa00000| Untracked 
| 250|0x000000008fa00000, 0x000000008fb00000, 0x000000008fb00000|100%| O|  |TAMS 0x000000008fa00000, 0x000000008fb00000| Untracked 
| 251|0x000000008fb00000, 0x000000008fc00000, 0x000000008fc00000|100%| O|  |TAMS 0x000000008fb00000, 0x000000008fc00000| Untracked 
| 252|0x000000008fc00000, 0x000000008fd00000, 0x000000008fd00000|100%| O|  |TAMS 0x000000008fc00000, 0x000000008fd00000| Untracked 
| 253|0x000000008fd00000, 0x000000008fe00000, 0x000000008fe00000|100%| O|  |TAMS 0x000000008fd00000, 0x000000008fe00000| Untracked 
| 254|0x000000008fe00000, 0x000000008ff00000, 0x000000008ff00000|100%| O|  |TAMS 0x000000008fe00000, 0x000000008ff00000| Untracked 
| 255|0x000000008ff00000, 0x0000000090000000, 0x0000000090000000|100%| O|  |TAMS 0x000000008ff00000, 0x0000000090000000| Untracked 
| 256|0x0000000090000000, 0x0000000090100000, 0x0000000090100000|100%| O|  |TAMS 0x0000000090000000, 0x0000000090000000| Untracked 
| 257|0x0000000090100000, 0x0000000090200000, 0x0000000090200000|100%| O|  |TAMS 0x0000000090100000, 0x0000000090100000| Untracked 
| 258|0x0000000090200000, 0x0000000090300000, 0x0000000090300000|100%| O|  |TAMS 0x0000000090200000, 0x0000000090200000| Untracked 
| 259|0x0000000090300000, 0x0000000090400000, 0x0000000090400000|100%| O|  |TAMS 0x0000000090300000, 0x0000000090300000| Untracked 
| 260|0x0000000090400000, 0x0000000090500000, 0x0000000090500000|100%| O|  |TAMS 0x0000000090400000, 0x0000000090400000| Untracked 
| 261|0x0000000090500000, 0x0000000090600000, 0x0000000090600000|100%| O|  |TAMS 0x0000000090500000, 0x0000000090500000| Untracked 
| 262|0x0000000090600000, 0x0000000090700000, 0x0000000090700000|100%| O|  |TAMS 0x0000000090600000, 0x0000000090600000| Untracked 
| 263|0x0000000090700000, 0x0000000090800000, 0x0000000090800000|100%| O|  |TAMS 0x0000000090700000, 0x0000000090700000| Untracked 
| 264|0x0000000090800000, 0x0000000090900000, 0x0000000090900000|100%| O|  |TAMS 0x0000000090800000, 0x0000000090800000| Untracked 
| 265|0x0000000090900000, 0x0000000090a00000, 0x0000000090a00000|100%| O|  |TAMS 0x0000000090900000, 0x0000000090900000| Untracked 
| 266|0x0000000090a00000, 0x0000000090b00000, 0x0000000090b00000|100%| O|  |TAMS 0x0000000090a00000, 0x0000000090a00000| Untracked 
| 267|0x0000000090b00000, 0x0000000090c00000, 0x0000000090c00000|100%| O|  |TAMS 0x0000000090b00000, 0x0000000090b00000| Untracked 
| 268|0x0000000090c00000, 0x0000000090c94c00, 0x0000000090d00000| 58%| O|  |TAMS 0x0000000090c00000, 0x0000000090c00000| Untracked 
| 269|0x0000000090d00000, 0x0000000090d00000, 0x0000000090e00000|  0%| F|  |TAMS 0x0000000090d00000, 0x0000000090d00000| Untracked 
| 270|0x0000000090e00000, 0x0000000090e00000, 0x0000000090f00000|  0%| F|  |TAMS 0x0000000090e00000, 0x0000000090e00000| Untracked 
| 271|0x0000000090f00000, 0x0000000090f00000, 0x0000000091000000|  0%| F|  |TAMS 0x0000000090f00000, 0x0000000090f00000| Untracked 
| 272|0x0000000091000000, 0x0000000091000000, 0x0000000091100000|  0%| F|  |TAMS 0x0000000091000000, 0x0000000091000000| Untracked 
| 273|0x0000000091100000, 0x0000000091100000, 0x0000000091200000|  0%| F|  |TAMS 0x0000000091100000, 0x0000000091100000| Untracked 
| 274|0x0000000091200000, 0x0000000091200000, 0x0000000091300000|  0%| F|  |TAMS 0x0000000091200000, 0x0000000091200000| Untracked 
| 275|0x0000000091300000, 0x0000000091300000, 0x0000000091400000|  0%| F|  |TAMS 0x0000000091300000, 0x0000000091300000| Untracked 
| 276|0x0000000091400000, 0x0000000091400000, 0x0000000091500000|  0%| F|  |TAMS 0x0000000091400000, 0x0000000091400000| Untracked 
| 277|0x0000000091500000, 0x0000000091500000, 0x0000000091600000|  0%| F|  |TAMS 0x0000000091500000, 0x0000000091500000| Untracked 
| 278|0x0000000091600000, 0x0000000091600000, 0x0000000091700000|  0%| F|  |TAMS 0x0000000091600000, 0x0000000091600000| Untracked 
| 279|0x0000000091700000, 0x0000000091700000, 0x0000000091800000|  0%| F|  |TAMS 0x0000000091700000, 0x0000000091700000| Untracked 
| 280|0x0000000091800000, 0x0000000091800000, 0x0000000091900000|  0%| F|  |TAMS 0x0000000091800000, 0x0000000091800000| Untracked 
| 281|0x0000000091900000, 0x0000000091900000, 0x0000000091a00000|  0%| F|  |TAMS 0x0000000091900000, 0x0000000091900000| Untracked 
| 282|0x0000000091a00000, 0x0000000091a00000, 0x0000000091b00000|  0%| F|  |TAMS 0x0000000091a00000, 0x0000000091a00000| Untracked 
| 283|0x0000000091b00000, 0x0000000091c00000, 0x0000000091c00000|100%| S|CS|TAMS 0x0000000091b00000, 0x0000000091b00000| Complete 
| 284|0x0000000091c00000, 0x0000000091d00000, 0x0000000091d00000|100%| S|CS|TAMS 0x0000000091c00000, 0x0000000091c00000| Complete 
| 285|0x0000000091d00000, 0x0000000091d00000, 0x0000000091e00000|  0%| F|  |TAMS 0x0000000091d00000, 0x0000000091d00000| Untracked 
| 286|0x0000000091e00000, 0x0000000091e00000, 0x0000000091f00000|  0%| F|  |TAMS 0x0000000091e00000, 0x0000000091e00000| Untracked 
| 287|0x0000000091f00000, 0x0000000091f00000, 0x0000000092000000|  0%| F|  |TAMS 0x0000000091f00000, 0x0000000091f00000| Untracked 
| 288|0x0000000092000000, 0x0000000092000000, 0x0000000092100000|  0%| F|  |TAMS 0x0000000092000000, 0x0000000092000000| Untracked 
| 289|0x0000000092100000, 0x0000000092100000, 0x0000000092200000|  0%| F|  |TAMS 0x0000000092100000, 0x0000000092100000| Untracked 
| 290|0x0000000092200000, 0x0000000092200000, 0x0000000092300000|  0%| F|  |TAMS 0x0000000092200000, 0x0000000092200000| Untracked 
| 291|0x0000000092300000, 0x0000000092300000, 0x0000000092400000|  0%| F|  |TAMS 0x0000000092300000, 0x0000000092300000| Untracked 
| 292|0x0000000092400000, 0x0000000092400000, 0x0000000092500000|  0%| F|  |TAMS 0x0000000092400000, 0x0000000092400000| Untracked 
| 293|0x0000000092500000, 0x0000000092500000, 0x0000000092600000|  0%| F|  |TAMS 0x0000000092500000, 0x0000000092500000| Untracked 
| 294|0x0000000092600000, 0x0000000092600000, 0x0000000092700000|  0%| F|  |TAMS 0x0000000092600000, 0x0000000092600000| Untracked 
| 295|0x0000000092700000, 0x0000000092700000, 0x0000000092800000|  0%| F|  |TAMS 0x0000000092700000, 0x0000000092700000| Untracked 
| 296|0x0000000092800000, 0x0000000092800000, 0x0000000092900000|  0%| F|  |TAMS 0x0000000092800000, 0x0000000092800000| Untracked 
| 297|0x0000000092900000, 0x0000000092900000, 0x0000000092a00000|  0%| F|  |TAMS 0x0000000092900000, 0x0000000092900000| Untracked 

Card table byte_map: [0x000001267d6d0000,0x000001267dad0000] _byte_map_base: 0x000001267d2d0000

Marking Bits (Prev, Next): (CMBitMap*) 0x00000126796ffac8, (CMBitMap*) 0x00000126796ffb00
 Prev Bits: [0x000001267ded0000, 0x000001267fed0000)
 Next Bits: [0x000001260f000000, 0x0000012611000000)

Polling page: 0x00000126776e0000

Metaspace:

Usage:
  Non-class:     95.77 MB capacity,    94.15 MB ( 98%) used,     1.32 MB (  1%) free+waste,   304.13 KB ( <1%) overhead. 
      Class:     14.67 MB capacity,    13.71 MB ( 93%) used,   844.50 KB (  6%) free+waste,   134.69 KB ( <1%) overhead. 
       Both:    110.44 MB capacity,   107.86 MB ( 98%) used,     2.15 MB (  2%) free+waste,   438.81 KB ( <1%) overhead. 

Virtual space:
  Non-class space:       96.00 MB reserved,      96.00 MB (100%) committed 
      Class space:        1.00 GB reserved,      14.82 MB (  1%) committed 
             Both:        1.09 GB reserved,     110.82 MB ( 10%) committed 

Chunk freelists:
   Non-Class:  173.00 KB
       Class:  82.00 KB
        Both:  255.00 KB

MaxMetaspaceSize: 17179869184.00 GB
CompressedClassSpaceSize: 1.00 GB

CodeHeap 'non-profiled nmethods': size=120064Kb used=7484Kb max_used=7484Kb free=112579Kb
 bounds [0x0000012607ac0000, 0x0000012608210000, 0x000001260f000000]
CodeHeap 'profiled nmethods': size=120000Kb used=29256Kb max_used=29256Kb free=90744Kb
 bounds [0x0000012600590000, 0x0000012602230000, 0x0000012607ac0000]
CodeHeap 'non-nmethods': size=5696Kb used=2344Kb max_used=2420Kb free=3351Kb
 bounds [0x0000012600000000, 0x0000012600270000, 0x0000012600590000]
 total_blobs=14387 nmethods=13423 adapters=875
 compilation: enabled
              stopped_count=0, restarted_count=0
 full_count=0

Compilation events (20 events):
Event: 34.230 Thread 0x0000012613ff5800 13595       2       com.android.tools.r8.code.t::<init> (7 bytes)
Event: 34.230 Thread 0x0000012613ff5800 nmethod 13595 0x0000012602213190 code [0x0000012602213360, 0x0000012602213528]
Event: 34.234 Thread 0x0000012613ff5800 13596 %     3       com.android.tools.r8.dex.j::f @ 34 (109 bytes)
Event: 34.234 Thread 0x0000012613ff5800 nmethod 13596% 0x0000012602213690 code [0x0000012602213920, 0x0000012602214518]
Event: 34.239 Thread 0x0000012613ff5800 13597       3       com.android.tools.r8.graph.u::a (56 bytes)
Event: 34.242 Thread 0x0000012613ff5800 nmethod 13597 0x0000012602214b10 code [0x0000012602214d80, 0x0000012602215868]
Event: 34.246 Thread 0x0000012613ff5800 13599       3       com.android.tools.r8.dex.j::f (109 bytes)
Event: 34.246 Thread 0x0000012613ff5800 nmethod 13599 0x0000012602215c10 code [0x0000012602215e80, 0x0000012602216998]
Event: 34.268 Thread 0x0000012613ff5800 13600 %     3       com.android.tools.r8.dex.j::a @ 216 (884 bytes)
Event: 34.278 Thread 0x0000012613ff5800 nmethod 13600% 0x0000012602216f10 code [0x00000126022177c0, 0x000001260221d1b8]
Event: 34.299 Thread 0x0000012613ff5800 13602       2       java.util.concurrent.locks.ReentrantReadWriteLock$ReadLock::lock (9 bytes)
Event: 34.300 Thread 0x0000012613ff5800 nmethod 13602 0x0000012602220690 code [0x0000012602220860, 0x00000126022209b8]
Event: 34.300 Thread 0x0000012613ff5800 13603       2       java.util.concurrent.locks.AbstractQueuedSynchronizer::acquireShared (14 bytes)
Event: 34.300 Thread 0x0000012613ff5800 nmethod 13603 0x0000012602220a90 code [0x0000012602220c60, 0x0000012602220db8]
Event: 34.300 Thread 0x0000012613ff5800 13604       2       java.util.concurrent.locks.ReentrantReadWriteLock$Sync::tryAcquireShared (177 bytes)
Event: 34.301 Thread 0x0000012613ff5800 nmethod 13604 0x0000012602220e90 code [0x00000126022210e0, 0x0000012602221868]
Event: 34.301 Thread 0x0000012613ff5800 13605       2       java.util.concurrent.locks.ReentrantReadWriteLock$Sync::sharedCount (5 bytes)
Event: 34.301 Thread 0x0000012613ff5800 nmethod 13605 0x0000012602221d10 code [0x0000012602221ec0, 0x0000012602221f98]
Event: 34.334 Thread 0x0000012613ff1800 nmethod 13228 0x0000012608202d10 code [0x0000012608203a60, 0x000001260820af70]
Event: 34.335 Thread 0x0000012613ff1800 13364 %     4       com.android.tools.r8.dex.j::a @ 315 (1038 bytes)

GC Heap History (20 events):
Event: 33.303 GC heap after
{Heap after GC invocations=23 (full 0):
 garbage-first heap   total 305152K, used 174638K [0x0000000080000000, 0x0000000100000000)
  region size 1024K, 10 young (10240K), 10 survivors (10240K)
 Metaspace       used 105711K, capacity 108321K, committed 109132K, reserved 1144832K
  class space    used 13437K, capacity 14395K, committed 14668K, reserved 1048576K
}
Event: 33.457 GC heap before
{Heap before GC invocations=24 (full 0):
 garbage-first heap   total 305152K, used 211502K [0x0000000080000000, 0x0000000100000000)
  region size 1024K, 45 young (46080K), 10 survivors (10240K)
 Metaspace       used 107123K, capacity 109700K, committed 110412K, reserved 1144832K
  class space    used 13490K, capacity 14428K, committed 14668K, reserved 1048576K
}
Event: 33.478 GC heap after
{Heap after GC invocations=25 (full 0):
 garbage-first heap   total 305152K, used 186558K [0x0000000080000000, 0x0000000100000000)
  region size 1024K, 8 young (8192K), 8 survivors (8192K)
 Metaspace       used 107123K, capacity 109700K, committed 110412K, reserved 1144832K
  class space    used 13490K, capacity 14428K, committed 14668K, reserved 1048576K
}
Event: 33.753 GC heap before
{Heap before GC invocations=26 (full 0):
 garbage-first heap   total 305152K, used 234686K [0x0000000080000000, 0x0000000100000000)
  region size 1024K, 52 young (53248K), 8 survivors (8192K)
 Metaspace       used 110038K, capacity 112710K, committed 113228K, reserved 1146880K
  class space    used 14020K, capacity 15009K, committed 15180K, reserved 1048576K
}
Event: 33.778 GC heap after
{Heap after GC invocations=27 (full 0):
 garbage-first heap   total 305152K, used 206469K [0x0000000080000000, 0x0000000100000000)
  region size 1024K, 7 young (7168K), 7 survivors (7168K)
 Metaspace       used 110038K, capacity 112710K, committed 113228K, reserved 1146880K
  class space    used 14020K, capacity 15009K, committed 15180K, reserved 1048576K
}
Event: 33.856 GC heap before
{Heap before GC invocations=27 (full 0):
 garbage-first heap   total 305152K, used 232069K [0x0000000080000000, 0x0000000100000000)
  region size 1024K, 34 young (34816K), 7 survivors (7168K)
 Metaspace       used 110195K, capacity 112851K, committed 113228K, reserved 1146880K
  class space    used 14020K, capacity 15009K, committed 15180K, reserved 1048576K
}
Event: 33.872 GC heap after
{Heap after GC invocations=28 (full 0):
 garbage-first heap   total 305152K, used 222208K [0x0000000080000000, 0x0000000100000000)
  region size 1024K, 6 young (6144K), 6 survivors (6144K)
 Metaspace       used 110195K, capacity 112851K, committed 113228K, reserved 1146880K
  class space    used 14020K, capacity 15009K, committed 15180K, reserved 1048576K
}
Event: 34.003 GC heap before
{Heap before GC invocations=28 (full 0):
 garbage-first heap   total 305152K, used 248832K [0x0000000080000000, 0x0000000100000000)
  region size 1024K, 32 young (32768K), 6 survivors (6144K)
 Metaspace       used 110273K, capacity 112862K, committed 113228K, reserved 1146880K
  class space    used 14023K, capacity 15011K, committed 15180K, reserved 1048576K
}
Event: 34.019 GC heap after
{Heap after GC invocations=29 (full 0):
 garbage-first heap   total 305152K, used 236008K [0x0000000080000000, 0x0000000100000000)
  region size 1024K, 4 young (4096K), 4 survivors (4096K)
 Metaspace       used 110273K, capacity 112862K, committed 113228K, reserved 1146880K
  class space    used 14023K, capacity 15011K, committed 15180K, reserved 1048576K
}
Event: 34.095 GC heap before
{Heap before GC invocations=29 (full 0):
 garbage-first heap   total 305152K, used 253416K [0x0000000080000000, 0x0000000100000000)
  region size 1024K, 22 young (22528K), 4 survivors (4096K)
 Metaspace       used 110308K, capacity 113002K, committed 113484K, reserved 1146880K
  class space    used 14028K, capacity 15015K, committed 15180K, reserved 1048576K
}
Event: 34.106 GC heap after
{Heap after GC invocations=30 (full 0):
 garbage-first heap   total 305152K, used 245217K [0x0000000080000000, 0x0000000100000000)
  region size 1024K, 3 young (3072K), 3 survivors (3072K)
 Metaspace       used 110308K, capacity 113002K, committed 113484K, reserved 1146880K
  class space    used 14028K, capacity 15015K, committed 15180K, reserved 1048576K
}
Event: 34.173 GC heap before
{Heap before GC invocations=31 (full 0):
 garbage-first heap   total 305152K, used 258529K [0x0000000080000000, 0x0000000100000000)
  region size 1024K, 16 young (16384K), 3 survivors (3072K)
 Metaspace       used 110395K, capacity 113073K, committed 113484K, reserved 1146880K
  class space    used 14038K, capacity 15017K, committed 15180K, reserved 1048576K
}
Event: 34.182 GC heap after
{Heap after GC invocations=32 (full 0):
 garbage-first heap   total 305152K, used 252709K [0x0000000080000000, 0x0000000100000000)
  region size 1024K, 2 young (2048K), 2 survivors (2048K)
 Metaspace       used 110395K, capacity 113073K, committed 113484K, reserved 1146880K
  class space    used 14038K, capacity 15017K, committed 15180K, reserved 1048576K
}
Event: 34.218 GC heap before
{Heap before GC invocations=32 (full 0):
 garbage-first heap   total 305152K, used 264997K [0x0000000080000000, 0x0000000100000000)
  region size 1024K, 14 young (14336K), 2 survivors (2048K)
 Metaspace       used 110440K, capacity 113089K, committed 113484K, reserved 1146880K
  class space    used 14042K, capacity 15022K, committed 15180K, reserved 1048576K
}
Event: 34.228 GC heap after
{Heap after GC invocations=33 (full 0):
 garbage-first heap   total 305152K, used 258048K [0x0000000080000000, 0x0000000100000000)
  region size 1024K, 2 young (2048K), 2 survivors (2048K)
 Metaspace       used 110440K, capacity 113089K, committed 113484K, reserved 1146880K
  class space    used 14042K, capacity 15022K, committed 15180K, reserved 1048576K
}
Event: 34.280 GC heap before
{Heap before GC invocations=33 (full 0):
 garbage-first heap   total 305152K, used 269312K [0x0000000080000000, 0x0000000100000000)
  region size 1024K, 14 young (14336K), 2 survivors (2048K)
 Metaspace       used 110443K, capacity 113089K, committed 113484K, reserved 1146880K
  class space    used 14042K, capacity 15022K, committed 15180K, reserved 1048576K
}
Event: 34.293 GC heap after
{Heap after GC invocations=34 (full 0):
 garbage-first heap   total 305152K, used 264192K [0x0000000080000000, 0x0000000100000000)
  region size 1024K, 2 young (2048K), 2 survivors (2048K)
 Metaspace       used 110443K, capacity 113089K, committed 113484K, reserved 1146880K
  class space    used 14042K, capacity 15022K, committed 15180K, reserved 1048576K
}
Event: 34.342 GC heap before
{Heap before GC invocations=34 (full 0):
 garbage-first heap   total 305152K, used 276480K [0x0000000080000000, 0x0000000100000000)
  region size 1024K, 14 young (14336K), 2 survivors (2048K)
 Metaspace       used 110450K, capacity 113089K, committed 113484K, reserved 1146880K
  class space    used 14042K, capacity 15022K, committed 15180K, reserved 1048576K
}
Event: 34.348 GC heap after
{Heap after GC invocations=35 (full 0):
 garbage-first heap   total 305152K, used 270945K [0x0000000080000000, 0x0000000100000000)
  region size 1024K, 2 young (2048K), 2 survivors (2048K)
 Metaspace       used 110450K, capacity 113089K, committed 113484K, reserved 1146880K
  class space    used 14042K, capacity 15022K, committed 15180K, reserved 1048576K
}
Event: 34.379 GC heap before
{Heap before GC invocations=35 (full 0):
 garbage-first heap   total 305152K, used 283233K [0x0000000080000000, 0x0000000100000000)
  region size 1024K, 14 young (14336K), 2 survivors (2048K)
 Metaspace       used 110450K, capacity 113089K, committed 113484K, reserved 1146880K
  class space    used 14042K, capacity 15022K, committed 15180K, reserved 1048576K
}

Deoptimization events (20 events):
Event: 34.230 Thread 0x000001261b5d8000 Uncommon trap: trap_request=0xffffffc6 fr.pc=0x000001260808d484 relative=0x0000000000004be4
Event: 34.230 Thread 0x000001261b5d8000 Uncommon trap: reason=bimorphic_or_optimized_type_check action=maybe_recompile pc=0x000001260808d484 method=java.nio.file.FileTreeWalker.next()Ljava/nio/file/FileTreeWalker$Event; @ 37 c2
Event: 34.230 Thread 0x000001261b5d8000 DEOPT PACKING pc=0x000001260808d484 sp=0x000000186e7fc420
Event: 34.230 Thread 0x000001261b5d8000 DEOPT UNPACKING pc=0x000001260002662f sp=0x000000186e7fc478 mode 2
Event: 34.230 Thread 0x000001261b5d8000 Uncommon trap: trap_request=0xffffffde fr.pc=0x000001260807f614 relative=0x0000000000004074
Event: 34.230 Thread 0x000001261b5d8000 Uncommon trap: reason=class_check action=maybe_recompile pc=0x000001260807f614 method=java.nio.file.FileTreeWalker.getAttributes(Ljava/nio/file/Path;Z)Ljava/nio/file/attribute/BasicFileAttributes; @ 79 c2
Event: 34.230 Thread 0x000001261b5d8000 DEOPT PACKING pc=0x000001260807f614 sp=0x000000186e7fc2c0
Event: 34.230 Thread 0x000001261b5d8000 DEOPT UNPACKING pc=0x000001260002662f sp=0x000000186e7fc2d8 mode 2
Event: 34.299 Thread 0x000001261b5d8000 Uncommon trap: trap_request=0xffffffc6 fr.pc=0x000001260808d484 relative=0x0000000000004be4
Event: 34.299 Thread 0x000001261b5d8000 Uncommon trap: reason=bimorphic_or_optimized_type_check action=maybe_recompile pc=0x000001260808d484 method=java.nio.file.FileTreeWalker.next()Ljava/nio/file/FileTreeWalker$Event; @ 37 c2
Event: 34.299 Thread 0x000001261b5d8000 DEOPT PACKING pc=0x000001260808d484 sp=0x000000186e7fc420
Event: 34.299 Thread 0x000001261b5d8000 DEOPT UNPACKING pc=0x000001260002662f sp=0x000000186e7fc478 mode 2
Event: 34.299 Thread 0x000001261b5d8000 Uncommon trap: trap_request=0xffffffde fr.pc=0x000001260807f614 relative=0x0000000000004074
Event: 34.299 Thread 0x000001261b5d8000 Uncommon trap: reason=class_check action=maybe_recompile pc=0x000001260807f614 method=java.nio.file.FileTreeWalker.getAttributes(Ljava/nio/file/Path;Z)Ljava/nio/file/attribute/BasicFileAttributes; @ 79 c2
Event: 34.299 Thread 0x000001261b5d8000 DEOPT PACKING pc=0x000001260807f614 sp=0x000000186e7fc2c0
Event: 34.299 Thread 0x000001261b5d8000 DEOPT UNPACKING pc=0x000001260002662f sp=0x000000186e7fc2d8 mode 2
Event: 34.299 Thread 0x000001261b5d8000 Uncommon trap: trap_request=0xffffffc6 fr.pc=0x000001260808d484 relative=0x0000000000004be4
Event: 34.299 Thread 0x000001261b5d8000 Uncommon trap: reason=bimorphic_or_optimized_type_check action=maybe_recompile pc=0x000001260808d484 method=java.nio.file.FileTreeWalker.next()Ljava/nio/file/FileTreeWalker$Event; @ 37 c2
Event: 34.299 Thread 0x000001261b5d8000 DEOPT PACKING pc=0x000001260808d484 sp=0x000000186e7fc420
Event: 34.299 Thread 0x000001261b5d8000 DEOPT UNPACKING pc=0x000001260002662f sp=0x000000186e7fc478 mode 2

Classes redefined (0 events):
No events

Internal exceptions (20 events):
Event: 33.050 Thread 0x000001261b5d5000 Exception <a 'java/lang/NoSuchMethodError'{0x0000000091776100}: 'java.lang.Object java.lang.invoke.DirectMethodHandle$Holder.invokeStaticInit(java.lang.Object, java.lang.Object, java.lang.Object, java.lang.Object, java.lang.Object, java.lang.Object, java.lang.Object, java.lang.Object, java.lang.Object, java.lang.Object, java.lang.Object, java.lang.Object, java.lang.Object, java.lang.Object, java.lang.Object, java.lang.Object, java.lang.Object, java.lang.Object, int, java.lang.Object)'> (0x0000000091776100)
Event: 33.080 Thread 0x000001261b5d8000 Exception <a 'java/security/PrivilegedActionException'{0x000000009299a288}> (0x000000009299a288) thrown at [./src/hotspot/share/prims/jvm.cpp, line 1306]
Event: 33.080 Thread 0x000001261b5d8000 Exception <a 'java/security/PrivilegedActionException'{0x000000009299a800}> (0x000000009299a800) thrown at [./src/hotspot/share/prims/jvm.cpp, line 1306]
Event: 33.081 Thread 0x000001261b5d8000 Exception <a 'java/security/PrivilegedActionException'{0x000000009299ba30}> (0x000000009299ba30) thrown at [./src/hotspot/share/prims/jvm.cpp, line 1306]
Event: 33.081 Thread 0x000001261b5d8000 Exception <a 'java/security/PrivilegedActionException'{0x000000009299bfa8}> (0x000000009299bfa8) thrown at [./src/hotspot/share/prims/jvm.cpp, line 1306]
Event: 33.081 Thread 0x000001261b5d8000 Exception <a 'java/security/PrivilegedActionException'{0x00000000929c7628}> (0x00000000929c7628) thrown at [./src/hotspot/share/prims/jvm.cpp, line 1306]
Event: 33.081 Thread 0x000001261b5d8000 Exception <a 'java/security/PrivilegedActionException'{0x00000000929c7ba0}> (0x00000000929c7ba0) thrown at [./src/hotspot/share/prims/jvm.cpp, line 1306]
Event: 33.081 Thread 0x000001261b5d8000 Exception <a 'java/security/PrivilegedActionException'{0x00000000929c8de8}> (0x00000000929c8de8) thrown at [./src/hotspot/share/prims/jvm.cpp, line 1306]
Event: 33.081 Thread 0x000001261b5d8000 Exception <a 'java/security/PrivilegedActionException'{0x00000000929c9360}> (0x00000000929c9360) thrown at [./src/hotspot/share/prims/jvm.cpp, line 1306]
Event: 33.081 Thread 0x000001261b5d8000 Exception <a 'java/security/PrivilegedActionException'{0x00000000929ca5e8}> (0x00000000929ca5e8) thrown at [./src/hotspot/share/prims/jvm.cpp, line 1306]
Event: 33.081 Thread 0x000001261b5d8000 Exception <a 'java/security/PrivilegedActionException'{0x00000000929cab60}> (0x00000000929cab60) thrown at [./src/hotspot/share/prims/jvm.cpp, line 1306]
Event: 33.081 Thread 0x000001261b5d8000 Exception <a 'java/security/PrivilegedActionException'{0x00000000929cbe48}> (0x00000000929cbe48) thrown at [./src/hotspot/share/prims/jvm.cpp, line 1306]
Event: 33.081 Thread 0x000001261b5d8000 Exception <a 'java/security/PrivilegedActionException'{0x00000000929cc3c0}> (0x00000000929cc3c0) thrown at [./src/hotspot/share/prims/jvm.cpp, line 1306]
Event: 33.441 Thread 0x000001261b5d8000 Implicit null exception at 0x0000012607df970c to 0x0000012607dfbeb8
Event: 33.558 Thread 0x000001261cbe7800 Exception <a 'java/lang/IncompatibleClassChangeError'{0x0000000091808bd8}: Found class java.lang.Object, but interface was expected> (0x0000000091808bd8) thrown at [./src/hotspot/share/interpreter/linkResolver.cpp, line 839]
Event: 33.568 Thread 0x000001261cbe6000 Exception <a 'java/lang/NoSuchMethodError'{0x0000000091727c08}: 'java.lang.Object java.lang.invoke.DirectMethodHandle$Holder.newInvokeSpecial(java.lang.Object, int)'> (0x0000000091727c08) thrown at [./src/hotspot/share/interpreter/linkResolver.cpp, line 773]
Event: 33.588 Thread 0x000001261cbe5000 Exception <a 'java/lang/IncompatibleClassChangeError'{0x0000000091601d70}: Found class java.lang.Object, but interface was expected> (0x0000000091601d70) thrown at [./src/hotspot/share/interpreter/linkResolver.cpp, line 839]
Event: 33.588 Thread 0x000001261cbe5000 Exception <a 'java/lang/IncompatibleClassChangeError'{0x00000000916091f0}: Found class java.lang.Object, but interface was expected> (0x00000000916091f0) thrown at [./src/hotspot/share/interpreter/linkResolver.cpp, line 839]
Event: 33.949 Thread 0x000001261b5d8000 Exception <a 'sun/nio/fs/WindowsException'{0x0000000091abfff0}> (0x0000000091abfff0) thrown at [./src/hotspot/share/prims/jni.cpp, line 615]
Event: 33.949 Thread 0x000001261b5d8000 Exception <a 'sun/nio/fs/WindowsException'{0x0000000091ac0070}> (0x0000000091ac0070) thrown at [./src/hotspot/share/prims/jni.cpp, line 615]

Events (20 events):
Event: 34.192 loading class com/sun/tools/javac/code/Symbol$ModuleSymbol done
Event: 34.192 loading class com/sun/tools/javac/comp/Modules
Event: 34.192 loading class com/sun/tools/javac/comp/Modules done
Event: 34.193 loading class com/sun/tools/javac/code/Directive$RequiresDirective
Event: 34.193 loading class com/sun/tools/javac/code/Directive$RequiresDirective done
Event: 34.193 loading class com/sun/tools/javac/code/Directive$RequiresDirective
Event: 34.193 loading class com/sun/tools/javac/code/Directive$RequiresDirective done
Event: 34.195 loading class org/jetbrains/kotlin/kapt3/base/JavacListUtilsKt
Event: 34.195 loading class org/jetbrains/kotlin/kapt3/base/JavacListUtilsKt done
Event: 34.196 loading class com/sun/tools/javac/code/Symbol$PackageSymbol
Event: 34.196 loading class com/sun/tools/javac/code/Symbol$PackageSymbol done
Event: 34.218 Executing VM operation: G1CollectForAllocation
Event: 34.218 Executing VM operation: G1CollectForAllocation done
Event: 34.218 Executing VM operation: G1CollectForAllocation
Event: 34.228 Executing VM operation: G1CollectForAllocation done
Event: 34.279 Executing VM operation: G1CollectForAllocation
Event: 34.293 Executing VM operation: G1CollectForAllocation done
Event: 34.340 Executing VM operation: G1CollectForAllocation
Event: 34.348 Executing VM operation: G1CollectForAllocation done
Event: 34.379 Executing VM operation: G1CollectForAllocation


Dynamic libraries:
0x00007ff6ad120000 - 0x00007ff6ad12a000 	D:\androidstu\jre\bin\java.exe
0x00007ffb5f970000 - 0x00007ffb5fb65000 	C:\WINDOWS\SYSTEM32\ntdll.dll
0x00007ffb5e0c0000 - 0x00007ffb5e17d000 	C:\WINDOWS\System32\KERNEL32.DLL
0x00007ffb5d0a0000 - 0x00007ffb5d369000 	C:\WINDOWS\System32\KERNELBASE.dll
0x00007ffb5db00000 - 0x00007ffb5dbac000 	C:\WINDOWS\System32\ADVAPI32.DLL
0x00007ffb5edf0000 - 0x00007ffb5ee8e000 	C:\WINDOWS\System32\msvcrt.dll
0x00007ffb5f710000 - 0x00007ffb5f7ab000 	C:\WINDOWS\System32\sechost.dll
0x00007ffb5d9d0000 - 0x00007ffb5dafa000 	C:\WINDOWS\System32\RPCRT4.dll
0x00007ffb5d370000 - 0x00007ffb5d470000 	C:\WINDOWS\System32\ucrtbase.dll
0x00007ffb58c80000 - 0x00007ffb58c97000 	D:\androidstu\jre\bin\VCRUNTIME140.dll
0x00007ffb58ca0000 - 0x00007ffb58cb9000 	D:\androidstu\jre\bin\jli.dll
0x00007ffb5eb10000 - 0x00007ffb5ecb0000 	C:\WINDOWS\System32\USER32.dll
0x00007ffb5d890000 - 0x00007ffb5d8b2000 	C:\WINDOWS\System32\win32u.dll
0x00007ffb5f6d0000 - 0x00007ffb5f6fa000 	C:\WINDOWS\System32\GDI32.dll
0x00007ffb5d4a0000 - 0x00007ffb5d5ab000 	C:\WINDOWS\System32\gdi32full.dll
0x00007ffb5d710000 - 0x00007ffb5d7ad000 	C:\WINDOWS\System32\msvcp_win.dll
0x00007ffb464a0000 - 0x00007ffb4673a000 	C:\WINDOWS\WinSxS\amd64_microsoft.windows.common-controls_6595b64144ccf1df_6.0.19041.1110_none_60b5254171f9507e\COMCTL32.dll
0x00007ffb5eae0000 - 0x00007ffb5eb10000 	C:\WINDOWS\System32\IMM32.DLL
0x00007ffb326e0000 - 0x00007ffb3277d000 	D:\androidstu\jre\bin\msvcp140.dll
0x00007ffb1b2a0000 - 0x00007ffb1bd75000 	D:\androidstu\jre\bin\server\jvm.dll
0x00007ffb5e9b0000 - 0x00007ffb5e9b8000 	C:\WINDOWS\System32\PSAPI.DLL
0x00007ffb4c690000 - 0x00007ffb4c699000 	C:\WINDOWS\SYSTEM32\WSOCK32.dll
0x00007ffb5f390000 - 0x00007ffb5f3fb000 	C:\WINDOWS\System32\WS2_32.dll
0x00007ffb440f0000 - 0x00007ffb44117000 	C:\WINDOWS\SYSTEM32\WINMM.dll
0x00007ffb58ac0000 - 0x00007ffb58aca000 	C:\WINDOWS\SYSTEM32\VERSION.dll
0x00007ffb5afd0000 - 0x00007ffb5afe2000 	C:\WINDOWS\SYSTEM32\kernel.appcore.dll
0x00007ffb4a6b0000 - 0x00007ffb4a6c1000 	D:\androidstu\jre\bin\verify.dll
0x00007ffb4ce80000 - 0x00007ffb4d064000 	C:\WINDOWS\SYSTEM32\DBGHELP.DLL
0x00007ffb4aaa0000 - 0x00007ffb4aacc000 	C:\WINDOWS\SYSTEM32\dbgcore.DLL
0x00007ffb5d800000 - 0x00007ffb5d883000 	C:\WINDOWS\System32\bcryptPrimitives.dll
0x00007ffb49570000 - 0x00007ffb49599000 	D:\androidstu\jre\bin\java.dll
0x00007ffb4c610000 - 0x00007ffb4c61b000 	D:\androidstu\jre\bin\jimage.dll
0x00007ffb492f0000 - 0x00007ffb49308000 	D:\androidstu\jre\bin\zip.dll
0x00007ffb5e260000 - 0x00007ffb5e99f000 	C:\WINDOWS\System32\SHELL32.dll
0x00007ffb5b1d0000 - 0x00007ffb5b960000 	C:\WINDOWS\SYSTEM32\windows.storage.dll
0x00007ffb5dbb0000 - 0x00007ffb5df05000 	C:\WINDOWS\System32\combase.dll
0x00007ffb5ca30000 - 0x00007ffb5ca5c000 	C:\WINDOWS\SYSTEM32\Wldp.dll
0x00007ffb5f5c0000 - 0x00007ffb5f66e000 	C:\WINDOWS\System32\SHCORE.dll
0x00007ffb5f310000 - 0x00007ffb5f365000 	C:\WINDOWS\System32\shlwapi.dll
0x00007ffb5cfe0000 - 0x00007ffb5cfff000 	C:\WINDOWS\SYSTEM32\profapi.dll
0x00007ffb492d0000 - 0x00007ffb492ea000 	D:\androidstu\jre\bin\net.dll
0x00007ffb4fc00000 - 0x00007ffb4fd08000 	C:\WINDOWS\SYSTEM32\WINHTTP.dll
0x00007ffb5c790000 - 0x00007ffb5c7fa000 	C:\WINDOWS\system32\mswsock.dll
0x00007ffb492b0000 - 0x00007ffb492c4000 	D:\androidstu\jre\bin\nio.dll
0x00007ffb4c6a0000 - 0x00007ffb4c6c7000 	C:\Users\JDKJ\.gradle\native\8bec1ad78214c89d9ad589b4d07fe93259594b29d510b10fafb7a158f7737e5d\windows-amd64\native-platform.dll
0x00007ffb1eed0000 - 0x00007ffb1f00d000 	C:\Users\JDKJ\.gradle\native\53dbd7edfb1c66fb8903c78663c9afc45aea4f116125fa6feffd364cf09443e8\windows-amd64\native-platform-file-events.dll
0x00007ffb49560000 - 0x00007ffb4956a000 	D:\androidstu\jre\bin\management.dll
0x00007ffb49240000 - 0x00007ffb4924d000 	D:\androidstu\jre\bin\management_ext.dll
0x00007ffb5c990000 - 0x00007ffb5c9a8000 	C:\WINDOWS\SYSTEM32\CRYPTSP.dll
0x00007ffb5c110000 - 0x00007ffb5c144000 	C:\WINDOWS\system32\rsaenh.dll
0x00007ffb5d470000 - 0x00007ffb5d497000 	C:\WINDOWS\System32\bcrypt.dll
0x00007ffb5cfa0000 - 0x00007ffb5cfce000 	C:\WINDOWS\SYSTEM32\USERENV.dll
0x00007ffb5c980000 - 0x00007ffb5c98c000 	C:\WINDOWS\SYSTEM32\CRYPTBASE.dll
0x00007ffb5c480000 - 0x00007ffb5c4bb000 	C:\WINDOWS\SYSTEM32\IPHLPAPI.DLL
0x00007ffb5f700000 - 0x00007ffb5f708000 	C:\WINDOWS\System32\NSI.dll
0x00007ffb4f510000 - 0x00007ffb4f527000 	C:\WINDOWS\SYSTEM32\dhcpcsvc6.DLL
0x00007ffb4f4f0000 - 0x00007ffb4f50d000 	C:\WINDOWS\SYSTEM32\dhcpcsvc.DLL
0x00007ffb5c4c0000 - 0x00007ffb5c58c000 	C:\WINDOWS\SYSTEM32\DNSAPI.dll
0x00007ffb47570000 - 0x00007ffb4758e000 	C:\Users\JDKJ\AppData\Local\Temp\native-platform1973231981783753656dir\native-platform.dll
0x00007ffb49360000 - 0x00007ffb49368000 	D:\androidstu\jre\bin\rmi.dll
0x00007ffb3d490000 - 0x00007ffb3d4a7000 	C:\WINDOWS\system32\napinsp.dll
0x00007ffb3d3d0000 - 0x00007ffb3d3eb000 	C:\WINDOWS\system32\pnrpnsp.dll
0x00007ffb41ca0000 - 0x00007ffb41cb5000 	C:\WINDOWS\system32\wshbth.dll
0x00007ffb58aa0000 - 0x00007ffb58abd000 	C:\WINDOWS\system32\NLAapi.dll
0x00007ffb3d2e0000 - 0x00007ffb3d2f2000 	C:\WINDOWS\System32\winrnr.dll
0x00007ffb4ad50000 - 0x00007ffb4ad5a000 	C:\Windows\System32\rasadhlp.dll
0x00007ffb4fb80000 - 0x00007ffb4fbff000 	C:\WINDOWS\System32\fwpuclnt.dll

dbghelp: loaded successfully - version: 4.0.5 - missing functions: none
symbol engine: initialized successfully - sym options: 0x614 - pdb path: .;D:\androidstu\jre\bin;C:\WINDOWS\SYSTEM32;C:\WINDOWS\WinSxS\amd64_microsoft.windows.common-controls_6595b64144ccf1df_6.0.19041.1110_none_60b5254171f9507e;D:\androidstu\jre\bin\server;C:\Users\JDKJ\.gradle\native\8bec1ad78214c89d9ad589b4d07fe93259594b29d510b10fafb7a158f7737e5d\windows-amd64;C:\Users\JDKJ\.gradle\native\53dbd7edfb1c66fb8903c78663c9afc45aea4f116125fa6feffd364cf09443e8\windows-amd64;C:\Users\JDKJ\AppData\Local\Temp\native-platform1973231981783753656dir

VM Arguments:
jvm_args: --add-opens=java.base/java.util=ALL-UNNAMED --add-opens=java.base/java.lang=ALL-UNNAMED --add-opens=java.base/java.lang.invoke=ALL-UNNAMED --add-opens=java.base/java.util=ALL-UNNAMED --add-opens=java.prefs/java.util.prefs=ALL-UNNAMED --add-opens=java.prefs/java.util.prefs=ALL-UNNAMED --add-opens=java.base/java.nio.charset=ALL-UNNAMED --add-opens=java.base/java.net=ALL-UNNAMED --add-opens=java.base/java.util.concurrent.atomic=ALL-UNNAMED -Xmx2048m -Dfile.encoding=UTF-8 -Duser.country=CN -Duser.language=zh -Duser.variant 
java_command: org.gradle.launcher.daemon.bootstrap.GradleDaemon 7.0.2
java_class_path (initial): C:\Users\JDKJ\.gradle\wrapper\dists\gradle-7.0.2-all\7era6s5ay7zsbhuvl0oc9g94s\gradle-7.0.2\lib\gradle-launcher-7.0.2.jar
Launcher Type: SUN_STANDARD

[Global flags]
     intx CICompilerCount                          = 3                                         {product} {ergonomic}
     uint ConcGCThreads                            = 2                                         {product} {ergonomic}
     uint G1ConcRefinementThreads                  = 6                                         {product} {ergonomic}
   size_t G1HeapRegionSize                         = 1048576                                   {product} {ergonomic}
    uintx GCDrainStackTargetSize                   = 64                                        {product} {ergonomic}
   size_t InitialHeapSize                          = 260046848                                 {product} {ergonomic}
   size_t MarkStackSize                            = 4194304                                   {product} {ergonomic}
   size_t MaxHeapSize                              = 2147483648                                {product} {command line}
   size_t MaxNewSize                               = 1287651328                                {product} {ergonomic}
   size_t MinHeapDeltaBytes                        = 1048576                                   {product} {ergonomic}
    uintx NonNMethodCodeHeapSize                   = 5830732                                {pd product} {ergonomic}
    uintx NonProfiledCodeHeapSize                  = 122913754                              {pd product} {ergonomic}
    uintx ProfiledCodeHeapSize                     = 122913754                              {pd product} {ergonomic}
    uintx ReservedCodeCacheSize                    = 251658240                              {pd product} {ergonomic}
     bool SegmentedCodeCache                       = true                                      {product} {ergonomic}
     bool UseCompressedClassPointers               = true                                 {lp64_product} {ergonomic}
     bool UseCompressedOops                        = true                                 {lp64_product} {ergonomic}
     bool UseG1GC                                  = true                                      {product} {ergonomic}
     bool UseLargePagesIndividualAllocation        = false                                  {pd product} {ergonomic}

Logging:
Log output configuration:
 #0: stdout all=warning uptime,level,tags
 #1: stderr all=off uptime,level,tags

Environment Variables:
JAVA_HOME=C:\Program Files\Java\jdk1.8.0_261,;C:\Program Files\Java\jdk-11.0.13
CLASSPATH=.;C:\Program Files\Java\jdk1.8.0_261,;C:\Program Files\Java\jdk-11.0.13\lib\dt.jar;C:\Program Files\Java\jdk1.8.0_261,;C:\Program Files\Java\jdk-11.0.13\lib\tools.jar
PATH=C:\Program Files\Common Files\Oracle\Java\javapath;C:\Program Files (x86)\Common Files\Oracle\Java\javapath;C:\WINDOWS\system32;C:\WINDOWS;C:\WINDOWS\System32\Wbem;C:\WINDOWS\System32\WindowsPowerShell\v1.0\;C:\WINDOWS\System32\OpenSSH\;D:\JetBrains\IntelliJ IDEA 2020.2.1\plugins\maven\lib\maven3\bin;D:\TortoiseSVN\bin;C:\Program Files\Git\cmd;C:\Program Files\Java\jdk1.8.0_261,;C:\Program Files\Java\jdk-11.0.13\bin;C:\Program Files\Java\jdk1.8.0_261,;C:\Program Files\Java\jdk-11.0.13\jre\bin;C:\Users\JDKJ\.gradle\wrapper\dists\gradle-6.5-bin\bin;C:\Users\JDKJ\AppData\Local\Microsoft\WindowsApps;D:\flutter\flutter_windows_2.5.3-stable\flutter\bin;C:\Users\JDKJ\AppData\Local\Android\Sdk\build-tools\30.0.2;C:\Users\JDKJ\AppData\Local\Android\Sdk\build-tools\30.0.2\lib;;C:\Users\JDKJ\AppData\Local\Programs\Microsoft VS Code\bin
USERNAME=JDKJ
OS=Windows_NT
PROCESSOR_IDENTIFIER=Intel64 Family 6 Model 158 Stepping 10, GenuineIntel



---------------  S Y S T E M  ---------------

OS: Windows 10 , 64 bit Build 19041 (10.0.19041.1151)
OS uptime: 1 days 6:35 hours

CPU:total 6 (initial active 6) (6 cores per cpu, 1 threads per core) family 6 model 158 stepping 10 microcode 0xb4, cmov, cx8, fxsr, mmx, sse, sse2, sse3, ssse3, sse4.1, sse4.2, popcnt, avx, avx2, aes, clmul, erms, 3dnowpref, lzcnt, tsc, tscinvbit, bmi1, bmi2, adx, fma

Memory: 4k page, system-wide physical 15817M (2572M free)
TotalPageFile size 17069M (AvailPageFile size 85M)
current process WorkingSet (physical memory assigned to process): 649M, peak: 675M
current process commit charge ("private bytes"): 689M, peak: 809M

vm_info: OpenJDK 64-Bit Server VM (11.0.11+9-b60-7590822) for windows-amd64 JRE (11.0.11+9-b60-7590822), built on Jul 29 2021 21:43:44 by "builder" with MS VC++ 14.0 (VS2015)

END.
