#
# There is insufficient memory for the Java Runtime Environment to continue.
# Native memory allocation (malloc) failed to allocate 1684016 bytes for Chunk::new
# Possible reasons:
#   The system is out of physical RAM or swap space
#   The process is running with CompressedOops enabled, and the Java Heap may be blocking the growth of the native heap
# Possible solutions:
#   Reduce memory load on the system
#   Increase physical memory or swap space
#   Check if swap backing store is full
#   Decrease Java heap size (-Xmx/-Xms)
#   Decrease number of Java threads
#   Decrease Java thread stack sizes (-Xss)
#   Set larger code cache with -XX:ReservedCodeCacheSize=
#   JVM is running with Zero Based Compressed Oops mode in which the Java heap is
#     placed in the first 32GB address space. The Java Heap base address is the
#     maximum limit for the native heap growth. Please use -XX:HeapBaseMinAddress
#     to set the Java Heap base and to place the Java Heap above 32GB virtual address.
# This output file may be truncated or incomplete.
#
#  Out of Memory Error (./src/hotspot/share/memory/arena.cpp:197), pid=14528, tid=14456
#
# JRE version: OpenJDK Runtime Environment (11.0.11+9) (build 11.0.11+9-b60-7590822)
# Java VM: OpenJDK 64-Bit Server VM (11.0.11+9-b60-7590822, mixed mode, tiered, compressed oops, g1 gc, windows-amd64)
# No core dump will be written. Minidumps are not enabled by default on client versions of Windows
#

---------------  S U M M A R Y ------------

Command Line: org.jetbrains.kotlin.cli.jvm.K2JVMCompiler @C:\Users\JDKJ\Desktop\demo\demo\demo\app\build\20220615_79310107944211635.compiler.options

Host: Intel(R) Core(TM) i5-9400 CPU @ 2.90GHz, 6 cores, 15G,  Windows 10 , 64 bit Build 19041 (10.0.19041.1151)
Time: Wed Jun 15 15:30:09 2022 中国标准时间 elapsed time: 4.745059 seconds (0d 0h 0m 4s)

---------------  T H R E A D  ---------------

Current thread (0x000001a51bcf0000):  JavaThread "C2 CompilerThread1" daemon [_thread_in_native, id=14456, stack(0x00000073c3100000,0x00000073c3200000)]


Current CompileTask:
C2:   4745 6958       4       org.jetbrains.kotlin.cli.jvm.index.JvmDependenciesIndexImpl::search (385 bytes)

Stack: [0x00000073c3100000,0x00000073c3200000]
Native frames: (J=compiled Java code, j=interpreted, Vv=VM code, C=native code)
V  [jvm.dll+0x5f214a]
V  [jvm.dll+0x726fb5]
V  [jvm.dll+0x7285cd]
V  [jvm.dll+0x728c83]
V  [jvm.dll+0x243278]
V  [jvm.dll+0xbc53c]
V  [jvm.dll+0xbca3c]
V  [jvm.dll+0x353e7d]
V  [jvm.dll+0x321893]
V  [jvm.dll+0x320d8a]
V  [jvm.dll+0x1fc1e2]
V  [jvm.dll+0x1fb3d4]
V  [jvm.dll+0x183d6c]
V  [jvm.dll+0x209a57]
V  [jvm.dll+0x2082a1]
V  [jvm.dll+0x6ef58f]
V  [jvm.dll+0x6e80b5]
V  [jvm.dll+0x5f1036]
C  [ucrtbase.dll+0x21bb2]
C  [KERNEL32.DLL+0x17034]
C  [ntdll.dll+0x52651]


---------------  P R O C E S S  ---------------

Threads class SMR info:
_java_thread_list=0x000001a5195af530, length=11, elements={
0x000001a578fc4800, 0x000001a57ec65000, 0x000001a57ec6e800, 0x000001a57f5a9000,
0x000001a57f5ab000, 0x000001a57f5ac800, 0x000001a57f5af800, 0x000001a57f5b0800,
0x000001a57f5bc000, 0x000001a57f74e800, 0x000001a51bcf0000
}

Java Threads: ( => current thread )
  0x000001a578fc4800 JavaThread "main" [_thread_in_Java, id=15192, stack(0x00000073c2000000,0x00000073c2100000)]
  0x000001a57ec65000 JavaThread "Reference Handler" daemon [_thread_blocked, id=5240, stack(0x00000073c2700000,0x00000073c2800000)]
  0x000001a57ec6e800 JavaThread "Finalizer" daemon [_thread_blocked, id=5244, stack(0x00000073c2800000,0x00000073c2900000)]
  0x000001a57f5a9000 JavaThread "Signal Dispatcher" daemon [_thread_blocked, id=12312, stack(0x00000073c2900000,0x00000073c2a00000)]
  0x000001a57f5ab000 JavaThread "Attach Listener" daemon [_thread_blocked, id=9912, stack(0x00000073c2a00000,0x00000073c2b00000)]
  0x000001a57f5ac800 JavaThread "Service Thread" daemon [_thread_blocked, id=15384, stack(0x00000073c2b00000,0x00000073c2c00000)]
  0x000001a57f5af800 JavaThread "C2 CompilerThread0" daemon [_thread_in_native, id=9288, stack(0x00000073c2c00000,0x00000073c2d00000)]
  0x000001a57f5b0800 JavaThread "C1 CompilerThread0" daemon [_thread_in_vm_trans, id=1912, stack(0x00000073c2d00000,0x00000073c2e00000)]
  0x000001a57f5bc000 JavaThread "Sweeper thread" daemon [_thread_blocked, id=9544, stack(0x00000073c2e00000,0x00000073c2f00000)]
  0x000001a57f74e800 JavaThread "Common-Cleaner" daemon [_thread_blocked, id=7552, stack(0x00000073c3000000,0x00000073c3100000)]
=>0x000001a51bcf0000 JavaThread "C2 CompilerThread1" daemon [_thread_in_native, id=14456, stack(0x00000073c3100000,0x00000073c3200000)]

Other Threads:
  0x000001a57f502000 VMThread "VM Thread" [stack: 0x00000073c2600000,0x00000073c2700000] [id=13144]
  0x000001a57f748000 WatcherThread [stack: 0x00000073c2f00000,0x00000073c3000000] [id=936]
  0x000001a578fd7800 GCTaskThread "GC Thread#0" [stack: 0x00000073c2100000,0x00000073c2200000] [id=13520]
  0x000001a51905d000 GCTaskThread "GC Thread#1" [stack: 0x00000073c3200000,0x00000073c3300000] [id=11192]
  0x000001a518edf000 GCTaskThread "GC Thread#2" [stack: 0x00000073c3300000,0x00000073c3400000] [id=8796]
  0x000001a51903d000 GCTaskThread "GC Thread#3" [stack: 0x00000073c3400000,0x00000073c3500000] [id=13560]
  0x000001a518e71800 GCTaskThread "GC Thread#4" [stack: 0x00000073c3500000,0x00000073c3600000] [id=1616]
  0x000001a51e9c2000 GCTaskThread "GC Thread#5" [stack: 0x00000073c3700000,0x00000073c3800000] [id=11272]
  0x000001a579030800 ConcurrentGCThread "G1 Main Marker" [stack: 0x00000073c2200000,0x00000073c2300000] [id=14816]
  0x000001a579032000 ConcurrentGCThread "G1 Conc#0" [stack: 0x00000073c2300000,0x00000073c2400000] [id=8388]
  0x000001a519096000 ConcurrentGCThread "G1 Conc#1" [stack: 0x00000073c3600000,0x00000073c3700000] [id=14840]
  0x000001a57eb1b800 ConcurrentGCThread "G1 Refine#0" [stack: 0x00000073c2400000,0x00000073c2500000] [id=10088]
  0x000001a51d54a000 ConcurrentGCThread "G1 Refine#1" [stack: 0x00000073c3800000,0x00000073c3900000] [id=16048]
  0x000001a51e784800 ConcurrentGCThread "G1 Refine#2" [stack: 0x00000073c3900000,0x00000073c3a00000] [id=6588]
  0x000001a51ce92800 ConcurrentGCThread "G1 Refine#3" [stack: 0x00000073c3a00000,0x00000073c3b00000] [id=13884]
  0x000001a57eb1c800 ConcurrentGCThread "G1 Young RemSet Sampling" [stack: 0x00000073c2500000,0x00000073c2600000] [id=15708]

Threads with active compile tasks:
C2 CompilerThread0   4756 6937   !   4       org.jetbrains.kotlin.storage.CancellableSimpleLock::lock (44 bytes)
C1 CompilerThread0   4756 7259       2       org.jetbrains.kotlin.descriptors.impl.FieldDescriptorImpl::<init> (23 bytes)
C2 CompilerThread1   4756 6958       4       org.jetbrains.kotlin.cli.jvm.index.JvmDependenciesIndexImpl::search (385 bytes)

VM state:not at safepoint (normal execution)

VM Mutex/Monitor currently owned by a thread:  ([mutex/lock_event])
[0x000001a578fbeed0] CodeCache_lock - owner thread: 0x0000000000000000

Heap address: 0x0000000708c00000, size: 3956 MB, Compressed Oops mode: Zero based, Oop shift amount: 3
Narrow klass base: 0x0000000800000000, Narrow klass shift: 0
Compressed class space size: 1073741824 Address: 0x0000000800000000

Heap:
 garbage-first heap   total 305152K, used 58534K [0x0000000708c00000, 0x0000000800000000)
  region size 1024K, 7 young (7168K), 5 survivors (5120K)
 Metaspace       used 59686K, capacity 60449K, committed 60628K, reserved 1103872K
  class space    used 6775K, capacity 7063K, committed 7168K, reserved 1048576K
Heap Regions: E=young(eden), S=young(survivor), O=old, HS=humongous(starts), HC=humongous(continues), CS=collection set, F=free, A=archive, TAMS=top-at-mark-start (previous, next)
|   0|0x0000000708c00000, 0x0000000708d00000, 0x0000000708d00000|100%|HS|  |TAMS 0x0000000708d00000, 0x0000000708d00000| Complete 
|   1|0x0000000708d00000, 0x0000000708e00000, 0x0000000708e00000|100%|HC|  |TAMS 0x0000000708e00000, 0x0000000708e00000| Complete 
|   2|0x0000000708e00000, 0x0000000708f00000, 0x0000000708f00000|100%|HC|  |TAMS 0x0000000708f00000, 0x0000000708f00000| Complete 
|   3|0x0000000708f00000, 0x0000000709000000, 0x0000000709000000|100%|HS|  |TAMS 0x0000000709000000, 0x0000000709000000| Complete 
|   4|0x0000000709000000, 0x0000000709100000, 0x0000000709100000|100%|HC|  |TAMS 0x0000000709100000, 0x0000000709100000| Complete 
|   5|0x0000000709100000, 0x0000000709200000, 0x0000000709200000|100%|HC|  |TAMS 0x0000000709200000, 0x0000000709200000| Complete 
|   6|0x0000000709200000, 0x0000000709300000, 0x0000000709300000|100%| O|  |TAMS 0x0000000709200000, 0x0000000709300000| Untracked 
|   7|0x0000000709300000, 0x0000000709400000, 0x0000000709400000|100%| O|  |TAMS 0x0000000709300000, 0x0000000709400000| Untracked 
|   8|0x0000000709400000, 0x0000000709500000, 0x0000000709500000|100%| O|  |TAMS 0x0000000709500000, 0x0000000709500000| Untracked 
|   9|0x0000000709500000, 0x0000000709600000, 0x0000000709600000|100%| O|  |TAMS 0x0000000709600000, 0x0000000709600000| Untracked 
|  10|0x0000000709600000, 0x0000000709700000, 0x0000000709700000|100%| O|  |TAMS 0x0000000709700000, 0x0000000709700000| Untracked 
|  11|0x0000000709700000, 0x0000000709800000, 0x0000000709800000|100%| O|  |TAMS 0x0000000709800000, 0x0000000709800000| Untracked 
|  12|0x0000000709800000, 0x0000000709900000, 0x0000000709900000|100%| O|  |TAMS 0x0000000709900000, 0x0000000709900000| Untracked 
|  13|0x0000000709900000, 0x0000000709a00000, 0x0000000709a00000|100%| O|  |TAMS 0x0000000709a00000, 0x0000000709a00000| Untracked 
|  14|0x0000000709a00000, 0x0000000709b00000, 0x0000000709b00000|100%| O|  |TAMS 0x0000000709a29000, 0x0000000709b00000| Untracked 
|  15|0x0000000709b00000, 0x0000000709c00000, 0x0000000709c00000|100%|HS|  |TAMS 0x0000000709b00000, 0x0000000709c00000| Complete 
|  16|0x0000000709c00000, 0x0000000709d00000, 0x0000000709d00000|100%|HC|  |TAMS 0x0000000709c00000, 0x0000000709d00000| Complete 
|  17|0x0000000709d00000, 0x0000000709e00000, 0x0000000709e00000|100%| O|  |TAMS 0x0000000709d00000, 0x0000000709e00000| Untracked 
|  18|0x0000000709e00000, 0x0000000709f00000, 0x0000000709f00000|100%| O|  |TAMS 0x0000000709e00000, 0x0000000709f00000| Untracked 
|  19|0x0000000709f00000, 0x000000070a000000, 0x000000070a000000|100%| O|  |TAMS 0x0000000709f00000, 0x000000070a000000| Untracked 
|  20|0x000000070a000000, 0x000000070a100000, 0x000000070a100000|100%| O|  |TAMS 0x000000070a000000, 0x000000070a100000| Untracked 
|  21|0x000000070a100000, 0x000000070a200000, 0x000000070a200000|100%| O|  |TAMS 0x000000070a100000, 0x000000070a200000| Untracked 
|  22|0x000000070a200000, 0x000000070a300000, 0x000000070a300000|100%| O|  |TAMS 0x000000070a200000, 0x000000070a300000| Untracked 
|  23|0x000000070a300000, 0x000000070a400000, 0x000000070a400000|100%| O|  |TAMS 0x000000070a300000, 0x000000070a400000| Untracked 
|  24|0x000000070a400000, 0x000000070a500000, 0x000000070a500000|100%| O|  |TAMS 0x000000070a400000, 0x000000070a500000| Untracked 
|  25|0x000000070a500000, 0x000000070a600000, 0x000000070a600000|100%| O|  |TAMS 0x000000070a500000, 0x000000070a600000| Untracked 
|  26|0x000000070a600000, 0x000000070a700000, 0x000000070a700000|100%| O|  |TAMS 0x000000070a600000, 0x000000070a700000| Untracked 
|  27|0x000000070a700000, 0x000000070a800000, 0x000000070a800000|100%| O|  |TAMS 0x000000070a700000, 0x000000070a800000| Untracked 
|  28|0x000000070a800000, 0x000000070a900000, 0x000000070a900000|100%| O|  |TAMS 0x000000070a800000, 0x000000070a900000| Untracked 
|  29|0x000000070a900000, 0x000000070aa00000, 0x000000070aa00000|100%| O|  |TAMS 0x000000070a900000, 0x000000070aa00000| Untracked 
|  30|0x000000070aa00000, 0x000000070ab00000, 0x000000070ab00000|100%| O|  |TAMS 0x000000070aa00000, 0x000000070ab00000| Untracked 
|  31|0x000000070ab00000, 0x000000070ac00000, 0x000000070ac00000|100%| O|  |TAMS 0x000000070ab00000, 0x000000070ac00000| Untracked 
|  32|0x000000070ac00000, 0x000000070ad00000, 0x000000070ad00000|100%| O|  |TAMS 0x000000070ac00000, 0x000000070ad00000| Untracked 
|  33|0x000000070ad00000, 0x000000070ae00000, 0x000000070ae00000|100%| O|  |TAMS 0x000000070ad00000, 0x000000070ae00000| Untracked 
|  34|0x000000070ae00000, 0x000000070af00000, 0x000000070af00000|100%| O|  |TAMS 0x000000070ae00000, 0x000000070af00000| Untracked 
|  35|0x000000070af00000, 0x000000070b000000, 0x000000070b000000|100%| O|  |TAMS 0x000000070af00000, 0x000000070b000000| Untracked 
|  36|0x000000070b000000, 0x000000070b100000, 0x000000070b100000|100%| O|  |TAMS 0x000000070b000000, 0x000000070b100000| Untracked 
|  37|0x000000070b100000, 0x000000070b200000, 0x000000070b200000|100%| O|  |TAMS 0x000000070b100000, 0x000000070b200000| Untracked 
|  38|0x000000070b200000, 0x000000070b300000, 0x000000070b300000|100%| O|  |TAMS 0x000000070b200000, 0x000000070b300000| Untracked 
|  39|0x000000070b300000, 0x000000070b400000, 0x000000070b400000|100%| O|  |TAMS 0x000000070b300000, 0x000000070b400000| Untracked 
|  40|0x000000070b400000, 0x000000070b500000, 0x000000070b500000|100%| O|  |TAMS 0x000000070b400000, 0x000000070b500000| Untracked 
|  41|0x000000070b500000, 0x000000070b600000, 0x000000070b600000|100%| O|  |TAMS 0x000000070b500000, 0x000000070b600000| Untracked 
|  42|0x000000070b600000, 0x000000070b700000, 0x000000070b700000|100%| O|  |TAMS 0x000000070b600000, 0x000000070b700000| Untracked 
|  43|0x000000070b700000, 0x000000070b800000, 0x000000070b800000|100%| O|  |TAMS 0x000000070b700000, 0x000000070b800000| Untracked 
|  44|0x000000070b800000, 0x000000070b900000, 0x000000070b900000|100%| O|  |TAMS 0x000000070b800000, 0x000000070b900000| Untracked 
|  45|0x000000070b900000, 0x000000070ba00000, 0x000000070ba00000|100%| O|  |TAMS 0x000000070b900000, 0x000000070ba00000| Untracked 
|  46|0x000000070ba00000, 0x000000070bb00000, 0x000000070bb00000|100%| O|  |TAMS 0x000000070ba00000, 0x000000070bb00000| Untracked 
|  47|0x000000070bb00000, 0x000000070bc00000, 0x000000070bc00000|100%| O|  |TAMS 0x000000070bb00000, 0x000000070bc00000| Untracked 
|  48|0x000000070bc00000, 0x000000070bd00000, 0x000000070bd00000|100%| O|  |TAMS 0x000000070bc00000, 0x000000070bd00000| Untracked 
|  49|0x000000070bd00000, 0x000000070be00000, 0x000000070be00000|100%| O|  |TAMS 0x000000070bd00000, 0x000000070be00000| Untracked 
|  50|0x000000070be00000, 0x000000070bf00000, 0x000000070bf00000|100%| O|  |TAMS 0x000000070be00000, 0x000000070bf00000| Untracked 
|  51|0x000000070bf00000, 0x000000070bf95800, 0x000000070c000000| 58%| O|  |TAMS 0x000000070bf00000, 0x000000070bf95800| Untracked 
|  52|0x000000070c000000, 0x000000070c000000, 0x000000070c100000|  0%| F|  |TAMS 0x000000070c000000, 0x000000070c000000| Untracked 
|  53|0x000000070c100000, 0x000000070c100000, 0x000000070c200000|  0%| F|  |TAMS 0x000000070c100000, 0x000000070c100000| Untracked 
|  54|0x000000070c200000, 0x000000070c200000, 0x000000070c300000|  0%| F|  |TAMS 0x000000070c200000, 0x000000070c200000| Untracked 
|  55|0x000000070c300000, 0x000000070c300000, 0x000000070c400000|  0%| F|  |TAMS 0x000000070c300000, 0x000000070c300000| Untracked 
|  56|0x000000070c400000, 0x000000070c400000, 0x000000070c500000|  0%| F|  |TAMS 0x000000070c400000, 0x000000070c400000| Untracked 
|  57|0x000000070c500000, 0x000000070c500000, 0x000000070c600000|  0%| F|  |TAMS 0x000000070c500000, 0x000000070c500000| Untracked 
|  58|0x000000070c600000, 0x000000070c600000, 0x000000070c700000|  0%| F|  |TAMS 0x000000070c600000, 0x000000070c600000| Untracked 
|  59|0x000000070c700000, 0x000000070c700000, 0x000000070c800000|  0%| F|  |TAMS 0x000000070c700000, 0x000000070c700000| Untracked 
|  60|0x000000070c800000, 0x000000070c800000, 0x000000070c900000|  0%| F|  |TAMS 0x000000070c800000, 0x000000070c800000| Untracked 
|  61|0x000000070c900000, 0x000000070c900000, 0x000000070ca00000|  0%| F|  |TAMS 0x000000070c900000, 0x000000070c900000| Untracked 
|  62|0x000000070ca00000, 0x000000070ca00000, 0x000000070cb00000|  0%| F|  |TAMS 0x000000070ca00000, 0x000000070ca00000| Untracked 
|  63|0x000000070cb00000, 0x000000070cb00000, 0x000000070cc00000|  0%| F|  |TAMS 0x000000070cb00000, 0x000000070cb00000| Untracked 
|  64|0x000000070cc00000, 0x000000070cc00000, 0x000000070cd00000|  0%| F|  |TAMS 0x000000070cc00000, 0x000000070cc00000| Untracked 
|  65|0x000000070cd00000, 0x000000070cd00000, 0x000000070ce00000|  0%| F|  |TAMS 0x000000070cd00000, 0x000000070cd00000| Untracked 
|  66|0x000000070ce00000, 0x000000070ce00000, 0x000000070cf00000|  0%| F|  |TAMS 0x000000070ce00000, 0x000000070ce00000| Untracked 
|  67|0x000000070cf00000, 0x000000070cf00000, 0x000000070d000000|  0%| F|  |TAMS 0x000000070cf00000, 0x000000070cf00000| Untracked 
|  68|0x000000070d000000, 0x000000070d000000, 0x000000070d100000|  0%| F|  |TAMS 0x000000070d000000, 0x000000070d000000| Untracked 
|  69|0x000000070d100000, 0x000000070d100000, 0x000000070d200000|  0%| F|  |TAMS 0x000000070d100000, 0x000000070d100000| Untracked 
|  70|0x000000070d200000, 0x000000070d200000, 0x000000070d300000|  0%| F|  |TAMS 0x000000070d200000, 0x000000070d200000| Untracked 
|  71|0x000000070d300000, 0x000000070d300000, 0x000000070d400000|  0%| F|  |TAMS 0x000000070d300000, 0x000000070d300000| Untracked 
|  72|0x000000070d400000, 0x000000070d400000, 0x000000070d500000|  0%| F|  |TAMS 0x000000070d400000, 0x000000070d400000| Untracked 
|  73|0x000000070d500000, 0x000000070d500000, 0x000000070d600000|  0%| F|  |TAMS 0x000000070d500000, 0x000000070d500000| Untracked 
|  74|0x000000070d600000, 0x000000070d600000, 0x000000070d700000|  0%| F|  |TAMS 0x000000070d600000, 0x000000070d600000| Untracked 
|  75|0x000000070d700000, 0x000000070d700000, 0x000000070d800000|  0%| F|  |TAMS 0x000000070d700000, 0x000000070d700000| Untracked 
|  76|0x000000070d800000, 0x000000070d800000, 0x000000070d900000|  0%| F|  |TAMS 0x000000070d800000, 0x000000070d800000| Untracked 
|  77|0x000000070d900000, 0x000000070d900000, 0x000000070da00000|  0%| F|  |TAMS 0x000000070d900000, 0x000000070d900000| Untracked 
|  78|0x000000070da00000, 0x000000070da00000, 0x000000070db00000|  0%| F|  |TAMS 0x000000070da00000, 0x000000070da00000| Untracked 
|  79|0x000000070db00000, 0x000000070db00000, 0x000000070dc00000|  0%| F|  |TAMS 0x000000070db00000, 0x000000070db00000| Untracked 
|  80|0x000000070dc00000, 0x000000070dc00000, 0x000000070dd00000|  0%| F|  |TAMS 0x000000070dc00000, 0x000000070dc00000| Untracked 
|  81|0x000000070dd00000, 0x000000070dd00000, 0x000000070de00000|  0%| F|  |TAMS 0x000000070dd00000, 0x000000070dd00000| Untracked 
|  82|0x000000070de00000, 0x000000070de00000, 0x000000070df00000|  0%| F|  |TAMS 0x000000070de00000, 0x000000070de00000| Untracked 
|  83|0x000000070df00000, 0x000000070df00000, 0x000000070e000000|  0%| F|  |TAMS 0x000000070df00000, 0x000000070df00000| Untracked 
|  84|0x000000070e000000, 0x000000070e000000, 0x000000070e100000|  0%| F|  |TAMS 0x000000070e000000, 0x000000070e000000| Untracked 
|  85|0x000000070e100000, 0x000000070e100000, 0x000000070e200000|  0%| F|  |TAMS 0x000000070e100000, 0x000000070e100000| Untracked 
|  86|0x000000070e200000, 0x000000070e200000, 0x000000070e300000|  0%| F|  |TAMS 0x000000070e200000, 0x000000070e200000| Untracked 
|  87|0x000000070e300000, 0x000000070e300000, 0x000000070e400000|  0%| F|  |TAMS 0x000000070e300000, 0x000000070e300000| Untracked 
|  88|0x000000070e400000, 0x000000070e400000, 0x000000070e500000|  0%| F|  |TAMS 0x000000070e400000, 0x000000070e400000| Untracked 
|  89|0x000000070e500000, 0x000000070e500000, 0x000000070e600000|  0%| F|  |TAMS 0x000000070e500000, 0x000000070e500000| Untracked 
|  90|0x000000070e600000, 0x000000070e600000, 0x000000070e700000|  0%| F|  |TAMS 0x000000070e600000, 0x000000070e600000| Untracked 
|  91|0x000000070e700000, 0x000000070e700000, 0x000000070e800000|  0%| F|  |TAMS 0x000000070e700000, 0x000000070e700000| Untracked 
|  92|0x000000070e800000, 0x000000070e800000, 0x000000070e900000|  0%| F|  |TAMS 0x000000070e800000, 0x000000070e800000| Untracked 
|  93|0x000000070e900000, 0x000000070e900000, 0x000000070ea00000|  0%| F|  |TAMS 0x000000070e900000, 0x000000070e900000| Untracked 
|  94|0x000000070ea00000, 0x000000070ea00000, 0x000000070eb00000|  0%| F|  |TAMS 0x000000070ea00000, 0x000000070ea00000| Untracked 
|  95|0x000000070eb00000, 0x000000070eb00000, 0x000000070ec00000|  0%| F|  |TAMS 0x000000070eb00000, 0x000000070eb00000| Untracked 
|  96|0x000000070ec00000, 0x000000070ec00000, 0x000000070ed00000|  0%| F|  |TAMS 0x000000070ec00000, 0x000000070ec00000| Untracked 
|  97|0x000000070ed00000, 0x000000070ed00000, 0x000000070ee00000|  0%| F|  |TAMS 0x000000070ed00000, 0x000000070ed00000| Untracked 
|  98|0x000000070ee00000, 0x000000070ee00000, 0x000000070ef00000|  0%| F|  |TAMS 0x000000070ee00000, 0x000000070ee00000| Untracked 
|  99|0x000000070ef00000, 0x000000070ef00000, 0x000000070f000000|  0%| F|  |TAMS 0x000000070ef00000, 0x000000070ef00000| Untracked 
| 100|0x000000070f000000, 0x000000070f000000, 0x000000070f100000|  0%| F|  |TAMS 0x000000070f000000, 0x000000070f000000| Untracked 
| 101|0x000000070f100000, 0x000000070f100000, 0x000000070f200000|  0%| F|  |TAMS 0x000000070f100000, 0x000000070f100000| Untracked 
| 102|0x000000070f200000, 0x000000070f200000, 0x000000070f300000|  0%| F|  |TAMS 0x000000070f200000, 0x000000070f200000| Untracked 
| 103|0x000000070f300000, 0x000000070f300000, 0x000000070f400000|  0%| F|  |TAMS 0x000000070f300000, 0x000000070f300000| Untracked 
| 104|0x000000070f400000, 0x000000070f400000, 0x000000070f500000|  0%| F|  |TAMS 0x000000070f400000, 0x000000070f400000| Untracked 
| 105|0x000000070f500000, 0x000000070f500000, 0x000000070f600000|  0%| F|  |TAMS 0x000000070f500000, 0x000000070f500000| Untracked 
| 106|0x000000070f600000, 0x000000070f600000, 0x000000070f700000|  0%| F|  |TAMS 0x000000070f600000, 0x000000070f600000| Untracked 
| 107|0x000000070f700000, 0x000000070f700000, 0x000000070f800000|  0%| F|  |TAMS 0x000000070f700000, 0x000000070f700000| Untracked 
| 108|0x000000070f800000, 0x000000070f800000, 0x000000070f900000|  0%| F|  |TAMS 0x000000070f800000, 0x000000070f800000| Untracked 
| 109|0x000000070f900000, 0x000000070f900000, 0x000000070fa00000|  0%| F|  |TAMS 0x000000070f900000, 0x000000070f900000| Untracked 
| 110|0x000000070fa00000, 0x000000070fa00000, 0x000000070fb00000|  0%| F|  |TAMS 0x000000070fa00000, 0x000000070fa00000| Untracked 
| 111|0x000000070fb00000, 0x000000070fb00000, 0x000000070fc00000|  0%| F|  |TAMS 0x000000070fb00000, 0x000000070fb00000| Untracked 
| 112|0x000000070fc00000, 0x000000070fc00000, 0x000000070fd00000|  0%| F|  |TAMS 0x000000070fc00000, 0x000000070fc00000| Untracked 
| 113|0x000000070fd00000, 0x000000070fd00000, 0x000000070fe00000|  0%| F|  |TAMS 0x000000070fd00000, 0x000000070fd00000| Untracked 
| 114|0x000000070fe00000, 0x000000070fe00000, 0x000000070ff00000|  0%| F|  |TAMS 0x000000070fe00000, 0x000000070fe00000| Untracked 
| 115|0x000000070ff00000, 0x000000070ff00000, 0x0000000710000000|  0%| F|  |TAMS 0x000000070ff00000, 0x000000070ff00000| Untracked 
| 116|0x0000000710000000, 0x0000000710000000, 0x0000000710100000|  0%| F|  |TAMS 0x0000000710000000, 0x0000000710000000| Untracked 
| 117|0x0000000710100000, 0x0000000710100000, 0x0000000710200000|  0%| F|  |TAMS 0x0000000710100000, 0x0000000710100000| Untracked 
| 118|0x0000000710200000, 0x0000000710200000, 0x0000000710300000|  0%| F|  |TAMS 0x0000000710200000, 0x0000000710200000| Untracked 
| 119|0x0000000710300000, 0x0000000710300000, 0x0000000710400000|  0%| F|  |TAMS 0x0000000710300000, 0x0000000710300000| Untracked 
| 120|0x0000000710400000, 0x0000000710400000, 0x0000000710500000|  0%| F|  |TAMS 0x0000000710400000, 0x0000000710400000| Untracked 
| 121|0x0000000710500000, 0x0000000710500000, 0x0000000710600000|  0%| F|  |TAMS 0x0000000710500000, 0x0000000710500000| Untracked 
| 122|0x0000000710600000, 0x0000000710600000, 0x0000000710700000|  0%| F|  |TAMS 0x0000000710600000, 0x0000000710600000| Untracked 
| 123|0x0000000710700000, 0x0000000710700000, 0x0000000710800000|  0%| F|  |TAMS 0x0000000710700000, 0x0000000710700000| Untracked 
| 124|0x0000000710800000, 0x0000000710800000, 0x0000000710900000|  0%| F|  |TAMS 0x0000000710800000, 0x0000000710800000| Untracked 
| 125|0x0000000710900000, 0x0000000710900000, 0x0000000710a00000|  0%| F|  |TAMS 0x0000000710900000, 0x0000000710900000| Untracked 
| 126|0x0000000710a00000, 0x0000000710a00000, 0x0000000710b00000|  0%| F|  |TAMS 0x0000000710a00000, 0x0000000710a00000| Untracked 
| 127|0x0000000710b00000, 0x0000000710b00000, 0x0000000710c00000|  0%| F|  |TAMS 0x0000000710b00000, 0x0000000710b00000| Untracked 
| 128|0x0000000710c00000, 0x0000000710c00000, 0x0000000710d00000|  0%| F|  |TAMS 0x0000000710c00000, 0x0000000710c00000| Untracked 
| 129|0x0000000710d00000, 0x0000000710d00000, 0x0000000710e00000|  0%| F|  |TAMS 0x0000000710d00000, 0x0000000710d00000| Untracked 
| 130|0x0000000710e00000, 0x0000000710e00000, 0x0000000710f00000|  0%| F|  |TAMS 0x0000000710e00000, 0x0000000710e00000| Untracked 
| 131|0x0000000710f00000, 0x0000000710f00000, 0x0000000711000000|  0%| F|  |TAMS 0x0000000710f00000, 0x0000000710f00000| Untracked 
| 132|0x0000000711000000, 0x0000000711000000, 0x0000000711100000|  0%| F|  |TAMS 0x0000000711000000, 0x0000000711000000| Untracked 
| 133|0x0000000711100000, 0x0000000711100000, 0x0000000711200000|  0%| F|  |TAMS 0x0000000711100000, 0x0000000711100000| Untracked 
| 134|0x0000000711200000, 0x0000000711200000, 0x0000000711300000|  0%| F|  |TAMS 0x0000000711200000, 0x0000000711200000| Untracked 
| 135|0x0000000711300000, 0x0000000711300000, 0x0000000711400000|  0%| F|  |TAMS 0x0000000711300000, 0x0000000711300000| Untracked 
| 136|0x0000000711400000, 0x0000000711400000, 0x0000000711500000|  0%| F|  |TAMS 0x0000000711400000, 0x0000000711400000| Untracked 
| 137|0x0000000711500000, 0x0000000711500000, 0x0000000711600000|  0%| F|  |TAMS 0x0000000711500000, 0x0000000711500000| Untracked 
| 138|0x0000000711600000, 0x0000000711600000, 0x0000000711700000|  0%| F|  |TAMS 0x0000000711600000, 0x0000000711600000| Untracked 
| 139|0x0000000711700000, 0x0000000711700000, 0x0000000711800000|  0%| F|  |TAMS 0x0000000711700000, 0x0000000711700000| Untracked 
| 140|0x0000000711800000, 0x0000000711800000, 0x0000000711900000|  0%| F|  |TAMS 0x0000000711800000, 0x0000000711800000| Untracked 
| 141|0x0000000711900000, 0x0000000711900000, 0x0000000711a00000|  0%| F|  |TAMS 0x0000000711900000, 0x0000000711900000| Untracked 
| 142|0x0000000711a00000, 0x0000000711a00000, 0x0000000711b00000|  0%| F|  |TAMS 0x0000000711a00000, 0x0000000711a00000| Untracked 
| 143|0x0000000711b00000, 0x0000000711b00000, 0x0000000711c00000|  0%| F|  |TAMS 0x0000000711b00000, 0x0000000711b00000| Untracked 
| 144|0x0000000711c00000, 0x0000000711c00000, 0x0000000711d00000|  0%| F|  |TAMS 0x0000000711c00000, 0x0000000711c00000| Untracked 
| 145|0x0000000711d00000, 0x0000000711d00000, 0x0000000711e00000|  0%| F|  |TAMS 0x0000000711d00000, 0x0000000711d00000| Untracked 
| 146|0x0000000711e00000, 0x0000000711e00000, 0x0000000711f00000|  0%| F|  |TAMS 0x0000000711e00000, 0x0000000711e00000| Untracked 
| 147|0x0000000711f00000, 0x0000000711f00000, 0x0000000712000000|  0%| F|  |TAMS 0x0000000711f00000, 0x0000000711f00000| Untracked 
| 148|0x0000000712000000, 0x0000000712000000, 0x0000000712100000|  0%| F|  |TAMS 0x0000000712000000, 0x0000000712000000| Untracked 
| 149|0x0000000712100000, 0x0000000712100000, 0x0000000712200000|  0%| F|  |TAMS 0x0000000712100000, 0x0000000712100000| Untracked 
| 150|0x0000000712200000, 0x0000000712200000, 0x0000000712300000|  0%| F|  |TAMS 0x0000000712200000, 0x0000000712200000| Untracked 
| 151|0x0000000712300000, 0x0000000712300000, 0x0000000712400000|  0%| F|  |TAMS 0x0000000712300000, 0x0000000712300000| Untracked 
| 152|0x0000000712400000, 0x0000000712400000, 0x0000000712500000|  0%| F|  |TAMS 0x0000000712400000, 0x0000000712400000| Untracked 
| 153|0x0000000712500000, 0x0000000712500000, 0x0000000712600000|  0%| F|  |TAMS 0x0000000712500000, 0x0000000712500000| Untracked 
| 154|0x0000000712600000, 0x0000000712600000, 0x0000000712700000|  0%| F|  |TAMS 0x0000000712600000, 0x0000000712600000| Untracked 
| 155|0x0000000712700000, 0x0000000712700000, 0x0000000712800000|  0%| F|  |TAMS 0x0000000712700000, 0x0000000712700000| Untracked 
| 156|0x0000000712800000, 0x0000000712800000, 0x0000000712900000|  0%| F|  |TAMS 0x0000000712800000, 0x0000000712800000| Untracked 
| 157|0x0000000712900000, 0x0000000712900000, 0x0000000712a00000|  0%| F|  |TAMS 0x0000000712900000, 0x0000000712900000| Untracked 
| 158|0x0000000712a00000, 0x0000000712a00000, 0x0000000712b00000|  0%| F|  |TAMS 0x0000000712a00000, 0x0000000712a00000| Untracked 
| 159|0x0000000712b00000, 0x0000000712b00000, 0x0000000712c00000|  0%| F|  |TAMS 0x0000000712b00000, 0x0000000712b00000| Untracked 
| 160|0x0000000712c00000, 0x0000000712c00000, 0x0000000712d00000|  0%| F|  |TAMS 0x0000000712c00000, 0x0000000712c00000| Untracked 
| 161|0x0000000712d00000, 0x0000000712d00000, 0x0000000712e00000|  0%| F|  |TAMS 0x0000000712d00000, 0x0000000712d00000| Untracked 
| 162|0x0000000712e00000, 0x0000000712e00000, 0x0000000712f00000|  0%| F|  |TAMS 0x0000000712e00000, 0x0000000712e00000| Untracked 
| 163|0x0000000712f00000, 0x0000000712f00000, 0x0000000713000000|  0%| F|  |TAMS 0x0000000712f00000, 0x0000000712f00000| Untracked 
| 164|0x0000000713000000, 0x0000000713000000, 0x0000000713100000|  0%| F|  |TAMS 0x0000000713000000, 0x0000000713000000| Untracked 
| 165|0x0000000713100000, 0x0000000713100000, 0x0000000713200000|  0%| F|  |TAMS 0x0000000713100000, 0x0000000713100000| Untracked 
| 166|0x0000000713200000, 0x0000000713200000, 0x0000000713300000|  0%| F|  |TAMS 0x0000000713200000, 0x0000000713200000| Untracked 
| 167|0x0000000713300000, 0x0000000713300000, 0x0000000713400000|  0%| F|  |TAMS 0x0000000713300000, 0x0000000713300000| Untracked 
| 168|0x0000000713400000, 0x0000000713400000, 0x0000000713500000|  0%| F|  |TAMS 0x0000000713400000, 0x0000000713400000| Untracked 
| 169|0x0000000713500000, 0x0000000713500000, 0x0000000713600000|  0%| F|  |TAMS 0x0000000713500000, 0x0000000713500000| Untracked 
| 170|0x0000000713600000, 0x0000000713600000, 0x0000000713700000|  0%| F|  |TAMS 0x0000000713600000, 0x0000000713600000| Untracked 
| 171|0x0000000713700000, 0x0000000713700000, 0x0000000713800000|  0%| F|  |TAMS 0x0000000713700000, 0x0000000713700000| Untracked 
| 172|0x0000000713800000, 0x0000000713800000, 0x0000000713900000|  0%| F|  |TAMS 0x0000000713800000, 0x0000000713800000| Untracked 
| 173|0x0000000713900000, 0x0000000713900000, 0x0000000713a00000|  0%| F|  |TAMS 0x0000000713900000, 0x0000000713900000| Untracked 
| 174|0x0000000713a00000, 0x0000000713a00000, 0x0000000713b00000|  0%| F|  |TAMS 0x0000000713a00000, 0x0000000713a00000| Untracked 
| 175|0x0000000713b00000, 0x0000000713b00000, 0x0000000713c00000|  0%| F|  |TAMS 0x0000000713b00000, 0x0000000713b00000| Untracked 
| 176|0x0000000713c00000, 0x0000000713c00000, 0x0000000713d00000|  0%| F|  |TAMS 0x0000000713c00000, 0x0000000713c00000| Untracked 
| 177|0x0000000713d00000, 0x0000000713d00000, 0x0000000713e00000|  0%| F|  |TAMS 0x0000000713d00000, 0x0000000713d00000| Untracked 
| 178|0x0000000713e00000, 0x0000000713e00000, 0x0000000713f00000|  0%| F|  |TAMS 0x0000000713e00000, 0x0000000713e00000| Untracked 
| 179|0x0000000713f00000, 0x0000000713f00000, 0x0000000714000000|  0%| F|  |TAMS 0x0000000713f00000, 0x0000000713f00000| Untracked 
| 180|0x0000000714000000, 0x0000000714000000, 0x0000000714100000|  0%| F|  |TAMS 0x0000000714000000, 0x0000000714000000| Untracked 
| 181|0x0000000714100000, 0x0000000714100000, 0x0000000714200000|  0%| F|  |TAMS 0x0000000714100000, 0x0000000714100000| Untracked 
| 182|0x0000000714200000, 0x0000000714200000, 0x0000000714300000|  0%| F|  |TAMS 0x0000000714200000, 0x0000000714200000| Untracked 
| 183|0x0000000714300000, 0x0000000714300000, 0x0000000714400000|  0%| F|  |TAMS 0x0000000714300000, 0x0000000714300000| Untracked 
| 184|0x0000000714400000, 0x0000000714400000, 0x0000000714500000|  0%| F|  |TAMS 0x0000000714400000, 0x0000000714400000| Untracked 
| 185|0x0000000714500000, 0x0000000714500000, 0x0000000714600000|  0%| F|  |TAMS 0x0000000714500000, 0x0000000714500000| Untracked 
| 186|0x0000000714600000, 0x0000000714600000, 0x0000000714700000|  0%| F|  |TAMS 0x0000000714600000, 0x0000000714600000| Untracked 
| 187|0x0000000714700000, 0x0000000714700000, 0x0000000714800000|  0%| F|  |TAMS 0x0000000714700000, 0x0000000714700000| Untracked 
| 188|0x0000000714800000, 0x0000000714800000, 0x0000000714900000|  0%| F|  |TAMS 0x0000000714800000, 0x0000000714800000| Untracked 
| 189|0x0000000714900000, 0x0000000714900000, 0x0000000714a00000|  0%| F|  |TAMS 0x0000000714900000, 0x0000000714900000| Untracked 
| 190|0x0000000714a00000, 0x0000000714a00000, 0x0000000714b00000|  0%| F|  |TAMS 0x0000000714a00000, 0x0000000714a00000| Untracked 
| 191|0x0000000714b00000, 0x0000000714b00000, 0x0000000714c00000|  0%| F|  |TAMS 0x0000000714b00000, 0x0000000714b00000| Untracked 
| 192|0x0000000714c00000, 0x0000000714c00000, 0x0000000714d00000|  0%| F|  |TAMS 0x0000000714c00000, 0x0000000714c00000| Untracked 
| 193|0x0000000714d00000, 0x0000000714d00000, 0x0000000714e00000|  0%| F|  |TAMS 0x0000000714d00000, 0x0000000714d00000| Untracked 
| 194|0x0000000714e00000, 0x0000000714e00000, 0x0000000714f00000|  0%| F|  |TAMS 0x0000000714e00000, 0x0000000714e00000| Untracked 
| 195|0x0000000714f00000, 0x0000000714f00000, 0x0000000715000000|  0%| F|  |TAMS 0x0000000714f00000, 0x0000000714f00000| Untracked 
| 196|0x0000000715000000, 0x0000000715000000, 0x0000000715100000|  0%| F|  |TAMS 0x0000000715000000, 0x0000000715000000| Untracked 
| 197|0x0000000715100000, 0x0000000715100000, 0x0000000715200000|  0%| F|  |TAMS 0x0000000715100000, 0x0000000715100000| Untracked 
| 198|0x0000000715200000, 0x0000000715200000, 0x0000000715300000|  0%| F|  |TAMS 0x0000000715200000, 0x0000000715200000| Untracked 
| 199|0x0000000715300000, 0x0000000715300000, 0x0000000715400000|  0%| F|  |TAMS 0x0000000715300000, 0x0000000715300000| Untracked 
| 200|0x0000000715400000, 0x0000000715400000, 0x0000000715500000|  0%| F|  |TAMS 0x0000000715400000, 0x0000000715400000| Untracked 
| 201|0x0000000715500000, 0x0000000715500000, 0x0000000715600000|  0%| F|  |TAMS 0x0000000715500000, 0x0000000715500000| Untracked 
| 202|0x0000000715600000, 0x0000000715600000, 0x0000000715700000|  0%| F|  |TAMS 0x0000000715600000, 0x0000000715600000| Untracked 
| 203|0x0000000715700000, 0x0000000715700000, 0x0000000715800000|  0%| F|  |TAMS 0x0000000715700000, 0x0000000715700000| Untracked 
| 204|0x0000000715800000, 0x0000000715800000, 0x0000000715900000|  0%| F|  |TAMS 0x0000000715800000, 0x0000000715800000| Untracked 
| 205|0x0000000715900000, 0x0000000715900000, 0x0000000715a00000|  0%| F|  |TAMS 0x0000000715900000, 0x0000000715900000| Untracked 
| 206|0x0000000715a00000, 0x0000000715a00000, 0x0000000715b00000|  0%| F|  |TAMS 0x0000000715a00000, 0x0000000715a00000| Untracked 
| 207|0x0000000715b00000, 0x0000000715b00000, 0x0000000715c00000|  0%| F|  |TAMS 0x0000000715b00000, 0x0000000715b00000| Untracked 
| 208|0x0000000715c00000, 0x0000000715c00000, 0x0000000715d00000|  0%| F|  |TAMS 0x0000000715c00000, 0x0000000715c00000| Untracked 
| 209|0x0000000715d00000, 0x0000000715d00000, 0x0000000715e00000|  0%| F|  |TAMS 0x0000000715d00000, 0x0000000715d00000| Untracked 
| 210|0x0000000715e00000, 0x0000000715e00000, 0x0000000715f00000|  0%| F|  |TAMS 0x0000000715e00000, 0x0000000715e00000| Untracked 
| 211|0x0000000715f00000, 0x0000000715f00000, 0x0000000716000000|  0%| F|  |TAMS 0x0000000715f00000, 0x0000000715f00000| Untracked 
| 212|0x0000000716000000, 0x0000000716000000, 0x0000000716100000|  0%| F|  |TAMS 0x0000000716000000, 0x0000000716000000| Untracked 
| 213|0x0000000716100000, 0x0000000716100000, 0x0000000716200000|  0%| F|  |TAMS 0x0000000716100000, 0x0000000716100000| Untracked 
| 214|0x0000000716200000, 0x0000000716200000, 0x0000000716300000|  0%| F|  |TAMS 0x0000000716200000, 0x0000000716200000| Untracked 
| 215|0x0000000716300000, 0x0000000716300000, 0x0000000716400000|  0%| F|  |TAMS 0x0000000716300000, 0x0000000716300000| Untracked 
| 216|0x0000000716400000, 0x0000000716400000, 0x0000000716500000|  0%| F|  |TAMS 0x0000000716400000, 0x0000000716400000| Untracked 
| 217|0x0000000716500000, 0x0000000716500000, 0x0000000716600000|  0%| F|  |TAMS 0x0000000716500000, 0x0000000716500000| Untracked 
| 218|0x0000000716600000, 0x0000000716600000, 0x0000000716700000|  0%| F|  |TAMS 0x0000000716600000, 0x0000000716600000| Untracked 
| 219|0x0000000716700000, 0x0000000716700000, 0x0000000716800000|  0%| F|  |TAMS 0x0000000716700000, 0x0000000716700000| Untracked 
| 220|0x0000000716800000, 0x0000000716800000, 0x0000000716900000|  0%| F|  |TAMS 0x0000000716800000, 0x0000000716800000| Untracked 
| 221|0x0000000716900000, 0x0000000716900000, 0x0000000716a00000|  0%| F|  |TAMS 0x0000000716900000, 0x0000000716900000| Untracked 
| 222|0x0000000716a00000, 0x0000000716a00000, 0x0000000716b00000|  0%| F|  |TAMS 0x0000000716a00000, 0x0000000716a00000| Untracked 
| 223|0x0000000716b00000, 0x0000000716b00000, 0x0000000716c00000|  0%| F|  |TAMS 0x0000000716b00000, 0x0000000716b00000| Untracked 
| 224|0x0000000716c00000, 0x0000000716c00000, 0x0000000716d00000|  0%| F|  |TAMS 0x0000000716c00000, 0x0000000716c00000| Untracked 
| 225|0x0000000716d00000, 0x0000000716d00000, 0x0000000716e00000|  0%| F|  |TAMS 0x0000000716d00000, 0x0000000716d00000| Untracked 
| 226|0x0000000716e00000, 0x0000000716e00000, 0x0000000716f00000|  0%| F|  |TAMS 0x0000000716e00000, 0x0000000716e00000| Untracked 
| 227|0x0000000716f00000, 0x0000000716f00000, 0x0000000717000000|  0%| F|  |TAMS 0x0000000716f00000, 0x0000000716f00000| Untracked 
| 228|0x0000000717000000, 0x0000000717000000, 0x0000000717100000|  0%| F|  |TAMS 0x0000000717000000, 0x0000000717000000| Untracked 
| 229|0x0000000717100000, 0x0000000717100000, 0x0000000717200000|  0%| F|  |TAMS 0x0000000717100000, 0x0000000717100000| Untracked 
| 230|0x0000000717200000, 0x0000000717200000, 0x0000000717300000|  0%| F|  |TAMS 0x0000000717200000, 0x0000000717200000| Untracked 
| 231|0x0000000717300000, 0x0000000717300000, 0x0000000717400000|  0%| F|  |TAMS 0x0000000717300000, 0x0000000717300000| Untracked 
| 232|0x0000000717400000, 0x0000000717400000, 0x0000000717500000|  0%| F|  |TAMS 0x0000000717400000, 0x0000000717400000| Untracked 
| 233|0x0000000717500000, 0x0000000717500000, 0x0000000717600000|  0%| F|  |TAMS 0x0000000717500000, 0x0000000717500000| Untracked 
| 234|0x0000000717600000, 0x0000000717600000, 0x0000000717700000|  0%| F|  |TAMS 0x0000000717600000, 0x0000000717600000| Untracked 
| 235|0x0000000717700000, 0x0000000717700000, 0x0000000717800000|  0%| F|  |TAMS 0x0000000717700000, 0x0000000717700000| Untracked 
| 236|0x0000000717800000, 0x0000000717800000, 0x0000000717900000|  0%| F|  |TAMS 0x0000000717800000, 0x0000000717800000| Untracked 
| 237|0x0000000717900000, 0x0000000717900000, 0x0000000717a00000|  0%| F|  |TAMS 0x0000000717900000, 0x0000000717900000| Untracked 
| 238|0x0000000717a00000, 0x0000000717a00000, 0x0000000717b00000|  0%| F|  |TAMS 0x0000000717a00000, 0x0000000717a00000| Untracked 
| 239|0x0000000717b00000, 0x0000000717b00000, 0x0000000717c00000|  0%| F|  |TAMS 0x0000000717b00000, 0x0000000717b00000| Untracked 
| 240|0x0000000717c00000, 0x0000000717c00000, 0x0000000717d00000|  0%| F|  |TAMS 0x0000000717c00000, 0x0000000717c00000| Untracked 
| 241|0x0000000717d00000, 0x0000000717d00000, 0x0000000717e00000|  0%| F|  |TAMS 0x0000000717d00000, 0x0000000717d00000| Untracked 
| 242|0x0000000717e00000, 0x0000000717e00000, 0x0000000717f00000|  0%| F|  |TAMS 0x0000000717e00000, 0x0000000717e00000| Untracked 
| 243|0x0000000717f00000, 0x0000000717f00000, 0x0000000718000000|  0%| F|  |TAMS 0x0000000717f00000, 0x0000000717f00000| Untracked 
| 244|0x0000000718000000, 0x0000000718000000, 0x0000000718100000|  0%| F|  |TAMS 0x0000000718000000, 0x0000000718000000| Untracked 
| 245|0x0000000718100000, 0x0000000718100000, 0x0000000718200000|  0%| F|  |TAMS 0x0000000718100000, 0x0000000718100000| Untracked 
| 246|0x0000000718200000, 0x0000000718200000, 0x0000000718300000|  0%| F|  |TAMS 0x0000000718200000, 0x0000000718200000| Untracked 
| 247|0x0000000718300000, 0x0000000718300000, 0x0000000718400000|  0%| F|  |TAMS 0x0000000718300000, 0x0000000718300000| Untracked 
| 248|0x0000000718400000, 0x0000000718400000, 0x0000000718500000|  0%| F|  |TAMS 0x0000000718400000, 0x0000000718400000| Untracked 
| 249|0x0000000718500000, 0x0000000718500000, 0x0000000718600000|  0%| F|  |TAMS 0x0000000718500000, 0x0000000718500000| Untracked 
| 250|0x0000000718600000, 0x0000000718600000, 0x0000000718700000|  0%| F|  |TAMS 0x0000000718600000, 0x0000000718600000| Untracked 
| 251|0x0000000718700000, 0x0000000718700000, 0x0000000718800000|  0%| F|  |TAMS 0x0000000718700000, 0x0000000718700000| Untracked 
| 252|0x0000000718800000, 0x0000000718800000, 0x0000000718900000|  0%| F|  |TAMS 0x0000000718800000, 0x0000000718800000| Untracked 
| 253|0x0000000718900000, 0x0000000718900000, 0x0000000718a00000|  0%| F|  |TAMS 0x0000000718900000, 0x0000000718900000| Untracked 
| 254|0x0000000718a00000, 0x0000000718a00000, 0x0000000718b00000|  0%| F|  |TAMS 0x0000000718a00000, 0x0000000718a00000| Untracked 
| 255|0x0000000718b00000, 0x0000000718b00000, 0x0000000718c00000|  0%| F|  |TAMS 0x0000000718b00000, 0x0000000718b00000| Untracked 
| 256|0x0000000718c00000, 0x0000000718c00000, 0x0000000718d00000|  0%| F|  |TAMS 0x0000000718c00000, 0x0000000718c00000| Untracked 
| 257|0x0000000718d00000, 0x0000000718d00000, 0x0000000718e00000|  0%| F|  |TAMS 0x0000000718d00000, 0x0000000718d00000| Untracked 
| 258|0x0000000718e00000, 0x0000000718e00000, 0x0000000718f00000|  0%| F|  |TAMS 0x0000000718e00000, 0x0000000718e00000| Untracked 
| 259|0x0000000718f00000, 0x0000000718f00000, 0x0000000719000000|  0%| F|  |TAMS 0x0000000718f00000, 0x0000000718f00000| Untracked 
| 260|0x0000000719000000, 0x0000000719000000, 0x0000000719100000|  0%| F|  |TAMS 0x0000000719000000, 0x0000000719000000| Untracked 
| 261|0x0000000719100000, 0x0000000719100000, 0x0000000719200000|  0%| F|  |TAMS 0x0000000719100000, 0x0000000719100000| Untracked 
| 262|0x0000000719200000, 0x0000000719200000, 0x0000000719300000|  0%| F|  |TAMS 0x0000000719200000, 0x0000000719200000| Untracked 
| 263|0x0000000719300000, 0x00000007193942a0, 0x0000000719400000| 57%| S|CS|TAMS 0x0000000719300000, 0x0000000719300000| Complete 
| 264|0x0000000719400000, 0x0000000719500000, 0x0000000719500000|100%| S|CS|TAMS 0x0000000719400000, 0x0000000719400000| Complete 
| 265|0x0000000719500000, 0x0000000719600000, 0x0000000719600000|100%| S|CS|TAMS 0x0000000719500000, 0x0000000719500000| Complete 
| 266|0x0000000719600000, 0x0000000719700000, 0x0000000719700000|100%| S|CS|TAMS 0x0000000719600000, 0x0000000719600000| Complete 
| 267|0x0000000719700000, 0x0000000719800000, 0x0000000719800000|100%| S|CS|TAMS 0x0000000719700000, 0x0000000719700000| Complete 
| 268|0x0000000719800000, 0x0000000719800000, 0x0000000719900000|  0%| F|  |TAMS 0x0000000719800000, 0x0000000719800000| Untracked 
| 269|0x0000000719900000, 0x0000000719900000, 0x0000000719a00000|  0%| F|  |TAMS 0x0000000719900000, 0x0000000719900000| Untracked 
| 270|0x0000000719a00000, 0x0000000719a00000, 0x0000000719b00000|  0%| F|  |TAMS 0x0000000719a00000, 0x0000000719a00000| Untracked 
| 271|0x0000000719b00000, 0x0000000719b00000, 0x0000000719c00000|  0%| F|  |TAMS 0x0000000719b00000, 0x0000000719b00000| Untracked 
| 272|0x0000000719c00000, 0x0000000719c00000, 0x0000000719d00000|  0%| F|  |TAMS 0x0000000719c00000, 0x0000000719c00000| Untracked 
| 273|0x0000000719d00000, 0x0000000719d00000, 0x0000000719e00000|  0%| F|  |TAMS 0x0000000719d00000, 0x0000000719d00000| Untracked 
| 274|0x0000000719e00000, 0x0000000719e00000, 0x0000000719f00000|  0%| F|  |TAMS 0x0000000719e00000, 0x0000000719e00000| Untracked 
| 275|0x0000000719f00000, 0x0000000719f00000, 0x000000071a000000|  0%| F|  |TAMS 0x0000000719f00000, 0x0000000719f00000| Untracked 
| 276|0x000000071a000000, 0x000000071a000000, 0x000000071a100000|  0%| F|  |TAMS 0x000000071a000000, 0x000000071a000000| Untracked 
| 277|0x000000071a100000, 0x000000071a100000, 0x000000071a200000|  0%| F|  |TAMS 0x000000071a100000, 0x000000071a100000| Untracked 
| 278|0x000000071a200000, 0x000000071a200000, 0x000000071a300000|  0%| F|  |TAMS 0x000000071a200000, 0x000000071a200000| Untracked 
| 279|0x000000071a300000, 0x000000071a300000, 0x000000071a400000|  0%| F|  |TAMS 0x000000071a300000, 0x000000071a300000| Untracked 
| 280|0x000000071a400000, 0x000000071a400000, 0x000000071a500000|  0%| F|  |TAMS 0x000000071a400000, 0x000000071a400000| Untracked 
| 281|0x000000071a500000, 0x000000071a500000, 0x000000071a600000|  0%| F|  |TAMS 0x000000071a500000, 0x000000071a500000| Untracked 
| 282|0x000000071a600000, 0x000000071a600000, 0x000000071a700000|  0%| F|  |TAMS 0x000000071a600000, 0x000000071a600000| Untracked 
| 283|0x000000071a700000, 0x000000071a700000, 0x000000071a800000|  0%| F|  |TAMS 0x000000071a700000, 0x000000071a700000| Untracked 
| 284|0x000000071a800000, 0x000000071a800000, 0x000000071a900000|  0%| F|  |TAMS 0x000000071a800000, 0x000000071a800000| Untracked 
| 285|0x000000071a900000, 0x000000071a900000, 0x000000071aa00000|  0%| F|  |TAMS 0x000000071a900000, 0x000000071a900000| Untracked 
| 286|0x000000071aa00000, 0x000000071aa00000, 0x000000071ab00000|  0%| F|  |TAMS 0x000000071aa00000, 0x000000071aa00000| Untracked 
| 287|0x000000071ab00000, 0x000000071ab00000, 0x000000071ac00000|  0%| F|  |TAMS 0x000000071ab00000, 0x000000071ab00000| Untracked 
| 288|0x000000071ac00000, 0x000000071ac00000, 0x000000071ad00000|  0%| F|  |TAMS 0x000000071ac00000, 0x000000071ac00000| Untracked 
| 289|0x000000071ad00000, 0x000000071ad00000, 0x000000071ae00000|  0%| F|  |TAMS 0x000000071ad00000, 0x000000071ad00000| Untracked 
| 290|0x000000071ae00000, 0x000000071ae00000, 0x000000071af00000|  0%| F|  |TAMS 0x000000071ae00000, 0x000000071ae00000| Untracked 
| 291|0x000000071af00000, 0x000000071af00000, 0x000000071b000000|  0%| F|  |TAMS 0x000000071af00000, 0x000000071af00000| Untracked 
| 292|0x000000071b000000, 0x000000071b000000, 0x000000071b100000|  0%| F|  |TAMS 0x000000071b000000, 0x000000071b000000| Untracked 
| 293|0x000000071b100000, 0x000000071b100000, 0x000000071b200000|  0%| F|  |TAMS 0x000000071b100000, 0x000000071b100000| Untracked 
| 294|0x000000071b200000, 0x000000071b200000, 0x000000071b300000|  0%| F|  |TAMS 0x000000071b200000, 0x000000071b200000| Untracked 
| 295|0x000000071b300000, 0x000000071b300000, 0x000000071b400000|  0%| F|  |TAMS 0x000000071b300000, 0x000000071b300000| Untracked 
| 296|0x000000071b400000, 0x000000071b500000, 0x000000071b500000|100%| E|  |TAMS 0x000000071b400000, 0x000000071b400000| Complete 
| 297|0x000000071b500000, 0x000000071b600000, 0x000000071b600000|100%| E|CS|TAMS 0x000000071b500000, 0x000000071b500000| Complete 

Card table byte_map: [0x000001a57d390000,0x000001a57db50000] _byte_map_base: 0x000001a579b4a000

Marking Bits (Prev, Next): (CMBitMap*) 0x000001a579020488, (CMBitMap*) 0x000001a5790204c0
 Prev Bits: [0x000001a50f000000, 0x000001a512dd0000)
 Next Bits: [0x000001a512dd0000, 0x000001a516ba0000)

Polling page: 0x000001a576f50000

Metaspace:

Usage:
  Non-class:     52.13 MB capacity,    51.69 MB (>99%) used,   358.29 KB ( <1%) free+waste,    96.13 KB ( <1%) overhead. 
      Class:      6.90 MB capacity,     6.62 MB ( 96%) used,   242.94 KB (  3%) free+waste,    42.56 KB ( <1%) overhead. 
       Both:     59.03 MB capacity,    58.31 MB ( 99%) used,   601.23 KB ( <1%) free+waste,   138.69 KB ( <1%) overhead. 

Virtual space:
  Non-class space:       54.00 MB reserved,      52.21 MB ( 97%) committed 
      Class space:        1.00 GB reserved,       7.00 MB ( <1%) committed 
             Both:        1.05 GB reserved,      59.21 MB (  5%) committed 

Chunk freelists:
   Non-Class:  6.00 KB
       Class:  9.00 KB
        Both:  15.00 KB

MaxMetaspaceSize: 17179869184.00 GB
CompressedClassSpaceSize: 1.00 GB

CodeHeap 'non-profiled nmethods': size=120064Kb used=3048Kb max_used=3048Kb free=117015Kb
 bounds [0x000001a507ac0000, 0x000001a507dc0000, 0x000001a50f000000]
CodeHeap 'profiled nmethods': size=120000Kb used=15139Kb max_used=15139Kb free=104860Kb
 bounds [0x000001a500590000, 0x000001a501460000, 0x000001a507ac0000]
CodeHeap 'non-nmethods': size=5696Kb used=1225Kb max_used=1286Kb free=4470Kb
 bounds [0x000001a500000000, 0x000001a500270000, 0x000001a500590000]
 total_blobs=7788 nmethods=7207 adapters=490
 compilation: enabled
              stopped_count=0, restarted_count=0
 full_count=0

Compilation events (20 events):
Event: 4.740 Thread 0x000001a57f5b0800 7215       2       org.jetbrains.kotlin.resolve.calls.inference.model.NewConstraintSystemImpl::argumentsCount (18 bytes)
Event: 4.740 Thread 0x000001a57f5b0800 nmethod 7215 0x000001a50143d690 code [0x000001a50143d880, 0x000001a50143db68]
Event: 4.740 Thread 0x000001a57f5b0800 7217       2       org.jetbrains.kotlin.types.checker.ClassicTypeSystemContextKt::access$containsInternal (6 bytes)
Event: 4.741 Thread 0x000001a57f5b0800 nmethod 7217 0x000001a50143dd90 code [0x000001a50143dfe0, 0x000001a50143e478]
Event: 4.741 Thread 0x000001a57f5b0800 7218       2       org.jetbrains.kotlin.types.checker.ClassicTypeSystemContextKt::containsInternal (6 bytes)
Event: 4.741 Thread 0x000001a57f5b0800 nmethod 7218 0x000001a50143e790 code [0x000001a50143e9e0, 0x000001a50143ee78]
Event: 4.741 Thread 0x000001a57f5b0800 7216       2       org.jetbrains.kotlin.resolve.calls.inference.model.NewConstraintSystemImpl::checkState (22 bytes)
Event: 4.741 Thread 0x000001a57f5b0800 nmethod 7216 0x000001a50143f190 code [0x000001a50143f360, 0x000001a50143f628]
Event: 4.741 Thread 0x000001a57f5b0800 7220       2       org.jetbrains.kotlin.resolve.calls.components.ClassicTypeSystemContextForCS::isError (9 bytes)
Event: 4.741 Thread 0x000001a57f5b0800 nmethod 7220 0x000001a50143f710 code [0x000001a50143f8c0, 0x000001a50143f9c8]
Event: 4.741 Thread 0x000001a57f5b0800 7219       1       org.jetbrains.kotlin.resolve.calls.inference.model.InitialConstraint::getPosition (5 bytes)
Event: 4.741 Thread 0x000001a57f5b0800 nmethod 7219 0x000001a507db2290 code [0x000001a507db2440, 0x000001a507db24f8]
Event: 4.742 Thread 0x000001a57f5b0800 7221       1       org.jetbrains.kotlin.types.AbstractTypeApproximator::getCtx (5 bytes)
Event: 4.742 Thread 0x000001a57f5b0800 nmethod 7221 0x000001a507db2590 code [0x000001a507db2740, 0x000001a507db27f8]
Event: 4.742 Thread 0x000001a57f5b0800 7222       2       org.jetbrains.kotlin.resolve.calls.components.ClassicTypeSystemContextForCS::isIntegerLiteralTypeConstructor (9 bytes)
Event: 4.742 Thread 0x000001a57f5b0800 nmethod 7222 0x000001a50143fa90 code [0x000001a50143fc40, 0x000001a50143fd48]
Event: 4.742 Thread 0x000001a57f5b0800 7223       1       org.jetbrains.kotlin.types.TypeApproximatorConfiguration::getLocalTypes (5 bytes)
Event: 4.742 Thread 0x000001a57f5b0800 nmethod 7223 0x000001a507db2890 code [0x000001a507db2a40, 0x000001a507db2af8]
Event: 4.743 Thread 0x000001a57f5b0800 7224       1       org.jetbrains.kotlin.resolve.calls.smartcasts.DataFlowInfoImpl::getCompleteNullabilityInfo (5 bytes)
Event: 4.743 Thread 0x000001a57f5b0800 nmethod 7224 0x000001a507db2b90 code [0x000001a507db2d40, 0x000001a507db2df8]

GC Heap History (16 events):
Event: 0.352 GC heap before
{Heap before GC invocations=0 (full 0):
 garbage-first heap   total 253952K, used 25600K [0x0000000708c00000, 0x0000000800000000)
  region size 1024K, 22 young (22528K), 0 survivors (0K)
 Metaspace       used 11573K, capacity 11698K, committed 11904K, reserved 1060864K
  class space    used 1068K, capacity 1109K, committed 1152K, reserved 1048576K
}
Event: 0.354 GC heap after
{Heap after GC invocations=1 (full 0):
 garbage-first heap   total 253952K, used 5710K [0x0000000708c00000, 0x0000000800000000)
  region size 1024K, 3 young (3072K), 3 survivors (3072K)
 Metaspace       used 11573K, capacity 11698K, committed 11904K, reserved 1060864K
  class space    used 1068K, capacity 1109K, committed 1152K, reserved 1048576K
}
Event: 0.855 GC heap before
{Heap before GC invocations=1 (full 0):
 garbage-first heap   total 253952K, used 43598K [0x0000000708c00000, 0x0000000800000000)
  region size 1024K, 41 young (41984K), 3 survivors (3072K)
 Metaspace       used 20906K, capacity 21142K, committed 21296K, reserved 1069056K
  class space    used 2261K, capacity 2347K, committed 2432K, reserved 1048576K
}
Event: 0.864 GC heap after
{Heap after GC invocations=2 (full 0):
 garbage-first heap   total 253952K, used 9336K [0x0000000708c00000, 0x0000000800000000)
  region size 1024K, 7 young (7168K), 7 survivors (7168K)
 Metaspace       used 20906K, capacity 21142K, committed 21296K, reserved 1069056K
  class space    used 2261K, capacity 2347K, committed 2432K, reserved 1048576K
}
Event: 1.955 GC heap before
{Heap before GC invocations=3 (full 0):
 garbage-first heap   total 253952K, used 64632K [0x0000000708c00000, 0x0000000800000000)
  region size 1024K, 56 young (57344K), 7 survivors (7168K)
 Metaspace       used 31690K, capacity 32227K, committed 32688K, reserved 1077248K
  class space    used 3775K, capacity 3973K, committed 4096K, reserved 1048576K
}
Event: 1.964 GC heap after
{Heap after GC invocations=4 (full 0):
 garbage-first heap   total 253952K, used 21668K [0x0000000708c00000, 0x0000000800000000)
  region size 1024K, 7 young (7168K), 7 survivors (7168K)
 Metaspace       used 31690K, capacity 32227K, committed 32688K, reserved 1077248K
  class space    used 3775K, capacity 3973K, committed 4096K, reserved 1048576K
}
Event: 2.138 GC heap before
{Heap before GC invocations=4 (full 0):
 garbage-first heap   total 253952K, used 37028K [0x0000000708c00000, 0x0000000800000000)
  region size 1024K, 23 young (23552K), 7 survivors (7168K)
 Metaspace       used 35252K, capacity 35721K, committed 35920K, reserved 1081344K
  class space    used 4374K, capacity 4583K, committed 4608K, reserved 1048576K
}
Event: 2.142 GC heap after
{Heap after GC invocations=5 (full 0):
 garbage-first heap   total 253952K, used 23425K [0x0000000708c00000, 0x0000000800000000)
  region size 1024K, 9 young (9216K), 9 survivors (9216K)
 Metaspace       used 35252K, capacity 35721K, committed 35920K, reserved 1081344K
  class space    used 4374K, capacity 4583K, committed 4608K, reserved 1048576K
}
Event: 2.873 GC heap before
{Heap before GC invocations=6 (full 0):
 garbage-first heap   total 253952K, used 89985K [0x0000000708c00000, 0x0000000800000000)
  region size 1024K, 72 young (73728K), 9 survivors (9216K)
 Metaspace       used 46812K, capacity 47446K, committed 47568K, reserved 1091584K
  class space    used 5514K, capacity 5752K, committed 5760K, reserved 1048576K
}
Event: 2.886 GC heap after
{Heap after GC invocations=7 (full 0):
 garbage-first heap   total 305152K, used 30865K [0x0000000708c00000, 0x0000000800000000)
  region size 1024K, 9 young (9216K), 9 survivors (9216K)
 Metaspace       used 46812K, capacity 47446K, committed 47568K, reserved 1091584K
  class space    used 5514K, capacity 5752K, committed 5760K, reserved 1048576K
}
Event: 4.299 GC heap before
{Heap before GC invocations=7 (full 0):
 garbage-first heap   total 305152K, used 174225K [0x0000000708c00000, 0x0000000800000000)
  region size 1024K, 148 young (151552K), 9 survivors (9216K)
 Metaspace       used 57878K, capacity 58585K, committed 58704K, reserved 1101824K
  class space    used 6601K, capacity 6874K, committed 6912K, reserved 1048576K
}
Event: 4.321 GC heap after
{Heap after GC invocations=8 (full 0):
 garbage-first heap   total 305152K, used 51905K [0x0000000708c00000, 0x0000000800000000)
  region size 1024K, 19 young (19456K), 19 survivors (19456K)
 Metaspace       used 57878K, capacity 58585K, committed 58704K, reserved 1101824K
  class space    used 6601K, capacity 6874K, committed 6912K, reserved 1048576K
}
Event: 4.360 GC heap before
{Heap before GC invocations=8 (full 0):
 garbage-first heap   total 305152K, used 53953K [0x0000000708c00000, 0x0000000800000000)
  region size 1024K, 21 young (21504K), 19 survivors (19456K)
 Metaspace       used 58078K, capacity 58810K, committed 58960K, reserved 1101824K
  class space    used 6617K, capacity 6906K, committed 6912K, reserved 1048576K
}
Event: 4.376 GC heap after
{Heap after GC invocations=9 (full 0):
 garbage-first heap   total 305152K, used 55382K [0x0000000708c00000, 0x0000000800000000)
  region size 1024K, 3 young (3072K), 3 survivors (3072K)
 Metaspace       used 58078K, capacity 58810K, committed 58960K, reserved 1101824K
  class space    used 6617K, capacity 6906K, committed 6912K, reserved 1048576K
}
Event: 4.715 GC heap before
{Heap before GC invocations=9 (full 0):
 garbage-first heap   total 305152K, used 83030K [0x0000000708c00000, 0x0000000800000000)
  region size 1024K, 30 young (30720K), 3 survivors (3072K)
 Metaspace       used 59462K, capacity 60213K, committed 60296K, reserved 1103872K
  class space    used 6750K, capacity 7028K, committed 7040K, reserved 1048576K
}
Event: 4.721 GC heap after
{Heap after GC invocations=10 (full 0):
 garbage-first heap   total 305152K, used 57510K [0x0000000708c00000, 0x0000000800000000)
  region size 1024K, 5 young (5120K), 5 survivors (5120K)
 Metaspace       used 59462K, capacity 60213K, committed 60296K, reserved 1103872K
  class space    used 6750K, capacity 7028K, committed 7040K, reserved 1048576K
}

Deoptimization events (20 events):
Event: 4.586 Thread 0x000001a578fc4800 DEOPT PACKING pc=0x000001a507d8c678 sp=0x00000073c20fd0f0
Event: 4.586 Thread 0x000001a578fc4800 DEOPT UNPACKING pc=0x000001a5000268af sp=0x00000073c20fd030 mode 2
Event: 4.613 Thread 0x000001a578fc4800 Uncommon trap: trap_request=0xffffffbe fr.pc=0x000001a507d93470 relative=0x0000000000004c70
Event: 4.613 Thread 0x000001a578fc4800 Uncommon trap: reason=profile_predicate action=maybe_recompile pc=0x000001a507d93470 method=org.jetbrains.kotlin.cli.jvm.index.JvmDependenciesIndexImpl.search(Lorg/jetbrains/kotlin/cli/jvm/index/JvmDependenciesIndexImpl$SearchRequest;Lkotlin/jvm/functions
Event: 4.613 Thread 0x000001a578fc4800 DEOPT PACKING pc=0x000001a507d93470 sp=0x00000073c20fb230
Event: 4.613 Thread 0x000001a578fc4800 DEOPT UNPACKING pc=0x000001a5000268af sp=0x00000073c20fb238 mode 2
Event: 4.613 Thread 0x000001a578fc4800 Uncommon trap: trap_request=0xffffffbe fr.pc=0x000001a507d93470 relative=0x0000000000004c70
Event: 4.613 Thread 0x000001a578fc4800 Uncommon trap: reason=profile_predicate action=maybe_recompile pc=0x000001a507d93470 method=org.jetbrains.kotlin.cli.jvm.index.JvmDependenciesIndexImpl.search(Lorg/jetbrains/kotlin/cli/jvm/index/JvmDependenciesIndexImpl$SearchRequest;Lkotlin/jvm/functions
Event: 4.613 Thread 0x000001a578fc4800 DEOPT PACKING pc=0x000001a507d93470 sp=0x00000073c20fb2c0
Event: 4.613 Thread 0x000001a578fc4800 DEOPT UNPACKING pc=0x000001a5000268af sp=0x00000073c20fb2c8 mode 2
Event: 4.614 Thread 0x000001a578fc4800 Uncommon trap: trap_request=0xffffffbe fr.pc=0x000001a507d93470 relative=0x0000000000004c70
Event: 4.614 Thread 0x000001a578fc4800 Uncommon trap: reason=profile_predicate action=maybe_recompile pc=0x000001a507d93470 method=org.jetbrains.kotlin.cli.jvm.index.JvmDependenciesIndexImpl.search(Lorg/jetbrains/kotlin/cli/jvm/index/JvmDependenciesIndexImpl$SearchRequest;Lkotlin/jvm/functions
Event: 4.614 Thread 0x000001a578fc4800 DEOPT PACKING pc=0x000001a507d93470 sp=0x00000073c20f9e20
Event: 4.614 Thread 0x000001a578fc4800 DEOPT UNPACKING pc=0x000001a5000268af sp=0x00000073c20f9e28 mode 2
Event: 4.614 Thread 0x000001a578fc4800 Uncommon trap: trap_request=0xffffffbe fr.pc=0x000001a507cde970 relative=0x0000000000001bd0
Event: 4.614 Thread 0x000001a578fc4800 Uncommon trap: reason=profile_predicate action=maybe_recompile pc=0x000001a507cde970 method=org.jetbrains.kotlin.cli.jvm.index.JvmDependenciesIndexImpl.search(Lorg/jetbrains/kotlin/cli/jvm/index/JvmDependenciesIndexImpl$SearchRequest;Lkotlin/jvm/functions
Event: 4.614 Thread 0x000001a578fc4800 DEOPT PACKING pc=0x000001a507cde970 sp=0x00000073c20f9e40
Event: 4.614 Thread 0x000001a578fc4800 DEOPT UNPACKING pc=0x000001a5000268af sp=0x00000073c20f9e30 mode 2
Event: 4.628 Thread 0x000001a578fc4800 DEOPT PACKING pc=0x000001a500d2e6e1 sp=0x00000073c20fdf50
Event: 4.628 Thread 0x000001a578fc4800 DEOPT UNPACKING pc=0x000001a50002705e sp=0x00000073c20fd418 mode 0

Classes redefined (0 events):
No events

Internal exceptions (20 events):
Event: 1.694 Thread 0x000001a578fc4800 Exception <a 'java/lang/NoSuchMethodError'{0x0000000716943bc0}: 'int java.lang.invoke.DirectMethodHandle$Holder.invokeVirtual(java.lang.Object, java.lang.Object)'> (0x0000000716943bc0) thrown at [./src/hotspot/share/interpreter/linkResolver.cpp, line 773]
Event: 2.164 Thread 0x000001a578fc4800 Exception <a 'java/lang/NoSuchMethodError'{0x00000007182baec0}: 'java.lang.Object java.lang.invoke.DirectMethodHandle$Holder.invokeVirtual(java.lang.Object, java.lang.Object, java.lang.Object)'> (0x00000007182baec0) thrown at [./src/hotspot/share/interpreter/linkResolver.cpp, line 773]
Event: 2.537 Thread 0x000001a578fc4800 Exception <a 'java/lang/NoSuchMethodError'{0x000000071529bb20}: 'java.lang.Object java.lang.invoke.Invokers$Holder.linkToTargetMethod(java.lang.Object, int, java.lang.Object)'> (0x000000071529bb20) thrown at [./src/hotspot/share/interpreter/linkResolver.cpp, line 773]
Event: 2.846 Thread 0x000001a578fc4800 Exception <a 'java/lang/NoSuchMethodError'{0x0000000713d3de48}: 'java.lang.Object java.lang.invoke.DirectMethodHandle$Holder.invokeStatic(java.lang.Object, java.lang.Object, java.lang.Object, int)'> (0x0000000713d3de48) thrown at [./src/hotspot/share/interpreter/linkResolver.cpp, line 773]
Event: 2.846 Thread 0x000001a578fc4800 Exception <a 'java/lang/NoSuchMethodError'{0x0000000713d41ab8}: 'java.lang.Object java.lang.invoke.DirectMethodHandle$Holder.invokeSpecial(java.lang.Object, java.lang.Object, java.lang.Object, java.lang.Object, int)'> (0x0000000713d41ab8) thrown at [./src/hotspot/share/interpreter/linkResolver.cpp, line 773]
Event: 2.846 Thread 0x000001a578fc4800 Exception <a 'java/lang/NoSuchMethodError'{0x0000000713d44dc8}: 'java.lang.Object java.lang.invoke.Invokers$Holder.linkToTargetMethod(java.lang.Object, java.lang.Object, int, java.lang.Object)'> (0x0000000713d44dc8) thrown at [./src/hotspot/share/interpreter/linkResolver.cpp, line 773]
Event: 2.996 Thread 0x000001a578fc4800 Implicit null exception at 0x000001a507c5e55c to 0x000001a507c5eaf8
Event: 3.648 Thread 0x000001a578fc4800 Exception <a 'java/lang/NoSuchMethodError'{0x00000007166690a8}: 'java.lang.Object java.lang.invoke.Invokers$Holder.linkToTargetMethod(java.lang.Object, java.lang.Object, java.lang.Object, java.lang.Object, java.lang.Object, java.lang.Object)'> (0x00000007166690a8) thrown at [./src/hotspot/share/interpreter/linkResolver.cpp, line 773]
Event: 3.721 Thread 0x000001a578fc4800 Implicit null exception at 0x000001a507c117cc to 0x000001a507c118b4
Event: 3.945 Thread 0x000001a578fc4800 Exception <a 'java/lang/NoSuchMethodError'{0x0000000714eee810}: 'java.lang.Object java.lang.invoke.DirectMethodHandle$Holder.invokeSpecial(java.lang.Object, java.lang.Object, java.lang.Object, java.lang.Object, java.lang.Object, java.lang.Object, java.lang.Object, java.lang.Object, java.lang.Object)'> (0x0000000714eee810) thrown at [./src/hotspot/share/interpreter/linkResolver.cpp, line 773]
Event: 3.945 Thread 0x000001a578fc4800 Exception <a 'java/lang/NoSuchMethodError'{0x0000000714ef2a08}: 'java.lang.Object java.lang.invoke.Invokers$Holder.linkToTargetMethod(java.lang.Object, java.lang.Object, java.lang.Object, java.lang.Object, java.lang.Object, java.lang.Object, java.lang.Object, java.lang.Object)'> (0x0000000714ef2a08) thrown at [./src/hotspot/share/interpreter/linkResolver.cpp, line 773]
Event: 4.015 Thread 0x000001a578fc4800 Exception <a 'java/lang/NoSuchMethodError'{0x0000000714ab3168}: 'java.lang.Object java.lang.invoke.DirectMethodHandle$Holder.invokeStaticInit(java.lang.Object, java.lang.Object, java.lang.Object)'> (0x0000000714ab3168) thrown at [./src/hotspot/share/interpreter/linkResolver.cpp, line 773]
Event: 4.285 Thread 0x000001a578fc4800 Exception <a 'java/lang/NoSuchMethodError'{0x000000071230af88}: 'int java.lang.invoke.DirectMethodHandle$Holder.invokeStaticInit(java.lang.Object, int)'> (0x000000071230af88) thrown at [./src/hotspot/share/interpreter/linkResolver.cpp, line 773]
Event: 4.414 Thread 0x000001a578fc4800 Exception <a 'java/lang/NoSuchMethodError'{0x000000071b4ef890}: 'java.lang.Object java.lang.invoke.DirectMethodHandle$Holder.invokeStatic(java.lang.Object, int, java.lang.Object, java.lang.Object)'> (0x000000071b4ef890) thrown at [./src/hotspot/share/interpreter/linkResolver.cpp, line 773]
Event: 4.415 Thread 0x000001a578fc4800 Exception <a 'java/lang/NoSuchMethodError'{0x000000071b4f9d30}: 'int java.lang.invoke.DirectMethodHandle$Holder.invokeInterface(java.lang.Object, java.lang.Object)'> (0x000000071b4f9d30) thrown at [./src/hotspot/share/interpreter/linkResolver.cpp, line 773]
Event: 4.491 Thread 0x000001a578fc4800 Exception <a 'java/lang/NoSuchMethodError'{0x000000071a737d88}: 'java.lang.Object java.lang.invoke.Invokers$Holder.linkToTargetMethod(java.lang.Object, java.lang.Object, java.lang.Object, java.lang.Object, java.lang.Object, java.lang.Object, java.lang.Object)'> (0x000000071a737d88) thrown at [./src/hotspot/share/interpreter/linkResolver.cpp, line 773]
Event: 4.493 Thread 0x000001a578fc4800 Implicit null exception at 0x000001a507bd9a43 to 0x000001a507bd9bc8
Event: 4.493 Thread 0x000001a578fc4800 Implicit null exception at 0x000001a507b1a0f8 to 0x000001a507b1a18a
Event: 4.505 Thread 0x000001a578fc4800 Exception <a 'java/lang/NoSuchMethodError'{0x000000071a7b0988}: 'java.lang.Object java.lang.invoke.DirectMethodHandle$Holder.invokeInterface(java.lang.Object, java.lang.Object, java.lang.Object)'> (0x000000071a7b0988) thrown at [./src/hotspot/share/interpreter/linkResolver.cpp, line 773]
Event: 4.505 Thread 0x000001a578fc4800 Exception <a 'java/lang/IncompatibleClassChangeError'{0x000000071a7b3bb8}: Found class java.lang.Object, but interface was expected> (0x000000071a7b3bb8) thrown at [./src/hotspot/share/interpreter/linkResolver.cpp, line 839]

Events (20 events):
Event: 4.731 loading class org/jetbrains/kotlin/resolve/calls/model/PartialCallContainer$Companion
Event: 4.731 loading class org/jetbrains/kotlin/resolve/calls/model/PartialCallContainer$Companion done
Event: 4.731 loading class org/jetbrains/kotlin/types/TypeApproximatorConfiguration$AbstractCapturedTypesApproximation$typeVariable$1
Event: 4.731 loading class org/jetbrains/kotlin/types/TypeApproximatorConfiguration$AbstractCapturedTypesApproximation$typeVariable$1 done
Event: 4.732 loading class org/jetbrains/kotlin/types/TypeApproximatorConfiguration$IntegerLiteralsTypesApproximation$typeVariable$1
Event: 4.732 loading class org/jetbrains/kotlin/types/TypeApproximatorConfiguration$IntegerLiteralsTypesApproximation$typeVariable$1 done
Event: 4.733 loading class org/jetbrains/kotlin/resolve/calls/tower/SubKotlinCallArgumentImpl
Event: 4.733 loading class org/jetbrains/kotlin/resolve/calls/tower/SubKotlinCallArgumentImpl done
Event: 4.736 loading class kotlin/collections/builders/MapBuilder$KeysItr
Event: 4.736 loading class kotlin/collections/builders/MapBuilder$KeysItr done
Event: 4.736 loading class kotlin/collections/builders/MapBuilder$Itr
Event: 4.736 loading class kotlin/collections/builders/MapBuilder$Itr done
Event: 4.741 loading class org/jetbrains/kotlin/types/typeUtil/TypeUtilsKt$shouldBeUpdated$1
Event: 4.741 loading class org/jetbrains/kotlin/types/typeUtil/TypeUtilsKt$shouldBeUpdated$1 done
Event: 4.743 loading class javaslang/collection/HashArrayMappedTrieModule$LeafNodeIterator
Event: 4.743 loading class javaslang/collection/HashArrayMappedTrieModule$LeafNodeIterator done
Event: 4.744 loading class javaslang/Tuple2
Event: 4.744 loading class javaslang/Tuple2 done
Event: 4.744 loading class javaslang/collection/HashSet
Event: 4.744 loading class javaslang/collection/HashSet done


Dynamic libraries:
0x00007ff6ad120000 - 0x00007ff6ad12a000 	D:\androidstu\jre\bin\java.exe
0x00007ffb5f970000 - 0x00007ffb5fb65000 	C:\WINDOWS\SYSTEM32\ntdll.dll
0x00007ffb5e0c0000 - 0x00007ffb5e17d000 	C:\WINDOWS\System32\KERNEL32.DLL
0x00007ffb5d0a0000 - 0x00007ffb5d369000 	C:\WINDOWS\System32\KERNELBASE.dll
0x00007ffb5db00000 - 0x00007ffb5dbac000 	C:\WINDOWS\System32\ADVAPI32.DLL
0x00007ffb5edf0000 - 0x00007ffb5ee8e000 	C:\WINDOWS\System32\msvcrt.dll
0x00007ffb5f710000 - 0x00007ffb5f7ab000 	C:\WINDOWS\System32\sechost.dll
0x00007ffb5d9d0000 - 0x00007ffb5dafa000 	C:\WINDOWS\System32\RPCRT4.dll
0x00007ffb5d370000 - 0x00007ffb5d470000 	C:\WINDOWS\System32\ucrtbase.dll
0x00007ffb58c80000 - 0x00007ffb58c97000 	D:\androidstu\jre\bin\VCRUNTIME140.dll
0x00007ffb58ca0000 - 0x00007ffb58cb9000 	D:\androidstu\jre\bin\jli.dll
0x00007ffb5eb10000 - 0x00007ffb5ecb0000 	C:\WINDOWS\System32\USER32.dll
0x00007ffb5d890000 - 0x00007ffb5d8b2000 	C:\WINDOWS\System32\win32u.dll
0x00007ffb5f6d0000 - 0x00007ffb5f6fa000 	C:\WINDOWS\System32\GDI32.dll
0x00007ffb5d4a0000 - 0x00007ffb5d5ab000 	C:\WINDOWS\System32\gdi32full.dll
0x00007ffb5d710000 - 0x00007ffb5d7ad000 	C:\WINDOWS\System32\msvcp_win.dll
0x00007ffb464a0000 - 0x00007ffb4673a000 	C:\WINDOWS\WinSxS\amd64_microsoft.windows.common-controls_6595b64144ccf1df_6.0.19041.1110_none_60b5254171f9507e\COMCTL32.dll
0x00007ffb5eae0000 - 0x00007ffb5eb10000 	C:\WINDOWS\System32\IMM32.DLL
0x00007ffb326e0000 - 0x00007ffb3277d000 	D:\androidstu\jre\bin\msvcp140.dll
0x00007ffb1b2a0000 - 0x00007ffb1bd75000 	D:\androidstu\jre\bin\server\jvm.dll
0x00007ffb5e9b0000 - 0x00007ffb5e9b8000 	C:\WINDOWS\System32\PSAPI.DLL
0x00007ffb4c690000 - 0x00007ffb4c699000 	C:\WINDOWS\SYSTEM32\WSOCK32.dll
0x00007ffb5f390000 - 0x00007ffb5f3fb000 	C:\WINDOWS\System32\WS2_32.dll
0x00007ffb440f0000 - 0x00007ffb44117000 	C:\WINDOWS\SYSTEM32\WINMM.dll
0x00007ffb58ac0000 - 0x00007ffb58aca000 	C:\WINDOWS\SYSTEM32\VERSION.dll
0x00007ffb5afd0000 - 0x00007ffb5afe2000 	C:\WINDOWS\SYSTEM32\kernel.appcore.dll
0x00007ffb4a6b0000 - 0x00007ffb4a6c1000 	D:\androidstu\jre\bin\verify.dll
0x00007ffb4ce80000 - 0x00007ffb4d064000 	C:\WINDOWS\SYSTEM32\DBGHELP.DLL
0x00007ffb4aaa0000 - 0x00007ffb4aacc000 	C:\WINDOWS\SYSTEM32\dbgcore.DLL
0x00007ffb5d800000 - 0x00007ffb5d883000 	C:\WINDOWS\System32\bcryptPrimitives.dll
0x00007ffb49570000 - 0x00007ffb49599000 	D:\androidstu\jre\bin\java.dll
0x00007ffb4c610000 - 0x00007ffb4c61b000 	D:\androidstu\jre\bin\jimage.dll
0x00007ffb492f0000 - 0x00007ffb49308000 	D:\androidstu\jre\bin\zip.dll
0x00007ffb5e260000 - 0x00007ffb5e99f000 	C:\WINDOWS\System32\SHELL32.dll
0x00007ffb5b1d0000 - 0x00007ffb5b960000 	C:\WINDOWS\SYSTEM32\windows.storage.dll
0x00007ffb5dbb0000 - 0x00007ffb5df05000 	C:\WINDOWS\System32\combase.dll
0x00007ffb5ca30000 - 0x00007ffb5ca5c000 	C:\WINDOWS\SYSTEM32\Wldp.dll
0x00007ffb5f5c0000 - 0x00007ffb5f66e000 	C:\WINDOWS\System32\SHCORE.dll
0x00007ffb5f310000 - 0x00007ffb5f365000 	C:\WINDOWS\System32\shlwapi.dll
0x00007ffb5cfe0000 - 0x00007ffb5cfff000 	C:\WINDOWS\SYSTEM32\profapi.dll
0x00007ffb492d0000 - 0x00007ffb492ea000 	D:\androidstu\jre\bin\net.dll
0x00007ffb4fc00000 - 0x00007ffb4fd08000 	C:\WINDOWS\SYSTEM32\WINHTTP.dll
0x00007ffb5c790000 - 0x00007ffb5c7fa000 	C:\WINDOWS\system32\mswsock.dll
0x00007ffb492b0000 - 0x00007ffb492c4000 	D:\androidstu\jre\bin\nio.dll

dbghelp: loaded successfully - version: 4.0.5 - missing functions: none
symbol engine: initialized successfully - sym options: 0x614 - pdb path: .;D:\androidstu\jre\bin;C:\WINDOWS\SYSTEM32;C:\WINDOWS\WinSxS\amd64_microsoft.windows.common-controls_6595b64144ccf1df_6.0.19041.1110_none_60b5254171f9507e;D:\androidstu\jre\bin\server

VM Arguments:
java_command: org.jetbrains.kotlin.cli.jvm.K2JVMCompiler @C:\Users\JDKJ\Desktop\demo\demo\demo\app\build\20220615_79310107944211635.compiler.options
java_class_path (initial): C:\Users\JDKJ\.gradle\caches\modules-2\files-2.1\org.jetbrains.kotlin\kotlin-compiler-embeddable\1.6.10\88f2073f4020cdb83132cfe940ceb9a60aba54ea\kotlin-compiler-embeddable-1.6.10.jar;C:\Users\JDKJ\.gradle\caches\modules-2\files-2.1\org.jetbrains.kotlin\kotlin-reflect\1.6.10\1cbe9c92c12a94eea200d23c2bbaedaf3daf5132\kotlin-reflect-1.6.10.jar;C:\Users\JDKJ\.gradle\caches\modules-2\files-2.1\org.jetbrains.kotlin\kotlin-stdlib\1.6.10\b8af3fe6f1ca88526914929add63cf5e7c5049af\kotlin-stdlib-1.6.10.jar;C:\Users\JDKJ\.gradle\caches\modules-2\files-2.1\org.jetbrains.kotlin\kotlin-script-runtime\1.6.10\d0a7ff2e2500ef497ed0214ae40ad3c8387a6164\kotlin-script-runtime-1.6.10.jar;C:\Users\JDKJ\.gradle\caches\modules-2\files-2.1\org.jetbrains.kotlin\kotlin-daemon-embeddable\1.6.10\a56d79bcbea411fa6058e4ecffc2de73e742bd2a\kotlin-daemon-embeddable-1.6.10.jar;C:\Users\JDKJ\.gradle\caches\modules-2\files-2.1\org.jetbrains.intellij.deps\trove4j\1.0.20181211\216c2e14b070f334479d800987affe4054cd563f\trove4j-1.0.20181211.jar;C:\Users\JDKJ\.gradle\caches\modules-2\files-2.1\net.java.dev.jna\jna\5.6.0\330f2244e9030119ab3030fc3fededc86713d9cc\jna-5.6.0.jar;C:\Users\JDKJ\.gradle\caches\modules-2\files-2.1\org.jetbrains\annotations\13.0\919f0dfe192fb4e063e7dacadee7f8bb9a2672a9\annotations-13.0.jar;C:\Users\JDKJ\.gradle\caches\modules-2\files-2.1\org.jetbrains.kotlin\kotlin-stdlib-common\1.6.10\c118700e3a33c8a0d9adc920e9dec0831171925\kotlin-stdlib-common-1.6.10.jar
Launcher Type: SUN_STANDARD

[Global flags]
     intx CICompilerCount                          = 3                                         {product} {ergonomic}
     uint ConcGCThreads                            = 2                                         {product} {ergonomic}
     uint G1ConcRefinementThreads                  = 6                                         {product} {ergonomic}
   size_t G1HeapRegionSize                         = 1048576                                   {product} {ergonomic}
    uintx GCDrainStackTargetSize                   = 64                                        {product} {ergonomic}
   size_t InitialHeapSize                          = 260046848                                 {product} {ergonomic}
   size_t MarkStackSize                            = 4194304                                   {product} {ergonomic}
   size_t MaxHeapSize                              = 4148166656                                {product} {ergonomic}
   size_t MaxNewSize                               = 2488270848                                {product} {ergonomic}
   size_t MinHeapDeltaBytes                        = 1048576                                   {product} {ergonomic}
    uintx NonNMethodCodeHeapSize                   = 5830732                                {pd product} {ergonomic}
    uintx NonProfiledCodeHeapSize                  = 122913754                              {pd product} {ergonomic}
    uintx ProfiledCodeHeapSize                     = 122913754                              {pd product} {ergonomic}
    uintx ReservedCodeCacheSize                    = 251658240                              {pd product} {ergonomic}
     bool SegmentedCodeCache                       = true                                      {product} {ergonomic}
     bool UseCompressedClassPointers               = true                                 {lp64_product} {ergonomic}
     bool UseCompressedOops                        = true                                 {lp64_product} {ergonomic}
     bool UseG1GC                                  = true                                      {product} {ergonomic}
     bool UseLargePagesIndividualAllocation        = false                                  {pd product} {ergonomic}

Logging:
Log output configuration:
 #0: stdout all=warning uptime,level,tags
 #1: stderr all=off uptime,level,tags

Environment Variables:
JAVA_HOME=C:\Program Files\Java\jdk1.8.0_261,;C:\Program Files\Java\jdk-11.0.13
CLASSPATH=.;C:\Program Files\Java\jdk1.8.0_261,;C:\Program Files\Java\jdk-11.0.13\lib\dt.jar;C:\Program Files\Java\jdk1.8.0_261,;C:\Program Files\Java\jdk-11.0.13\lib\tools.jar
PATH=C:\Program Files\Common Files\Oracle\Java\javapath;C:\Program Files (x86)\Common Files\Oracle\Java\javapath;C:\WINDOWS\system32;C:\WINDOWS;C:\WINDOWS\System32\Wbem;C:\WINDOWS\System32\WindowsPowerShell\v1.0\;C:\WINDOWS\System32\OpenSSH\;D:\JetBrains\IntelliJ IDEA 2020.2.1\plugins\maven\lib\maven3\bin;D:\TortoiseSVN\bin;C:\Program Files\Git\cmd;C:\Program Files\Java\jdk1.8.0_261,;C:\Program Files\Java\jdk-11.0.13\bin;C:\Program Files\Java\jdk1.8.0_261,;C:\Program Files\Java\jdk-11.0.13\jre\bin;C:\Users\JDKJ\.gradle\wrapper\dists\gradle-6.5-bin\bin;C:\Users\JDKJ\AppData\Local\Microsoft\WindowsApps;D:\flutter\flutter_windows_2.5.3-stable\flutter\bin;C:\Users\JDKJ\AppData\Local\Android\Sdk\build-tools\30.0.2;C:\Users\JDKJ\AppData\Local\Android\Sdk\build-tools\30.0.2\lib;;C:\Users\JDKJ\AppData\Local\Programs\Microsoft VS Code\bin
USERNAME=JDKJ
OS=Windows_NT
PROCESSOR_IDENTIFIER=Intel64 Family 6 Model 158 Stepping 10, GenuineIntel



---------------  S Y S T E M  ---------------

OS: Windows 10 , 64 bit Build 19041 (10.0.19041.1151)
OS uptime: 1 days 6:35 hours

CPU:total 6 (initial active 6) (6 cores per cpu, 1 threads per core) family 6 model 158 stepping 10 microcode 0xb4, cmov, cx8, fxsr, mmx, sse, sse2, sse3, ssse3, sse4.1, sse4.2, popcnt, avx, avx2, aes, clmul, erms, 3dnowpref, lzcnt, tsc, tscinvbit, bmi1, bmi2, adx, fma

Memory: 4k page, system-wide physical 15817M (2648M free)
TotalPageFile size 17069M (AvailPageFile size 5M)
current process WorkingSet (physical memory assigned to process): 407M, peak: 407M
current process commit charge ("private bytes"): 521M, peak: 523M

vm_info: OpenJDK 64-Bit Server VM (11.0.11+9-b60-7590822) for windows-amd64 JRE (11.0.11+9-b60-7590822), built on Jul 29 2021 21:43:44 by "builder" with MS VC++ 14.0 (VS2015)

END.
